2022-01-09 15:35:30.117  INFO 44600 --- [com.pluralsight.michaelhoffman.camel.orders.order.integration.OrdersIntegrationServiceApplication.main()] .o.i.OrdersIntegrationServiceApplication : Starting OrdersIntegrationServiceApplication using Java 11 on nv-hoffman-dell with PID 44600 (C:\dev\pluralsight\fundamentals-of-integration-with-apache-camel\project\fundamentals-of-integration-with-apache-camel\demos\module-6\orders-integration-service\target\classes started by mhoffman in C:\dev\pluralsight\fundamentals-of-integration-with-apache-camel\project\fundamentals-of-integration-with-apache-camel\demos\module-6\orders-integration-service)
2022-01-09 15:35:30.128 DEBUG 44600 --- [com.pluralsight.michaelhoffman.camel.orders.order.integration.OrdersIntegrationServiceApplication.main()] .o.i.OrdersIntegrationServiceApplication : Running with Spring Boot v2.5.2, Spring v5.3.8
2022-01-09 15:35:30.130  INFO 44600 --- [com.pluralsight.michaelhoffman.camel.orders.order.integration.OrdersIntegrationServiceApplication.main()] .o.i.OrdersIntegrationServiceApplication : No active profile set, falling back to default profiles: default
2022-01-09 15:35:30.175  INFO 44600 --- [com.pluralsight.michaelhoffman.camel.orders.order.integration.OrdersIntegrationServiceApplication.main()] .e.DevToolsPropertyDefaultsPostProcessor : For additional web related logging consider setting the 'logging.level.web' property to 'DEBUG'
2022-01-09 15:35:31.617  INFO 44600 --- [com.pluralsight.michaelhoffman.camel.orders.order.integration.OrdersIntegrationServiceApplication.main()] o.s.b.w.embedded.tomcat.TomcatWebServer  : Tomcat initialized with port(s): 8082 (http)
2022-01-09 15:35:31.631  INFO 44600 --- [com.pluralsight.michaelhoffman.camel.orders.order.integration.OrdersIntegrationServiceApplication.main()] o.apache.catalina.core.StandardService   : Starting service [Tomcat]
2022-01-09 15:35:31.631  INFO 44600 --- [com.pluralsight.michaelhoffman.camel.orders.order.integration.OrdersIntegrationServiceApplication.main()] org.apache.catalina.core.StandardEngine  : Starting Servlet engine: [Apache Tomcat/9.0.48]
2022-01-09 15:35:31.703  INFO 44600 --- [com.pluralsight.michaelhoffman.camel.orders.order.integration.OrdersIntegrationServiceApplication.main()] o.a.c.c.C.[Tomcat].[localhost].[/]       : Initializing Spring embedded WebApplicationContext
2022-01-09 15:35:31.704  INFO 44600 --- [com.pluralsight.michaelhoffman.camel.orders.order.integration.OrdersIntegrationServiceApplication.main()] w.s.c.ServletWebServerApplicationContext : Root WebApplicationContext: initialization completed in 1528 ms
2022-01-09 15:35:31.893  INFO 44600 --- [com.pluralsight.michaelhoffman.camel.orders.order.integration.OrdersIntegrationServiceApplication.main()] o.s.b.a.e.web.ServletEndpointRegistrar   : Registered '/actuator/jolokia' to jolokia-actuator-endpoint
2022-01-09 15:35:32.797  INFO 44600 --- [com.pluralsight.michaelhoffman.camel.orders.order.integration.OrdersIntegrationServiceApplication.main()] o.s.b.a.e.web.EndpointLinksResolver      : Exposing 15 endpoint(s) beneath base path '/actuator'
2022-01-09 15:35:32.878  INFO 44600 --- [com.pluralsight.michaelhoffman.camel.orders.order.integration.OrdersIntegrationServiceApplication.main()] o.a.c.c.s.CamelHttpTransportServlet      : Initialized CamelHttpTransportServlet[name=CamelServlet, contextPath=]
2022-01-09 15:35:32.881  INFO 44600 --- [com.pluralsight.michaelhoffman.camel.orders.order.integration.OrdersIntegrationServiceApplication.main()] o.s.b.w.embedded.tomcat.TomcatWebServer  : Tomcat started on port(s): 8082 (http) with context path ''
2022-01-09 15:35:32.993  INFO 44600 --- [com.pluralsight.michaelhoffman.camel.orders.order.integration.OrdersIntegrationServiceApplication.main()] o.a.c.management.JmxManagementStrategy   : JMX is enabled
2022-01-09 15:35:33.224  INFO 44600 --- [com.pluralsight.michaelhoffman.camel.orders.order.integration.OrdersIntegrationServiceApplication.main()] o.a.c.impl.engine.AbstractCamelContext   : Tracing is enabled on CamelContext: camel-1
2022-01-09 15:35:33.414  INFO 44600 --- [com.pluralsight.michaelhoffman.camel.orders.order.integration.OrdersIntegrationServiceApplication.main()] o.a.c.impl.engine.AbstractCamelContext   : Routes startup summary (total:1 started:1)
2022-01-09 15:35:33.415  INFO 44600 --- [com.pluralsight.michaelhoffman.camel.orders.order.integration.OrdersIntegrationServiceApplication.main()] o.a.c.impl.engine.AbstractCamelContext   :     Started route1 (rest://post:/order-integration:/event)
2022-01-09 15:35:33.416  INFO 44600 --- [com.pluralsight.michaelhoffman.camel.orders.order.integration.OrdersIntegrationServiceApplication.main()] o.a.c.impl.engine.AbstractCamelContext   : Apache Camel 3.11.0 (camel-1) started in 515ms (build:64ms init:259ms start:192ms)
2022-01-09 15:35:33.422  INFO 44600 --- [com.pluralsight.michaelhoffman.camel.orders.order.integration.OrdersIntegrationServiceApplication.main()] .o.i.OrdersIntegrationServiceApplication : Started OrdersIntegrationServiceApplication in 3.772 seconds (JVM running for 9.227)
2022-01-09 15:41:51.676  INFO 44600 --- [SpringApplicationShutdownHook] o.a.c.impl.engine.AbstractCamelContext   : Apache Camel 3.11.0 (camel-1) shutting down (timeout:45s)
2022-01-09 15:41:51.688  INFO 44600 --- [SpringApplicationShutdownHook] o.a.c.impl.engine.AbstractCamelContext   : Routes shutdown summary (total:1 stopped:1)
2022-01-09 15:41:51.688  INFO 44600 --- [SpringApplicationShutdownHook] o.a.c.impl.engine.AbstractCamelContext   :     Stopped route1 (rest://post:/order-integration:/event)
2022-01-09 15:41:51.692  INFO 44600 --- [SpringApplicationShutdownHook] o.a.c.impl.engine.AbstractCamelContext   : Apache Camel 3.11.0 (camel-1) shutdown in 16ms (uptime:6m18s)
2022-01-09 15:41:52.043  INFO 44600 --- [SpringApplicationShutdownHook] o.a.c.c.s.CamelHttpTransportServlet      : Destroyed CamelHttpTransportServlet[CamelServlet]
2022-01-09 15:48:19.149  INFO 33356 --- [com.pluralsight.michaelhoffman.camel.orders.order.integration.OrdersIntegrationServiceApplication.main()] .o.i.OrdersIntegrationServiceApplication : Starting OrdersIntegrationServiceApplication using Java 11 on nv-hoffman-dell with PID 33356 (C:\dev\pluralsight\fundamentals-of-integration-with-apache-camel\project\fundamentals-of-integration-with-apache-camel\demos\module-6\orders-integration-service\target\classes started by mhoffman in C:\dev\pluralsight\fundamentals-of-integration-with-apache-camel\project\fundamentals-of-integration-with-apache-camel\demos\module-6\orders-integration-service)
2022-01-09 15:48:19.154 DEBUG 33356 --- [com.pluralsight.michaelhoffman.camel.orders.order.integration.OrdersIntegrationServiceApplication.main()] .o.i.OrdersIntegrationServiceApplication : Running with Spring Boot v2.5.2, Spring v5.3.8
2022-01-09 15:48:19.155  INFO 33356 --- [com.pluralsight.michaelhoffman.camel.orders.order.integration.OrdersIntegrationServiceApplication.main()] .o.i.OrdersIntegrationServiceApplication : No active profile set, falling back to default profiles: default
2022-01-09 15:48:19.212  INFO 33356 --- [com.pluralsight.michaelhoffman.camel.orders.order.integration.OrdersIntegrationServiceApplication.main()] .e.DevToolsPropertyDefaultsPostProcessor : For additional web related logging consider setting the 'logging.level.web' property to 'DEBUG'
2022-01-09 15:48:21.565  INFO 33356 --- [com.pluralsight.michaelhoffman.camel.orders.order.integration.OrdersIntegrationServiceApplication.main()] o.s.b.w.embedded.tomcat.TomcatWebServer  : Tomcat initialized with port(s): 8082 (http)
2022-01-09 15:48:21.583  INFO 33356 --- [com.pluralsight.michaelhoffman.camel.orders.order.integration.OrdersIntegrationServiceApplication.main()] o.apache.catalina.core.StandardService   : Starting service [Tomcat]
2022-01-09 15:48:21.584  INFO 33356 --- [com.pluralsight.michaelhoffman.camel.orders.order.integration.OrdersIntegrationServiceApplication.main()] org.apache.catalina.core.StandardEngine  : Starting Servlet engine: [Apache Tomcat/9.0.48]
2022-01-09 15:48:21.669  INFO 33356 --- [com.pluralsight.michaelhoffman.camel.orders.order.integration.OrdersIntegrationServiceApplication.main()] o.a.c.c.C.[Tomcat].[localhost].[/]       : Initializing Spring embedded WebApplicationContext
2022-01-09 15:48:21.670  INFO 33356 --- [com.pluralsight.michaelhoffman.camel.orders.order.integration.OrdersIntegrationServiceApplication.main()] w.s.c.ServletWebServerApplicationContext : Root WebApplicationContext: initialization completed in 2457 ms
2022-01-09 15:48:21.915  INFO 33356 --- [com.pluralsight.michaelhoffman.camel.orders.order.integration.OrdersIntegrationServiceApplication.main()] o.s.b.a.e.web.ServletEndpointRegistrar   : Registered '/actuator/jolokia' to jolokia-actuator-endpoint
2022-01-09 15:48:23.175  INFO 33356 --- [com.pluralsight.michaelhoffman.camel.orders.order.integration.OrdersIntegrationServiceApplication.main()] o.s.b.a.e.web.EndpointLinksResolver      : Exposing 15 endpoint(s) beneath base path '/actuator'
2022-01-09 15:48:23.306  INFO 33356 --- [com.pluralsight.michaelhoffman.camel.orders.order.integration.OrdersIntegrationServiceApplication.main()] o.a.c.c.s.CamelHttpTransportServlet      : Initialized CamelHttpTransportServlet[name=CamelServlet, contextPath=]
2022-01-09 15:48:23.310  INFO 33356 --- [com.pluralsight.michaelhoffman.camel.orders.order.integration.OrdersIntegrationServiceApplication.main()] o.s.b.w.embedded.tomcat.TomcatWebServer  : Tomcat started on port(s): 8082 (http) with context path ''
2022-01-09 15:48:23.473  INFO 33356 --- [com.pluralsight.michaelhoffman.camel.orders.order.integration.OrdersIntegrationServiceApplication.main()] o.a.c.management.JmxManagementStrategy   : JMX is enabled
2022-01-09 15:48:23.777  INFO 33356 --- [com.pluralsight.michaelhoffman.camel.orders.order.integration.OrdersIntegrationServiceApplication.main()] o.a.c.impl.engine.AbstractCamelContext   : Tracing is enabled on CamelContext: camel-1
2022-01-09 15:48:24.083  INFO 33356 --- [com.pluralsight.michaelhoffman.camel.orders.order.integration.OrdersIntegrationServiceApplication.main()] o.a.c.impl.engine.AbstractCamelContext   : Routes startup summary (total:1 started:1)
2022-01-09 15:48:24.084  INFO 33356 --- [com.pluralsight.michaelhoffman.camel.orders.order.integration.OrdersIntegrationServiceApplication.main()] o.a.c.impl.engine.AbstractCamelContext   :     Started route1 (rest://post:/order-integration:/event)
2022-01-09 15:48:24.084  INFO 33356 --- [com.pluralsight.michaelhoffman.camel.orders.order.integration.OrdersIntegrationServiceApplication.main()] o.a.c.impl.engine.AbstractCamelContext   : Apache Camel 3.11.0 (camel-1) started in 756ms (build:101ms init:348ms start:307ms)
2022-01-09 15:48:24.092  INFO 33356 --- [com.pluralsight.michaelhoffman.camel.orders.order.integration.OrdersIntegrationServiceApplication.main()] .o.i.OrdersIntegrationServiceApplication : Started OrdersIntegrationServiceApplication in 5.506 seconds (JVM running for 11.083)
2022-01-09 15:52:13.104  INFO 33356 --- [http-nio-8082-exec-1] org.apache.camel.Tracing                 : *--> [route1      ] [from[rest://post:/order-integrati] Exchange[Id: 2A9DEE42AE62EF3-0000000000000000, BodyType: com.pluralsight.michaelhoffman.camel.orders.order.integration.OrderEvent, Body: OrderEvent(orderNumber=1, itemNumber=10, customerNumber=1000, customerName=My Account, shippingAddressLine1=1060 West Addison St., shippingAddressLine2=Suite 100, shippingCity=Chicago, shippingState=IL, shippingPostalCode=60606, eventType=order.event)]
2022-01-09 15:52:13.109  INFO 33356 --- [http-nio-8082-exec-1] org.apache.camel.Tracing                 :      [route1      ] [removeHeader[CamelHttpMethod]    ] Exchange[Id: 2A9DEE42AE62EF3-0000000000000000, BodyType: com.pluralsight.michaelhoffman.camel.orders.order.integration.OrderEvent, Body: OrderEvent(orderNumber=1, itemNumber=10, customerNumber=1000, customerName=My Account, shippingAddressLine1=1060 West Addison St., shippingAddressLine2=Suite 100, shippingCity=Chicago, shippingState=IL, shippingPostalCode=60606, eventType=order.event)]
2022-01-09 15:52:13.117  INFO 33356 --- [http-nio-8082-exec-1] org.apache.camel.Tracing                 :      [route1      ] [removeHeader[CamelHttpPath]      ] Exchange[Id: 2A9DEE42AE62EF3-0000000000000000, BodyType: com.pluralsight.michaelhoffman.camel.orders.order.integration.OrderEvent, Body: OrderEvent(orderNumber=1, itemNumber=10, customerNumber=1000, customerName=My Account, shippingAddressLine1=1060 West Addison St., shippingAddressLine2=Suite 100, shippingCity=Chicago, shippingState=IL, shippingPostalCode=60606, eventType=order.event)]
2022-01-09 15:52:13.119  INFO 33356 --- [http-nio-8082-exec-1] org.apache.camel.Tracing                 :      [route1      ] [removeHeader[CamelHttpUri]       ] Exchange[Id: 2A9DEE42AE62EF3-0000000000000000, BodyType: com.pluralsight.michaelhoffman.camel.orders.order.integration.OrderEvent, Body: OrderEvent(orderNumber=1, itemNumber=10, customerNumber=1000, customerName=My Account, shippingAddressLine1=1060 West Addison St., shippingAddressLine2=Suite 100, shippingCity=Chicago, shippingState=IL, shippingPostalCode=60606, eventType=order.event)]
2022-01-09 15:52:13.121  INFO 33356 --- [http-nio-8082-exec-1] org.apache.camel.Tracing                 :      [route1      ] [removeHeader[CamelHttpUrl]       ] Exchange[Id: 2A9DEE42AE62EF3-0000000000000000, BodyType: com.pluralsight.michaelhoffman.camel.orders.order.integration.OrderEvent, Body: OrderEvent(orderNumber=1, itemNumber=10, customerNumber=1000, customerName=My Account, shippingAddressLine1=1060 West Addison St., shippingAddressLine2=Suite 100, shippingCity=Chicago, shippingState=IL, shippingPostalCode=60606, eventType=order.event)]
2022-01-09 15:52:13.124  INFO 33356 --- [http-nio-8082-exec-1] org.apache.camel.Tracing                 :      [route1      ] [removeHeader[CamelServletContextP] Exchange[Id: 2A9DEE42AE62EF3-0000000000000000, BodyType: com.pluralsight.michaelhoffman.camel.orders.order.integration.OrderEvent, Body: OrderEvent(orderNumber=1, itemNumber=10, customerNumber=1000, customerName=My Account, shippingAddressLine1=1060 West Addison St., shippingAddressLine2=Suite 100, shippingCity=Chicago, shippingState=IL, shippingPostalCode=60606, eventType=order.event)]
2022-01-09 15:52:13.126  INFO 33356 --- [http-nio-8082-exec-1] org.apache.camel.Tracing                 :      [route1      ] [marshal[org.apache.camel.model.da] Exchange[Id: 2A9DEE42AE62EF3-0000000000000000, BodyType: com.pluralsight.michaelhoffman.camel.orders.order.integration.OrderEvent, Body: OrderEvent(orderNumber=1, itemNumber=10, customerNumber=1000, customerName=My Account, shippingAddressLine1=1060 West Addison St., shippingAddressLine2=Suite 100, shippingCity=Chicago, shippingState=IL, shippingPostalCode=60606, eventType=order.event)]
2022-01-09 15:52:13.143  INFO 33356 --- [http-nio-8082-exec-1] org.apache.camel.Tracing                 :      [route1      ] [kafka:{{app.kafka.topic}}?brokers] Exchange[Id: 2A9DEE42AE62EF3-0000000000000000, BodyType: byte[], Body: {"orderNumber":1,"itemNumber":10,"customerNumber":1000,"customerName":"My Account","shippingAddressLine1":"1060 West Addison St.","shippingAddressLine2":"Suite 100","shippingCity":"Chicago","shippingState":"IL","shippingPostalCode":"60606","eventType":"order.event"}]
2022-01-09 15:52:13.178  INFO 33356 --- [http-nio-8082-exec-1] o.a.k.clients.producer.ProducerConfig    : ProducerConfig values: 
	acks = 1
	batch.size = 16384
	bootstrap.servers = [localhost:9092]
	buffer.memory = 33554432
	client.dns.lookup = use_all_dns_ips
	client.id = orders-integration-service
	compression.type = none
	connections.max.idle.ms = 540000
	delivery.timeout.ms = 120000
	enable.idempotence = false
	interceptor.classes = []
	internal.auto.downgrade.txn.commit = false
	key.serializer = class org.apache.kafka.common.serialization.StringSerializer
	linger.ms = 0
	max.block.ms = 60000
	max.in.flight.requests.per.connection = 5
	max.request.size = 1048576
	metadata.max.age.ms = 300000
	metadata.max.idle.ms = 300000
	metric.reporters = []
	metrics.num.samples = 2
	metrics.recording.level = INFO
	metrics.sample.window.ms = 30000
	partitioner.class = class org.apache.kafka.clients.producer.internals.DefaultPartitioner
	receive.buffer.bytes = 65536
	reconnect.backoff.max.ms = 1000
	reconnect.backoff.ms = 50
	request.timeout.ms = 30000
	retries = 0
	retry.backoff.ms = 100
	sasl.client.callback.handler.class = null
	sasl.jaas.config = null
	sasl.kerberos.kinit.cmd = /usr/bin/kinit
	sasl.kerberos.min.time.before.relogin = 60000
	sasl.kerberos.service.name = null
	sasl.kerberos.ticket.renew.jitter = 0.05
	sasl.kerberos.ticket.renew.window.factor = 0.8
	sasl.login.callback.handler.class = null
	sasl.login.class = null
	sasl.login.refresh.buffer.seconds = 300
	sasl.login.refresh.min.period.seconds = 60
	sasl.login.refresh.window.factor = 0.8
	sasl.login.refresh.window.jitter = 0.05
	sasl.mechanism = GSSAPI
	security.protocol = PLAINTEXT
	security.providers = null
	send.buffer.bytes = 131072
	socket.connection.setup.timeout.max.ms = 127000
	socket.connection.setup.timeout.ms = 10000
	ssl.cipher.suites = null
	ssl.enabled.protocols = [TLSv1.2, TLSv1.3]
	ssl.endpoint.identification.algorithm = https
	ssl.engine.factory.class = null
	ssl.key.password = null
	ssl.keymanager.algorithm = SunX509
	ssl.keystore.certificate.chain = null
	ssl.keystore.key = null
	ssl.keystore.location = null
	ssl.keystore.password = null
	ssl.keystore.type = JKS
	ssl.protocol = TLSv1.3
	ssl.provider = null
	ssl.secure.random.implementation = null
	ssl.trustmanager.algorithm = PKIX
	ssl.truststore.certificates = null
	ssl.truststore.location = null
	ssl.truststore.password = null
	ssl.truststore.type = JKS
	transaction.timeout.ms = 60000
	transactional.id = null
	value.serializer = class org.apache.kafka.common.serialization.StringSerializer

2022-01-09 15:52:13.284  WARN 33356 --- [http-nio-8082-exec-1] o.a.k.clients.producer.ProducerConfig    : The configuration 'sasl.kerberos.principal.to.local.rules' was supplied but isn't a known config.
2022-01-09 15:52:13.288  INFO 33356 --- [http-nio-8082-exec-1] o.a.kafka.common.utils.AppInfoParser     : Kafka version: 2.7.1
2022-01-09 15:52:13.288  INFO 33356 --- [http-nio-8082-exec-1] o.a.kafka.common.utils.AppInfoParser     : Kafka commitId: 61dbce85d0d41457
2022-01-09 15:52:13.289  INFO 33356 --- [http-nio-8082-exec-1] o.a.kafka.common.utils.AppInfoParser     : Kafka startTimeMs: 1641765133285
2022-01-09 15:52:13.619  INFO 33356 --- [kafka-producer-network-thread | orders-integration-service] org.apache.kafka.clients.Metadata        : [Producer clientId=orders-integration-service] Cluster ID: 6ppTRshlRpCW_qYwNmhXWw
2022-01-09 15:52:13.670  INFO 33356 --- [Camel (camel-1) thread #0 - KafkaProducer[orders]] org.apache.camel.Tracing                 : *<-- [route1      ] [from[servlet:/order-integration/e] Exchange[Id: 2A9DEE42AE62EF3-0000000000000000, BodyType: byte[], Body: {"orderNumber":1,"itemNumber":10,"customerNumber":1000,"customerName":"My Account","shippingAddressLine1":"1060 West Addison St.","shippingAddressLine2":"Suite 100","shippingCity":"Chicago","shippingState":"IL","shippingPostalCode":"60606","eventType":"order.event"}]
2022-01-09 16:03:32.537  INFO 33356 --- [SpringApplicationShutdownHook] o.a.c.impl.engine.AbstractCamelContext   : Apache Camel 3.11.0 (camel-1) shutting down (timeout:45s)
2022-01-09 16:03:32.542  INFO 33356 --- [Camel (camel-1) thread #2 - ShutdownTask] o.a.k.clients.producer.KafkaProducer     : [Producer clientId=orders-integration-service] Closing the Kafka producer with timeoutMillis = 9223372036854775807 ms.
2022-01-09 16:03:32.548  INFO 33356 --- [Camel (camel-1) thread #2 - ShutdownTask] org.apache.kafka.common.metrics.Metrics  : Metrics scheduler closed
2022-01-09 16:03:32.548  INFO 33356 --- [Camel (camel-1) thread #2 - ShutdownTask] org.apache.kafka.common.metrics.Metrics  : Closing reporter org.apache.kafka.common.metrics.JmxReporter
2022-01-09 16:03:32.548  INFO 33356 --- [Camel (camel-1) thread #2 - ShutdownTask] org.apache.kafka.common.metrics.Metrics  : Metrics reporters closed
2022-01-09 16:03:32.549  INFO 33356 --- [Camel (camel-1) thread #2 - ShutdownTask] o.a.kafka.common.utils.AppInfoParser     : App info kafka.producer for orders-integration-service unregistered
2022-01-09 16:03:32.553  INFO 33356 --- [SpringApplicationShutdownHook] o.a.c.impl.engine.AbstractCamelContext   : Routes shutdown summary (total:1 stopped:1)
2022-01-09 16:03:32.553  INFO 33356 --- [SpringApplicationShutdownHook] o.a.c.impl.engine.AbstractCamelContext   :     Stopped route1 (rest://post:/order-integration:/event)
2022-01-09 16:03:32.557  INFO 33356 --- [SpringApplicationShutdownHook] o.a.c.impl.engine.AbstractCamelContext   : Apache Camel 3.11.0 (camel-1) shutdown in 19ms (uptime:15m8s)
2022-01-09 16:03:32.913  INFO 33356 --- [SpringApplicationShutdownHook] o.a.c.c.s.CamelHttpTransportServlet      : Destroyed CamelHttpTransportServlet[CamelServlet]
2022-01-09 16:03:43.513  INFO 31460 --- [com.pluralsight.michaelhoffman.camel.orders.order.integration.OrdersIntegrationServiceApplication.main()] .o.i.OrdersIntegrationServiceApplication : Starting OrdersIntegrationServiceApplication using Java 11 on nv-hoffman-dell with PID 31460 (C:\dev\pluralsight\fundamentals-of-integration-with-apache-camel\project\fundamentals-of-integration-with-apache-camel\demos\module-6\orders-integration-service\target\classes started by mhoffman in C:\dev\pluralsight\fundamentals-of-integration-with-apache-camel\project\fundamentals-of-integration-with-apache-camel\demos\module-6\orders-integration-service)
2022-01-09 16:03:43.517 DEBUG 31460 --- [com.pluralsight.michaelhoffman.camel.orders.order.integration.OrdersIntegrationServiceApplication.main()] .o.i.OrdersIntegrationServiceApplication : Running with Spring Boot v2.5.2, Spring v5.3.8
2022-01-09 16:03:43.518  INFO 31460 --- [com.pluralsight.michaelhoffman.camel.orders.order.integration.OrdersIntegrationServiceApplication.main()] .o.i.OrdersIntegrationServiceApplication : No active profile set, falling back to default profiles: default
2022-01-09 16:03:43.557  INFO 31460 --- [com.pluralsight.michaelhoffman.camel.orders.order.integration.OrdersIntegrationServiceApplication.main()] .e.DevToolsPropertyDefaultsPostProcessor : For additional web related logging consider setting the 'logging.level.web' property to 'DEBUG'
2022-01-09 16:03:44.985  INFO 31460 --- [com.pluralsight.michaelhoffman.camel.orders.order.integration.OrdersIntegrationServiceApplication.main()] o.s.b.w.embedded.tomcat.TomcatWebServer  : Tomcat initialized with port(s): 8082 (http)
2022-01-09 16:03:45.003  INFO 31460 --- [com.pluralsight.michaelhoffman.camel.orders.order.integration.OrdersIntegrationServiceApplication.main()] o.apache.catalina.core.StandardService   : Starting service [Tomcat]
2022-01-09 16:03:45.003  INFO 31460 --- [com.pluralsight.michaelhoffman.camel.orders.order.integration.OrdersIntegrationServiceApplication.main()] org.apache.catalina.core.StandardEngine  : Starting Servlet engine: [Apache Tomcat/9.0.48]
2022-01-09 16:03:45.090  INFO 31460 --- [com.pluralsight.michaelhoffman.camel.orders.order.integration.OrdersIntegrationServiceApplication.main()] o.a.c.c.C.[Tomcat].[localhost].[/]       : Initializing Spring embedded WebApplicationContext
2022-01-09 16:03:45.091  INFO 31460 --- [com.pluralsight.michaelhoffman.camel.orders.order.integration.OrdersIntegrationServiceApplication.main()] w.s.c.ServletWebServerApplicationContext : Root WebApplicationContext: initialization completed in 1533 ms
2022-01-09 16:03:45.287  INFO 31460 --- [com.pluralsight.michaelhoffman.camel.orders.order.integration.OrdersIntegrationServiceApplication.main()] o.s.b.a.e.web.ServletEndpointRegistrar   : Registered '/actuator/jolokia' to jolokia-actuator-endpoint
2022-01-09 16:03:46.184  INFO 31460 --- [com.pluralsight.michaelhoffman.camel.orders.order.integration.OrdersIntegrationServiceApplication.main()] o.s.b.a.e.web.EndpointLinksResolver      : Exposing 15 endpoint(s) beneath base path '/actuator'
2022-01-09 16:03:46.261  INFO 31460 --- [com.pluralsight.michaelhoffman.camel.orders.order.integration.OrdersIntegrationServiceApplication.main()] o.a.c.c.s.CamelHttpTransportServlet      : Initialized CamelHttpTransportServlet[name=CamelServlet, contextPath=]
2022-01-09 16:03:46.264  INFO 31460 --- [com.pluralsight.michaelhoffman.camel.orders.order.integration.OrdersIntegrationServiceApplication.main()] o.s.b.w.embedded.tomcat.TomcatWebServer  : Tomcat started on port(s): 8082 (http) with context path ''
2022-01-09 16:03:46.381  INFO 31460 --- [com.pluralsight.michaelhoffman.camel.orders.order.integration.OrdersIntegrationServiceApplication.main()] o.a.c.management.JmxManagementStrategy   : JMX is enabled
2022-01-09 16:03:46.616  INFO 31460 --- [com.pluralsight.michaelhoffman.camel.orders.order.integration.OrdersIntegrationServiceApplication.main()] o.a.c.impl.engine.AbstractCamelContext   : Tracing is enabled on CamelContext: camel-1
2022-01-09 16:03:46.814  INFO 31460 --- [com.pluralsight.michaelhoffman.camel.orders.order.integration.OrdersIntegrationServiceApplication.main()] o.a.c.impl.engine.AbstractCamelContext   : Routes startup summary (total:1 started:1)
2022-01-09 16:03:46.815  INFO 31460 --- [com.pluralsight.michaelhoffman.camel.orders.order.integration.OrdersIntegrationServiceApplication.main()] o.a.c.impl.engine.AbstractCamelContext   :     Started route1 (rest://post:/order-integration:/event)
2022-01-09 16:03:46.816  INFO 31460 --- [com.pluralsight.michaelhoffman.camel.orders.order.integration.OrdersIntegrationServiceApplication.main()] o.a.c.impl.engine.AbstractCamelContext   : Apache Camel 3.11.0 (camel-1) started in 522ms (build:60ms init:263ms start:199ms)
2022-01-09 16:03:46.822  INFO 31460 --- [com.pluralsight.michaelhoffman.camel.orders.order.integration.OrdersIntegrationServiceApplication.main()] .o.i.OrdersIntegrationServiceApplication : Started OrdersIntegrationServiceApplication in 3.773 seconds (JVM running for 9.116)
2022-01-09 16:03:53.928  INFO 31460 --- [http-nio-8082-exec-1] org.apache.camel.Tracing                 : *--> [route1      ] [from[rest://post:/order-integrati] Exchange[Id: 6DAB7B1A85E0932-0000000000000000, BodyType: com.pluralsight.michaelhoffman.camel.orders.order.integration.OrderEvent, Body: OrderEvent(orderNumber=1, itemNumber=10, customerNumber=1000, customerName=My Account, shippingAddressLine1=1060 West Addison St., shippingAddressLine2=Suite 100, shippingCity=Chicago, shippingState=IL, shippingPostalCode=60606, eventType=order.event)]
2022-01-09 16:03:53.932  INFO 31460 --- [http-nio-8082-exec-1] org.apache.camel.Tracing                 :      [route1      ] [removeHeader[CamelHttpMethod]    ] Exchange[Id: 6DAB7B1A85E0932-0000000000000000, BodyType: com.pluralsight.michaelhoffman.camel.orders.order.integration.OrderEvent, Body: OrderEvent(orderNumber=1, itemNumber=10, customerNumber=1000, customerName=My Account, shippingAddressLine1=1060 West Addison St., shippingAddressLine2=Suite 100, shippingCity=Chicago, shippingState=IL, shippingPostalCode=60606, eventType=order.event)]
2022-01-09 16:03:53.937  INFO 31460 --- [http-nio-8082-exec-1] org.apache.camel.Tracing                 :      [route1      ] [removeHeader[CamelHttpPath]      ] Exchange[Id: 6DAB7B1A85E0932-0000000000000000, BodyType: com.pluralsight.michaelhoffman.camel.orders.order.integration.OrderEvent, Body: OrderEvent(orderNumber=1, itemNumber=10, customerNumber=1000, customerName=My Account, shippingAddressLine1=1060 West Addison St., shippingAddressLine2=Suite 100, shippingCity=Chicago, shippingState=IL, shippingPostalCode=60606, eventType=order.event)]
2022-01-09 16:03:53.939  INFO 31460 --- [http-nio-8082-exec-1] org.apache.camel.Tracing                 :      [route1      ] [removeHeader[CamelHttpUri]       ] Exchange[Id: 6DAB7B1A85E0932-0000000000000000, BodyType: com.pluralsight.michaelhoffman.camel.orders.order.integration.OrderEvent, Body: OrderEvent(orderNumber=1, itemNumber=10, customerNumber=1000, customerName=My Account, shippingAddressLine1=1060 West Addison St., shippingAddressLine2=Suite 100, shippingCity=Chicago, shippingState=IL, shippingPostalCode=60606, eventType=order.event)]
2022-01-09 16:03:53.942  INFO 31460 --- [http-nio-8082-exec-1] org.apache.camel.Tracing                 :      [route1      ] [removeHeader[CamelHttpUrl]       ] Exchange[Id: 6DAB7B1A85E0932-0000000000000000, BodyType: com.pluralsight.michaelhoffman.camel.orders.order.integration.OrderEvent, Body: OrderEvent(orderNumber=1, itemNumber=10, customerNumber=1000, customerName=My Account, shippingAddressLine1=1060 West Addison St., shippingAddressLine2=Suite 100, shippingCity=Chicago, shippingState=IL, shippingPostalCode=60606, eventType=order.event)]
2022-01-09 16:03:53.943  INFO 31460 --- [http-nio-8082-exec-1] org.apache.camel.Tracing                 :      [route1      ] [removeHeader[CamelServletContextP] Exchange[Id: 6DAB7B1A85E0932-0000000000000000, BodyType: com.pluralsight.michaelhoffman.camel.orders.order.integration.OrderEvent, Body: OrderEvent(orderNumber=1, itemNumber=10, customerNumber=1000, customerName=My Account, shippingAddressLine1=1060 West Addison St., shippingAddressLine2=Suite 100, shippingCity=Chicago, shippingState=IL, shippingPostalCode=60606, eventType=order.event)]
2022-01-09 16:03:53.944  INFO 31460 --- [http-nio-8082-exec-1] org.apache.camel.Tracing                 :      [route1      ] [marshal[org.apache.camel.model.da] Exchange[Id: 6DAB7B1A85E0932-0000000000000000, BodyType: com.pluralsight.michaelhoffman.camel.orders.order.integration.OrderEvent, Body: OrderEvent(orderNumber=1, itemNumber=10, customerNumber=1000, customerName=My Account, shippingAddressLine1=1060 West Addison St., shippingAddressLine2=Suite 100, shippingCity=Chicago, shippingState=IL, shippingPostalCode=60606, eventType=order.event)]
2022-01-09 16:03:53.961  INFO 31460 --- [http-nio-8082-exec-1] org.apache.camel.Tracing                 :      [route1      ] [kafka:{{app.kafka.topic}}?brokers] Exchange[Id: 6DAB7B1A85E0932-0000000000000000, BodyType: byte[], Body: {"orderNumber":1,"itemNumber":10,"customerNumber":1000,"customerName":"My Account","shippingAddressLine1":"1060 West Addison St.","shippingAddressLine2":"Suite 100","shippingCity":"Chicago","shippingState":"IL","shippingPostalCode":"60606","eventType":"order.event"}]
2022-01-09 16:03:53.995  INFO 31460 --- [http-nio-8082-exec-1] o.a.k.clients.producer.ProducerConfig    : ProducerConfig values: 
	acks = 1
	batch.size = 16384
	bootstrap.servers = [localhost:9092]
	buffer.memory = 33554432
	client.dns.lookup = use_all_dns_ips
	client.id = producer-1
	compression.type = none
	connections.max.idle.ms = 540000
	delivery.timeout.ms = 120000
	enable.idempotence = false
	interceptor.classes = []
	internal.auto.downgrade.txn.commit = false
	key.serializer = class org.apache.kafka.common.serialization.StringSerializer
	linger.ms = 0
	max.block.ms = 60000
	max.in.flight.requests.per.connection = 5
	max.request.size = 1048576
	metadata.max.age.ms = 300000
	metadata.max.idle.ms = 300000
	metric.reporters = []
	metrics.num.samples = 2
	metrics.recording.level = INFO
	metrics.sample.window.ms = 30000
	partitioner.class = class org.apache.kafka.clients.producer.internals.DefaultPartitioner
	receive.buffer.bytes = 65536
	reconnect.backoff.max.ms = 1000
	reconnect.backoff.ms = 50
	request.timeout.ms = 30000
	retries = 0
	retry.backoff.ms = 100
	sasl.client.callback.handler.class = null
	sasl.jaas.config = null
	sasl.kerberos.kinit.cmd = /usr/bin/kinit
	sasl.kerberos.min.time.before.relogin = 60000
	sasl.kerberos.service.name = null
	sasl.kerberos.ticket.renew.jitter = 0.05
	sasl.kerberos.ticket.renew.window.factor = 0.8
	sasl.login.callback.handler.class = null
	sasl.login.class = null
	sasl.login.refresh.buffer.seconds = 300
	sasl.login.refresh.min.period.seconds = 60
	sasl.login.refresh.window.factor = 0.8
	sasl.login.refresh.window.jitter = 0.05
	sasl.mechanism = GSSAPI
	security.protocol = PLAINTEXT
	security.providers = null
	send.buffer.bytes = 131072
	socket.connection.setup.timeout.max.ms = 127000
	socket.connection.setup.timeout.ms = 10000
	ssl.cipher.suites = null
	ssl.enabled.protocols = [TLSv1.2, TLSv1.3]
	ssl.endpoint.identification.algorithm = https
	ssl.engine.factory.class = null
	ssl.key.password = null
	ssl.keymanager.algorithm = SunX509
	ssl.keystore.certificate.chain = null
	ssl.keystore.key = null
	ssl.keystore.location = null
	ssl.keystore.password = null
	ssl.keystore.type = JKS
	ssl.protocol = TLSv1.3
	ssl.provider = null
	ssl.secure.random.implementation = null
	ssl.trustmanager.algorithm = PKIX
	ssl.truststore.certificates = null
	ssl.truststore.location = null
	ssl.truststore.password = null
	ssl.truststore.type = JKS
	transaction.timeout.ms = 60000
	transactional.id = null
	value.serializer = class org.apache.kafka.common.serialization.StringSerializer

2022-01-09 16:03:54.112  WARN 31460 --- [http-nio-8082-exec-1] o.a.k.clients.producer.ProducerConfig    : The configuration 'sasl.kerberos.principal.to.local.rules' was supplied but isn't a known config.
2022-01-09 16:03:54.116  INFO 31460 --- [http-nio-8082-exec-1] o.a.kafka.common.utils.AppInfoParser     : Kafka version: 2.7.1
2022-01-09 16:03:54.116  INFO 31460 --- [http-nio-8082-exec-1] o.a.kafka.common.utils.AppInfoParser     : Kafka commitId: 61dbce85d0d41457
2022-01-09 16:03:54.117  INFO 31460 --- [http-nio-8082-exec-1] o.a.kafka.common.utils.AppInfoParser     : Kafka startTimeMs: 1641765834113
2022-01-09 16:03:54.532  INFO 31460 --- [kafka-producer-network-thread | producer-1] org.apache.kafka.clients.Metadata        : [Producer clientId=producer-1] Cluster ID: 6ppTRshlRpCW_qYwNmhXWw
2022-01-09 16:03:54.576  INFO 31460 --- [Camel (camel-1) thread #0 - KafkaProducer[orders]] org.apache.camel.Tracing                 : *<-- [route1      ] [from[servlet:/order-integration/e] Exchange[Id: 6DAB7B1A85E0932-0000000000000000, BodyType: byte[], Body: {"orderNumber":1,"itemNumber":10,"customerNumber":1000,"customerName":"My Account","shippingAddressLine1":"1060 West Addison St.","shippingAddressLine2":"Suite 100","shippingCity":"Chicago","shippingState":"IL","shippingPostalCode":"60606","eventType":"order.event"}]
2022-01-09 17:58:14.321  WARN 31460 --- [kafka-producer-network-thread | producer-1] org.apache.kafka.clients.NetworkClient   : [Producer clientId=producer-1] Connection to node 1 (localhost/127.0.0.1:9092) could not be established. Broker may not be available.
2022-01-09 17:58:16.477  WARN 31460 --- [kafka-producer-network-thread | producer-1] org.apache.kafka.clients.NetworkClient   : [Producer clientId=producer-1] Connection to node 1 (localhost/127.0.0.1:9092) could not be established. Broker may not be available.
2022-01-09 17:58:18.747  WARN 31460 --- [kafka-producer-network-thread | producer-1] org.apache.kafka.clients.NetworkClient   : [Producer clientId=producer-1] Connection to node 1 (localhost/127.0.0.1:9092) could not be established. Broker may not be available.
2022-01-09 17:59:01.636  INFO 31460 --- [http-nio-8082-exec-2] org.apache.camel.Tracing                 :      [route1      ] [removeHeader[CamelHttpMethod]    ] Exchange[Id: 6DAB7B1A85E0932-0000000000000001, BodyType: com.pluralsight.michaelhoffman.camel.orders.order.integration.OrderEvent, Body: OrderEvent(orderNumber=1, itemNumber=10, customerNumber=1000, customerName=My Account, shippingAddressLine1=1060 West Addison St., shippingAddressLine2=Suite 100, shippingCity=Chicago, shippingState=IL, shippingPostalCode=60606, eventType=order.event)]
2022-01-09 17:59:01.640  INFO 31460 --- [http-nio-8082-exec-2] org.apache.camel.Tracing                 : *--> [route1      ] [from[rest://post:/order-integrati] Exchange[Id: 6DAB7B1A85E0932-0000000000000001, BodyType: com.pluralsight.michaelhoffman.camel.orders.order.integration.OrderEvent, Body: OrderEvent(orderNumber=1, itemNumber=10, customerNumber=1000, customerName=My Account, shippingAddressLine1=1060 West Addison St., shippingAddressLine2=Suite 100, shippingCity=Chicago, shippingState=IL, shippingPostalCode=60606, eventType=order.event)]
2022-01-09 17:59:01.641  INFO 31460 --- [http-nio-8082-exec-2] org.apache.camel.Tracing                 :      [route1      ] [removeHeader[CamelHttpPath]      ] Exchange[Id: 6DAB7B1A85E0932-0000000000000001, BodyType: com.pluralsight.michaelhoffman.camel.orders.order.integration.OrderEvent, Body: OrderEvent(orderNumber=1, itemNumber=10, customerNumber=1000, customerName=My Account, shippingAddressLine1=1060 West Addison St., shippingAddressLine2=Suite 100, shippingCity=Chicago, shippingState=IL, shippingPostalCode=60606, eventType=order.event)]
2022-01-09 17:59:01.643  INFO 31460 --- [http-nio-8082-exec-2] org.apache.camel.Tracing                 :      [route1      ] [removeHeader[CamelHttpUri]       ] Exchange[Id: 6DAB7B1A85E0932-0000000000000001, BodyType: com.pluralsight.michaelhoffman.camel.orders.order.integration.OrderEvent, Body: OrderEvent(orderNumber=1, itemNumber=10, customerNumber=1000, customerName=My Account, shippingAddressLine1=1060 West Addison St., shippingAddressLine2=Suite 100, shippingCity=Chicago, shippingState=IL, shippingPostalCode=60606, eventType=order.event)]
2022-01-09 17:59:01.644  INFO 31460 --- [http-nio-8082-exec-2] org.apache.camel.Tracing                 :      [route1      ] [removeHeader[CamelHttpUrl]       ] Exchange[Id: 6DAB7B1A85E0932-0000000000000001, BodyType: com.pluralsight.michaelhoffman.camel.orders.order.integration.OrderEvent, Body: OrderEvent(orderNumber=1, itemNumber=10, customerNumber=1000, customerName=My Account, shippingAddressLine1=1060 West Addison St., shippingAddressLine2=Suite 100, shippingCity=Chicago, shippingState=IL, shippingPostalCode=60606, eventType=order.event)]
2022-01-09 17:59:01.647  INFO 31460 --- [http-nio-8082-exec-2] org.apache.camel.Tracing                 :      [route1      ] [removeHeader[CamelServletContextP] Exchange[Id: 6DAB7B1A85E0932-0000000000000001, BodyType: com.pluralsight.michaelhoffman.camel.orders.order.integration.OrderEvent, Body: OrderEvent(orderNumber=1, itemNumber=10, customerNumber=1000, customerName=My Account, shippingAddressLine1=1060 West Addison St., shippingAddressLine2=Suite 100, shippingCity=Chicago, shippingState=IL, shippingPostalCode=60606, eventType=order.event)]
2022-01-09 17:59:01.648  INFO 31460 --- [http-nio-8082-exec-2] org.apache.camel.Tracing                 :      [route1      ] [marshal[org.apache.camel.model.da] Exchange[Id: 6DAB7B1A85E0932-0000000000000001, BodyType: com.pluralsight.michaelhoffman.camel.orders.order.integration.OrderEvent, Body: OrderEvent(orderNumber=1, itemNumber=10, customerNumber=1000, customerName=My Account, shippingAddressLine1=1060 West Addison St., shippingAddressLine2=Suite 100, shippingCity=Chicago, shippingState=IL, shippingPostalCode=60606, eventType=order.event)]
2022-01-09 17:59:01.652  INFO 31460 --- [http-nio-8082-exec-2] org.apache.camel.Tracing                 :      [route1      ] [kafka:{{app.kafka.topic}}?brokers] Exchange[Id: 6DAB7B1A85E0932-0000000000000001, BodyType: byte[], Body: {"orderNumber":1,"itemNumber":10,"customerNumber":1000,"customerName":"My Account","shippingAddressLine1":"1060 West Addison St.","shippingAddressLine2":"Suite 100","shippingCity":"Chicago","shippingState":"IL","shippingPostalCode":"60606","eventType":"order.event"}]
2022-01-09 17:59:01.686  INFO 31460 --- [Camel (camel-1) thread #2 - KafkaProducer[orders]] org.apache.camel.Tracing                 : *<-- [route1      ] [from[servlet:/order-integration/e] Exchange[Id: 6DAB7B1A85E0932-0000000000000001, BodyType: byte[], Body: {"orderNumber":1,"itemNumber":10,"customerNumber":1000,"customerName":"My Account","shippingAddressLine1":"1060 West Addison St.","shippingAddressLine2":"Suite 100","shippingCity":"Chicago","shippingState":"IL","shippingPostalCode":"60606","eventType":"order.event"}]
2022-01-09 17:59:49.448  INFO 31460 --- [http-nio-8082-exec-4] org.apache.camel.Tracing                 :      [route1      ] [removeHeader[CamelHttpMethod]    ] Exchange[Id: 6DAB7B1A85E0932-0000000000000002, BodyType: com.pluralsight.michaelhoffman.camel.orders.order.integration.OrderEvent, Body: OrderEvent(orderNumber=2, itemNumber=10, customerNumber=1000, customerName=My Account, shippingAddressLine1=1060 West Addison St., shippingAddressLine2=Suite 100, shippingCity=Chicago, shippingState=IL, shippingPostalCode=60606, eventType=order.event)]
2022-01-09 17:59:49.449  INFO 31460 --- [http-nio-8082-exec-4] org.apache.camel.Tracing                 :      [route1      ] [removeHeader[CamelHttpPath]      ] Exchange[Id: 6DAB7B1A85E0932-0000000000000002, BodyType: com.pluralsight.michaelhoffman.camel.orders.order.integration.OrderEvent, Body: OrderEvent(orderNumber=2, itemNumber=10, customerNumber=1000, customerName=My Account, shippingAddressLine1=1060 West Addison St., shippingAddressLine2=Suite 100, shippingCity=Chicago, shippingState=IL, shippingPostalCode=60606, eventType=order.event)]
2022-01-09 17:59:49.451  INFO 31460 --- [http-nio-8082-exec-4] org.apache.camel.Tracing                 : *--> [route1      ] [from[rest://post:/order-integrati] Exchange[Id: 6DAB7B1A85E0932-0000000000000002, BodyType: com.pluralsight.michaelhoffman.camel.orders.order.integration.OrderEvent, Body: OrderEvent(orderNumber=2, itemNumber=10, customerNumber=1000, customerName=My Account, shippingAddressLine1=1060 West Addison St., shippingAddressLine2=Suite 100, shippingCity=Chicago, shippingState=IL, shippingPostalCode=60606, eventType=order.event)]
2022-01-09 17:59:49.453  INFO 31460 --- [http-nio-8082-exec-4] org.apache.camel.Tracing                 :      [route1      ] [removeHeader[CamelHttpUri]       ] Exchange[Id: 6DAB7B1A85E0932-0000000000000002, BodyType: com.pluralsight.michaelhoffman.camel.orders.order.integration.OrderEvent, Body: OrderEvent(orderNumber=2, itemNumber=10, customerNumber=1000, customerName=My Account, shippingAddressLine1=1060 West Addison St., shippingAddressLine2=Suite 100, shippingCity=Chicago, shippingState=IL, shippingPostalCode=60606, eventType=order.event)]
2022-01-09 17:59:49.454  INFO 31460 --- [http-nio-8082-exec-4] org.apache.camel.Tracing                 :      [route1      ] [removeHeader[CamelHttpUrl]       ] Exchange[Id: 6DAB7B1A85E0932-0000000000000002, BodyType: com.pluralsight.michaelhoffman.camel.orders.order.integration.OrderEvent, Body: OrderEvent(orderNumber=2, itemNumber=10, customerNumber=1000, customerName=My Account, shippingAddressLine1=1060 West Addison St., shippingAddressLine2=Suite 100, shippingCity=Chicago, shippingState=IL, shippingPostalCode=60606, eventType=order.event)]
2022-01-09 17:59:49.455  INFO 31460 --- [http-nio-8082-exec-4] org.apache.camel.Tracing                 :      [route1      ] [removeHeader[CamelServletContextP] Exchange[Id: 6DAB7B1A85E0932-0000000000000002, BodyType: com.pluralsight.michaelhoffman.camel.orders.order.integration.OrderEvent, Body: OrderEvent(orderNumber=2, itemNumber=10, customerNumber=1000, customerName=My Account, shippingAddressLine1=1060 West Addison St., shippingAddressLine2=Suite 100, shippingCity=Chicago, shippingState=IL, shippingPostalCode=60606, eventType=order.event)]
2022-01-09 17:59:49.457  INFO 31460 --- [http-nio-8082-exec-4] org.apache.camel.Tracing                 :      [route1      ] [marshal[org.apache.camel.model.da] Exchange[Id: 6DAB7B1A85E0932-0000000000000002, BodyType: com.pluralsight.michaelhoffman.camel.orders.order.integration.OrderEvent, Body: OrderEvent(orderNumber=2, itemNumber=10, customerNumber=1000, customerName=My Account, shippingAddressLine1=1060 West Addison St., shippingAddressLine2=Suite 100, shippingCity=Chicago, shippingState=IL, shippingPostalCode=60606, eventType=order.event)]
2022-01-09 17:59:49.458  INFO 31460 --- [http-nio-8082-exec-4] org.apache.camel.Tracing                 :      [route1      ] [kafka:{{app.kafka.topic}}?brokers] Exchange[Id: 6DAB7B1A85E0932-0000000000000002, BodyType: byte[], Body: {"orderNumber":2,"itemNumber":10,"customerNumber":1000,"customerName":"My Account","shippingAddressLine1":"1060 West Addison St.","shippingAddressLine2":"Suite 100","shippingCity":"Chicago","shippingState":"IL","shippingPostalCode":"60606","eventType":"order.event"}]
2022-01-09 17:59:49.464  INFO 31460 --- [Camel (camel-1) thread #4 - KafkaProducer[orders]] org.apache.camel.Tracing                 : *<-- [route1      ] [from[servlet:/order-integration/e] Exchange[Id: 6DAB7B1A85E0932-0000000000000002, BodyType: byte[], Body: {"orderNumber":2,"itemNumber":10,"customerNumber":1000,"customerName":"My Account","shippingAddressLine1":"1060 West Addison St.","shippingAddressLine2":"Suite 100","shippingCity":"Chicago","shippingState":"IL","shippingPostalCode":"60606","eventType":"order.event"}]
2022-01-09 18:00:12.729  INFO 31460 --- [http-nio-8082-exec-5] org.apache.camel.Tracing                 :      [route1      ] [removeHeader[CamelHttpMethod]    ] Exchange[Id: 6DAB7B1A85E0932-0000000000000003, BodyType: com.pluralsight.michaelhoffman.camel.orders.order.integration.OrderEvent, Body: OrderEvent(orderNumber=3, itemNumber=10, customerNumber=1000, customerName=My Account, shippingAddressLine1=1060 West Addison St., shippingAddressLine2=Suite 100, shippingCity=Chicago, shippingState=IL, shippingPostalCode=60606, eventType=order.event)]
2022-01-09 18:00:12.731  INFO 31460 --- [http-nio-8082-exec-5] org.apache.camel.Tracing                 :      [route1      ] [removeHeader[CamelHttpPath]      ] Exchange[Id: 6DAB7B1A85E0932-0000000000000003, BodyType: com.pluralsight.michaelhoffman.camel.orders.order.integration.OrderEvent, Body: OrderEvent(orderNumber=3, itemNumber=10, customerNumber=1000, customerName=My Account, shippingAddressLine1=1060 West Addison St., shippingAddressLine2=Suite 100, shippingCity=Chicago, shippingState=IL, shippingPostalCode=60606, eventType=order.event)]
2022-01-09 18:00:12.732  INFO 31460 --- [http-nio-8082-exec-5] org.apache.camel.Tracing                 :      [route1      ] [removeHeader[CamelHttpUri]       ] Exchange[Id: 6DAB7B1A85E0932-0000000000000003, BodyType: com.pluralsight.michaelhoffman.camel.orders.order.integration.OrderEvent, Body: OrderEvent(orderNumber=3, itemNumber=10, customerNumber=1000, customerName=My Account, shippingAddressLine1=1060 West Addison St., shippingAddressLine2=Suite 100, shippingCity=Chicago, shippingState=IL, shippingPostalCode=60606, eventType=order.event)]
2022-01-09 18:00:12.735  INFO 31460 --- [http-nio-8082-exec-5] org.apache.camel.Tracing                 : *--> [route1      ] [from[rest://post:/order-integrati] Exchange[Id: 6DAB7B1A85E0932-0000000000000003, BodyType: com.pluralsight.michaelhoffman.camel.orders.order.integration.OrderEvent, Body: OrderEvent(orderNumber=3, itemNumber=10, customerNumber=1000, customerName=My Account, shippingAddressLine1=1060 West Addison St., shippingAddressLine2=Suite 100, shippingCity=Chicago, shippingState=IL, shippingPostalCode=60606, eventType=order.event)]
2022-01-09 18:00:12.736  INFO 31460 --- [http-nio-8082-exec-5] org.apache.camel.Tracing                 :      [route1      ] [removeHeader[CamelHttpUrl]       ] Exchange[Id: 6DAB7B1A85E0932-0000000000000003, BodyType: com.pluralsight.michaelhoffman.camel.orders.order.integration.OrderEvent, Body: OrderEvent(orderNumber=3, itemNumber=10, customerNumber=1000, customerName=My Account, shippingAddressLine1=1060 West Addison St., shippingAddressLine2=Suite 100, shippingCity=Chicago, shippingState=IL, shippingPostalCode=60606, eventType=order.event)]
2022-01-09 18:00:12.737  INFO 31460 --- [http-nio-8082-exec-5] org.apache.camel.Tracing                 :      [route1      ] [removeHeader[CamelServletContextP] Exchange[Id: 6DAB7B1A85E0932-0000000000000003, BodyType: com.pluralsight.michaelhoffman.camel.orders.order.integration.OrderEvent, Body: OrderEvent(orderNumber=3, itemNumber=10, customerNumber=1000, customerName=My Account, shippingAddressLine1=1060 West Addison St., shippingAddressLine2=Suite 100, shippingCity=Chicago, shippingState=IL, shippingPostalCode=60606, eventType=order.event)]
2022-01-09 18:00:12.738  INFO 31460 --- [http-nio-8082-exec-5] org.apache.camel.Tracing                 :      [route1      ] [marshal[org.apache.camel.model.da] Exchange[Id: 6DAB7B1A85E0932-0000000000000003, BodyType: com.pluralsight.michaelhoffman.camel.orders.order.integration.OrderEvent, Body: OrderEvent(orderNumber=3, itemNumber=10, customerNumber=1000, customerName=My Account, shippingAddressLine1=1060 West Addison St., shippingAddressLine2=Suite 100, shippingCity=Chicago, shippingState=IL, shippingPostalCode=60606, eventType=order.event)]
2022-01-09 18:00:12.739  INFO 31460 --- [http-nio-8082-exec-5] org.apache.camel.Tracing                 :      [route1      ] [kafka:{{app.kafka.topic}}?brokers] Exchange[Id: 6DAB7B1A85E0932-0000000000000003, BodyType: byte[], Body: {"orderNumber":3,"itemNumber":10,"customerNumber":1000,"customerName":"My Account","shippingAddressLine1":"1060 West Addison St.","shippingAddressLine2":"Suite 100","shippingCity":"Chicago","shippingState":"IL","shippingPostalCode":"60606","eventType":"order.event"}]
2022-01-09 18:00:12.745  INFO 31460 --- [Camel (camel-1) thread #6 - KafkaProducer[orders]] org.apache.camel.Tracing                 : *<-- [route1      ] [from[servlet:/order-integration/e] Exchange[Id: 6DAB7B1A85E0932-0000000000000003, BodyType: byte[], Body: {"orderNumber":3,"itemNumber":10,"customerNumber":1000,"customerName":"My Account","shippingAddressLine1":"1060 West Addison St.","shippingAddressLine2":"Suite 100","shippingCity":"Chicago","shippingState":"IL","shippingPostalCode":"60606","eventType":"order.event"}]
2022-01-09 18:01:57.314  INFO 31460 --- [http-nio-8082-exec-7] org.apache.camel.Tracing                 :      [route1      ] [removeHeader[CamelHttpMethod]    ] Exchange[Id: 6DAB7B1A85E0932-0000000000000004, BodyType: com.pluralsight.michaelhoffman.camel.orders.order.integration.OrderEvent, Body: OrderEvent(orderNumber=3, itemNumber=10, customerNumber=1000, customerName=My Account, shippingAddressLine1=1060 West Addison St., shippingAddressLine2=Suite 100, shippingCity=Chicago, shippingState=IL, shippingPostalCode=60606, eventType=order.event)]
2022-01-09 18:01:57.316  INFO 31460 --- [http-nio-8082-exec-7] org.apache.camel.Tracing                 :      [route1      ] [removeHeader[CamelHttpPath]      ] Exchange[Id: 6DAB7B1A85E0932-0000000000000004, BodyType: com.pluralsight.michaelhoffman.camel.orders.order.integration.OrderEvent, Body: OrderEvent(orderNumber=3, itemNumber=10, customerNumber=1000, customerName=My Account, shippingAddressLine1=1060 West Addison St., shippingAddressLine2=Suite 100, shippingCity=Chicago, shippingState=IL, shippingPostalCode=60606, eventType=order.event)]
2022-01-09 18:01:57.318  INFO 31460 --- [http-nio-8082-exec-7] org.apache.camel.Tracing                 :      [route1      ] [removeHeader[CamelHttpUri]       ] Exchange[Id: 6DAB7B1A85E0932-0000000000000004, BodyType: com.pluralsight.michaelhoffman.camel.orders.order.integration.OrderEvent, Body: OrderEvent(orderNumber=3, itemNumber=10, customerNumber=1000, customerName=My Account, shippingAddressLine1=1060 West Addison St., shippingAddressLine2=Suite 100, shippingCity=Chicago, shippingState=IL, shippingPostalCode=60606, eventType=order.event)]
2022-01-09 18:01:57.319  INFO 31460 --- [http-nio-8082-exec-7] org.apache.camel.Tracing                 :      [route1      ] [removeHeader[CamelHttpUrl]       ] Exchange[Id: 6DAB7B1A85E0932-0000000000000004, BodyType: com.pluralsight.michaelhoffman.camel.orders.order.integration.OrderEvent, Body: OrderEvent(orderNumber=3, itemNumber=10, customerNumber=1000, customerName=My Account, shippingAddressLine1=1060 West Addison St., shippingAddressLine2=Suite 100, shippingCity=Chicago, shippingState=IL, shippingPostalCode=60606, eventType=order.event)]
2022-01-09 18:01:57.320  INFO 31460 --- [http-nio-8082-exec-7] org.apache.camel.Tracing                 : *--> [route1      ] [from[rest://post:/order-integrati] Exchange[Id: 6DAB7B1A85E0932-0000000000000004, BodyType: com.pluralsight.michaelhoffman.camel.orders.order.integration.OrderEvent, Body: OrderEvent(orderNumber=3, itemNumber=10, customerNumber=1000, customerName=My Account, shippingAddressLine1=1060 West Addison St., shippingAddressLine2=Suite 100, shippingCity=Chicago, shippingState=IL, shippingPostalCode=60606, eventType=order.event)]
2022-01-09 18:01:57.322  INFO 31460 --- [http-nio-8082-exec-7] org.apache.camel.Tracing                 :      [route1      ] [removeHeader[CamelServletContextP] Exchange[Id: 6DAB7B1A85E0932-0000000000000004, BodyType: com.pluralsight.michaelhoffman.camel.orders.order.integration.OrderEvent, Body: OrderEvent(orderNumber=3, itemNumber=10, customerNumber=1000, customerName=My Account, shippingAddressLine1=1060 West Addison St., shippingAddressLine2=Suite 100, shippingCity=Chicago, shippingState=IL, shippingPostalCode=60606, eventType=order.event)]
2022-01-09 18:01:57.323  INFO 31460 --- [http-nio-8082-exec-7] org.apache.camel.Tracing                 :      [route1      ] [marshal[org.apache.camel.model.da] Exchange[Id: 6DAB7B1A85E0932-0000000000000004, BodyType: com.pluralsight.michaelhoffman.camel.orders.order.integration.OrderEvent, Body: OrderEvent(orderNumber=3, itemNumber=10, customerNumber=1000, customerName=My Account, shippingAddressLine1=1060 West Addison St., shippingAddressLine2=Suite 100, shippingCity=Chicago, shippingState=IL, shippingPostalCode=60606, eventType=order.event)]
2022-01-09 18:01:57.324  INFO 31460 --- [http-nio-8082-exec-7] org.apache.camel.Tracing                 :      [route1      ] [kafka:{{app.kafka.topic}}?brokers] Exchange[Id: 6DAB7B1A85E0932-0000000000000004, BodyType: byte[], Body: {"orderNumber":3,"itemNumber":10,"customerNumber":1000,"customerName":"My Account","shippingAddressLine1":"1060 West Addison St.","shippingAddressLine2":"Suite 100","shippingCity":"Chicago","shippingState":"IL","shippingPostalCode":"60606","eventType":"order.event"}]
2022-01-09 18:01:57.333  INFO 31460 --- [Camel (camel-1) thread #8 - KafkaProducer[orders]] org.apache.camel.Tracing                 : *<-- [route1      ] [from[servlet:/order-integration/e] Exchange[Id: 6DAB7B1A85E0932-0000000000000004, BodyType: byte[], Body: {"orderNumber":3,"itemNumber":10,"customerNumber":1000,"customerName":"My Account","shippingAddressLine1":"1060 West Addison St.","shippingAddressLine2":"Suite 100","shippingCity":"Chicago","shippingState":"IL","shippingPostalCode":"60606","eventType":"order.event"}]
2022-01-09 18:03:25.359  INFO 31460 --- [http-nio-8082-exec-9] org.apache.camel.Tracing                 :      [route1      ] [removeHeader[CamelHttpMethod]    ] Exchange[Id: 6DAB7B1A85E0932-0000000000000005, BodyType: com.pluralsight.michaelhoffman.camel.orders.order.integration.OrderEvent, Body: OrderEvent(orderNumber=3, itemNumber=10, customerNumber=1000, customerName=My Account, shippingAddressLine1=1060 West Addison St., shippingAddressLine2=Suite 100, shippingCity=Chicago, shippingState=IL, shippingPostalCode=60606, eventType=order.event)]
2022-01-09 18:03:25.361  INFO 31460 --- [http-nio-8082-exec-9] org.apache.camel.Tracing                 :      [route1      ] [removeHeader[CamelHttpPath]      ] Exchange[Id: 6DAB7B1A85E0932-0000000000000005, BodyType: com.pluralsight.michaelhoffman.camel.orders.order.integration.OrderEvent, Body: OrderEvent(orderNumber=3, itemNumber=10, customerNumber=1000, customerName=My Account, shippingAddressLine1=1060 West Addison St., shippingAddressLine2=Suite 100, shippingCity=Chicago, shippingState=IL, shippingPostalCode=60606, eventType=order.event)]
2022-01-09 18:03:25.362  INFO 31460 --- [http-nio-8082-exec-9] org.apache.camel.Tracing                 :      [route1      ] [removeHeader[CamelHttpUri]       ] Exchange[Id: 6DAB7B1A85E0932-0000000000000005, BodyType: com.pluralsight.michaelhoffman.camel.orders.order.integration.OrderEvent, Body: OrderEvent(orderNumber=3, itemNumber=10, customerNumber=1000, customerName=My Account, shippingAddressLine1=1060 West Addison St., shippingAddressLine2=Suite 100, shippingCity=Chicago, shippingState=IL, shippingPostalCode=60606, eventType=order.event)]
2022-01-09 18:03:25.364  INFO 31460 --- [http-nio-8082-exec-9] org.apache.camel.Tracing                 :      [route1      ] [removeHeader[CamelHttpUrl]       ] Exchange[Id: 6DAB7B1A85E0932-0000000000000005, BodyType: com.pluralsight.michaelhoffman.camel.orders.order.integration.OrderEvent, Body: OrderEvent(orderNumber=3, itemNumber=10, customerNumber=1000, customerName=My Account, shippingAddressLine1=1060 West Addison St., shippingAddressLine2=Suite 100, shippingCity=Chicago, shippingState=IL, shippingPostalCode=60606, eventType=order.event)]
2022-01-09 18:03:25.365  INFO 31460 --- [http-nio-8082-exec-9] org.apache.camel.Tracing                 :      [route1      ] [removeHeader[CamelServletContextP] Exchange[Id: 6DAB7B1A85E0932-0000000000000005, BodyType: com.pluralsight.michaelhoffman.camel.orders.order.integration.OrderEvent, Body: OrderEvent(orderNumber=3, itemNumber=10, customerNumber=1000, customerName=My Account, shippingAddressLine1=1060 West Addison St., shippingAddressLine2=Suite 100, shippingCity=Chicago, shippingState=IL, shippingPostalCode=60606, eventType=order.event)]
2022-01-09 18:03:25.366  INFO 31460 --- [http-nio-8082-exec-9] org.apache.camel.Tracing                 : *--> [route1      ] [from[rest://post:/order-integrati] Exchange[Id: 6DAB7B1A85E0932-0000000000000005, BodyType: com.pluralsight.michaelhoffman.camel.orders.order.integration.OrderEvent, Body: OrderEvent(orderNumber=3, itemNumber=10, customerNumber=1000, customerName=My Account, shippingAddressLine1=1060 West Addison St., shippingAddressLine2=Suite 100, shippingCity=Chicago, shippingState=IL, shippingPostalCode=60606, eventType=order.event)]
2022-01-09 18:03:25.369  INFO 31460 --- [http-nio-8082-exec-9] org.apache.camel.Tracing                 :      [route1      ] [marshal[org.apache.camel.model.da] Exchange[Id: 6DAB7B1A85E0932-0000000000000005, BodyType: com.pluralsight.michaelhoffman.camel.orders.order.integration.OrderEvent, Body: OrderEvent(orderNumber=3, itemNumber=10, customerNumber=1000, customerName=My Account, shippingAddressLine1=1060 West Addison St., shippingAddressLine2=Suite 100, shippingCity=Chicago, shippingState=IL, shippingPostalCode=60606, eventType=order.event)]
2022-01-09 18:03:25.371  INFO 31460 --- [http-nio-8082-exec-9] org.apache.camel.Tracing                 :      [route1      ] [kafka:{{app.kafka.topic}}?brokers] Exchange[Id: 6DAB7B1A85E0932-0000000000000005, BodyType: byte[], Body: {"orderNumber":3,"itemNumber":10,"customerNumber":1000,"customerName":"My Account","shippingAddressLine1":"1060 West Addison St.","shippingAddressLine2":"Suite 100","shippingCity":"Chicago","shippingState":"IL","shippingPostalCode":"60606","eventType":"order.event"}]
2022-01-09 18:03:25.379  INFO 31460 --- [Camel (camel-1) thread #10 - KafkaProducer[orders]] org.apache.camel.Tracing                 : *<-- [route1      ] [from[servlet:/order-integration/e] Exchange[Id: 6DAB7B1A85E0932-0000000000000005, BodyType: byte[], Body: {"orderNumber":3,"itemNumber":10,"customerNumber":1000,"customerName":"My Account","shippingAddressLine1":"1060 West Addison St.","shippingAddressLine2":"Suite 100","shippingCity":"Chicago","shippingState":"IL","shippingPostalCode":"60606","eventType":"order.event"}]
2022-01-09 18:15:56.325  INFO 31460 --- [SpringApplicationShutdownHook] o.a.c.impl.engine.AbstractCamelContext   : Apache Camel 3.11.0 (camel-1) shutting down (timeout:45s)
2022-01-09 18:15:56.337  INFO 31460 --- [Camel (camel-1) thread #12 - ShutdownTask] o.a.k.clients.producer.KafkaProducer     : [Producer clientId=producer-1] Closing the Kafka producer with timeoutMillis = 9223372036854775807 ms.
2022-01-09 18:15:56.343  INFO 31460 --- [Camel (camel-1) thread #12 - ShutdownTask] org.apache.kafka.common.metrics.Metrics  : Metrics scheduler closed
2022-01-09 18:15:56.343  INFO 31460 --- [Camel (camel-1) thread #12 - ShutdownTask] org.apache.kafka.common.metrics.Metrics  : Closing reporter org.apache.kafka.common.metrics.JmxReporter
2022-01-09 18:15:56.344  INFO 31460 --- [Camel (camel-1) thread #12 - ShutdownTask] org.apache.kafka.common.metrics.Metrics  : Metrics reporters closed
2022-01-09 18:15:56.345  INFO 31460 --- [Camel (camel-1) thread #12 - ShutdownTask] o.a.kafka.common.utils.AppInfoParser     : App info kafka.producer for producer-1 unregistered
2022-01-09 18:15:56.351  INFO 31460 --- [SpringApplicationShutdownHook] o.a.c.impl.engine.AbstractCamelContext   : Routes shutdown summary (total:1 stopped:1)
2022-01-09 18:15:56.351  INFO 31460 --- [SpringApplicationShutdownHook] o.a.c.impl.engine.AbstractCamelContext   :     Stopped route1 (rest://post:/order-integration:/event)
2022-01-09 18:15:56.356  INFO 31460 --- [SpringApplicationShutdownHook] o.a.c.impl.engine.AbstractCamelContext   : Apache Camel 3.11.0 (camel-1) shutdown in 31ms (uptime:2h12m9s)
2022-01-09 18:15:56.714  INFO 31460 --- [SpringApplicationShutdownHook] o.a.c.c.s.CamelHttpTransportServlet      : Destroyed CamelHttpTransportServlet[CamelServlet]
