2021-12-13 17:50:00.878  INFO 19584 --- [com.pluralsight.michaelhoffman.camel.travel.itinerary.integration.ItineraryIntegrationServiceApplication.main()] i.ItineraryIntegrationServiceApplication : Starting ItineraryIntegrationServiceApplication using Java 11 on nv-hoffman-dell with PID 19584 (C:\dev\pluralsight\fundamentals-of-integration-with-apache-camel\project\fundamentals-of-integration-with-apache-camel\demos\module-5\itinerary-integration-service\target\classes started by mhoffman in C:\dev\pluralsight\fundamentals-of-integration-with-apache-camel\project\fundamentals-of-integration-with-apache-camel\demos\module-5\itinerary-integration-service)
2021-12-13 17:50:00.882 DEBUG 19584 --- [com.pluralsight.michaelhoffman.camel.travel.itinerary.integration.ItineraryIntegrationServiceApplication.main()] i.ItineraryIntegrationServiceApplication : Running with Spring Boot v2.5.2, Spring v5.3.8
2021-12-13 17:50:00.883  INFO 19584 --- [com.pluralsight.michaelhoffman.camel.travel.itinerary.integration.ItineraryIntegrationServiceApplication.main()] i.ItineraryIntegrationServiceApplication : No active profile set, falling back to default profiles: default
2021-12-13 17:50:00.936  INFO 19584 --- [com.pluralsight.michaelhoffman.camel.travel.itinerary.integration.ItineraryIntegrationServiceApplication.main()] .e.DevToolsPropertyDefaultsPostProcessor : For additional web related logging consider setting the 'logging.level.web' property to 'DEBUG'
2021-12-13 17:50:02.709  INFO 19584 --- [com.pluralsight.michaelhoffman.camel.travel.itinerary.integration.ItineraryIntegrationServiceApplication.main()] o.s.b.w.embedded.tomcat.TomcatWebServer  : Tomcat initialized with port(s): 8080 (http)
2021-12-13 17:50:02.721  INFO 19584 --- [com.pluralsight.michaelhoffman.camel.travel.itinerary.integration.ItineraryIntegrationServiceApplication.main()] o.apache.catalina.core.StandardService   : Starting service [Tomcat]
2021-12-13 17:50:02.722  INFO 19584 --- [com.pluralsight.michaelhoffman.camel.travel.itinerary.integration.ItineraryIntegrationServiceApplication.main()] org.apache.catalina.core.StandardEngine  : Starting Servlet engine: [Apache Tomcat/9.0.48]
2021-12-13 17:50:02.796  INFO 19584 --- [com.pluralsight.michaelhoffman.camel.travel.itinerary.integration.ItineraryIntegrationServiceApplication.main()] o.a.c.c.C.[Tomcat].[localhost].[/]       : Initializing Spring embedded WebApplicationContext
2021-12-13 17:50:02.797  INFO 19584 --- [com.pluralsight.michaelhoffman.camel.travel.itinerary.integration.ItineraryIntegrationServiceApplication.main()] w.s.c.ServletWebServerApplicationContext : Root WebApplicationContext: initialization completed in 1860 ms
2021-12-13 17:50:02.991  INFO 19584 --- [com.pluralsight.michaelhoffman.camel.travel.itinerary.integration.ItineraryIntegrationServiceApplication.main()] o.s.b.a.e.web.ServletEndpointRegistrar   : Registered '/actuator/jolokia' to jolokia-actuator-endpoint
2021-12-13 17:50:03.921  INFO 19584 --- [com.pluralsight.michaelhoffman.camel.travel.itinerary.integration.ItineraryIntegrationServiceApplication.main()] o.s.b.a.e.web.EndpointLinksResolver      : Exposing 15 endpoint(s) beneath base path '/actuator'
2021-12-13 17:50:04.007  INFO 19584 --- [com.pluralsight.michaelhoffman.camel.travel.itinerary.integration.ItineraryIntegrationServiceApplication.main()] o.a.c.c.s.CamelHttpTransportServlet      : Initialized CamelHttpTransportServlet[name=CamelServlet, contextPath=]
2021-12-13 17:50:04.010  INFO 19584 --- [com.pluralsight.michaelhoffman.camel.travel.itinerary.integration.ItineraryIntegrationServiceApplication.main()] o.s.b.w.embedded.tomcat.TomcatWebServer  : Tomcat started on port(s): 8080 (http) with context path ''
2021-12-13 17:50:04.175  INFO 19584 --- [com.pluralsight.michaelhoffman.camel.travel.itinerary.integration.ItineraryIntegrationServiceApplication.main()] o.a.c.management.JmxManagementStrategy   : JMX is enabled
2021-12-13 17:50:04.579  INFO 19584 --- [com.pluralsight.michaelhoffman.camel.travel.itinerary.integration.ItineraryIntegrationServiceApplication.main()] o.apache.catalina.core.StandardService   : Stopping service [Tomcat]
2021-12-13 17:50:04.580  INFO 19584 --- [com.pluralsight.michaelhoffman.camel.travel.itinerary.integration.ItineraryIntegrationServiceApplication.main()] o.a.c.c.s.CamelHttpTransportServlet      : Destroyed CamelHttpTransportServlet[CamelServlet]
2021-12-13 17:50:04.591  INFO 19584 --- [com.pluralsight.michaelhoffman.camel.travel.itinerary.integration.ItineraryIntegrationServiceApplication.main()] ConditionEvaluationReportLoggingListener : 

Error starting ApplicationContext. To display the conditions report re-run your application with 'debug' enabled.
2021-12-13 17:50:04.611 ERROR 19584 --- [com.pluralsight.michaelhoffman.camel.travel.itinerary.integration.ItineraryIntegrationServiceApplication.main()] o.s.boot.SpringApplication               : Application run failed

org.apache.camel.FailedToCreateRouteException: Failed to create route route1: Route(route1)[From[rabbitmq:customer?connectionFactory=#rabb... because of Failed to resolve endpoint: rabbitmq://customer?autoDelete=false&bridgeErrorHandler=true&connectionFactory=%23rabbitConnectionFactory&declare=false&exchangeType=topic&passive=true&queue=itinerary_customer due to: No bean could be found in the registry for: rabbitConnectionFactory of type: com.rabbitmq.client.ConnectionFactory
	at org.apache.camel.reifier.RouteReifier.createRoute(RouteReifier.java:80) ~[camel-core-reifier-3.11.0.jar:3.11.0]
	at org.apache.camel.impl.DefaultModelReifierFactory.createRoute(DefaultModelReifierFactory.java:49) ~[camel-core-engine-3.11.0.jar:3.11.0]
	at org.apache.camel.impl.DefaultCamelContext.startRouteDefinitions(DefaultCamelContext.java:826) ~[camel-core-engine-3.11.0.jar:3.11.0]
	at org.apache.camel.impl.DefaultCamelContext.startRouteDefinitions(DefaultCamelContext.java:716) ~[camel-core-engine-3.11.0.jar:3.11.0]
	at org.apache.camel.impl.engine.AbstractCamelContext.doInit(AbstractCamelContext.java:2756) ~[camel-base-engine-3.11.0.jar:3.11.0]
	at org.apache.camel.support.service.BaseService.init(BaseService.java:83) ~[camel-api-3.11.0.jar:3.11.0]
	at org.apache.camel.impl.engine.AbstractCamelContext.init(AbstractCamelContext.java:2475) ~[camel-base-engine-3.11.0.jar:3.11.0]
	at org.apache.camel.support.service.BaseService.start(BaseService.java:111) ~[camel-api-3.11.0.jar:3.11.0]
	at org.apache.camel.impl.engine.AbstractCamelContext.start(AbstractCamelContext.java:2494) ~[camel-base-engine-3.11.0.jar:3.11.0]
	at org.apache.camel.impl.DefaultCamelContext.start(DefaultCamelContext.java:245) ~[camel-core-engine-3.11.0.jar:3.11.0]
	at org.apache.camel.spring.SpringCamelContext.start(SpringCamelContext.java:119) ~[camel-spring-3.11.0.jar:3.11.0]
	at org.apache.camel.spring.SpringCamelContext.onApplicationEvent(SpringCamelContext.java:151) ~[camel-spring-3.11.0.jar:3.11.0]
	at org.springframework.context.event.SimpleApplicationEventMulticaster.doInvokeListener(SimpleApplicationEventMulticaster.java:176) ~[spring-context-5.3.8.jar:5.3.8]
	at org.springframework.context.event.SimpleApplicationEventMulticaster.invokeListener(SimpleApplicationEventMulticaster.java:169) ~[spring-context-5.3.8.jar:5.3.8]
	at org.springframework.context.event.SimpleApplicationEventMulticaster.multicastEvent(SimpleApplicationEventMulticaster.java:143) ~[spring-context-5.3.8.jar:5.3.8]
	at org.springframework.context.support.AbstractApplicationContext.publishEvent(AbstractApplicationContext.java:421) ~[spring-context-5.3.8.jar:5.3.8]
	at org.springframework.context.support.AbstractApplicationContext.publishEvent(AbstractApplicationContext.java:378) ~[spring-context-5.3.8.jar:5.3.8]
	at org.springframework.context.support.AbstractApplicationContext.finishRefresh(AbstractApplicationContext.java:938) ~[spring-context-5.3.8.jar:5.3.8]
	at org.springframework.context.support.AbstractApplicationContext.refresh(AbstractApplicationContext.java:586) ~[spring-context-5.3.8.jar:5.3.8]
	at org.springframework.boot.web.servlet.context.ServletWebServerApplicationContext.refresh(ServletWebServerApplicationContext.java:145) ~[spring-boot-2.5.2.jar:2.5.2]
	at org.springframework.boot.SpringApplication.refresh(SpringApplication.java:754) ~[spring-boot-2.5.2.jar:2.5.2]
	at org.springframework.boot.SpringApplication.refreshContext(SpringApplication.java:434) ~[spring-boot-2.5.2.jar:2.5.2]
	at org.springframework.boot.SpringApplication.run(SpringApplication.java:338) ~[spring-boot-2.5.2.jar:2.5.2]
	at org.springframework.boot.SpringApplication.run(SpringApplication.java:1343) ~[spring-boot-2.5.2.jar:2.5.2]
	at org.springframework.boot.SpringApplication.run(SpringApplication.java:1332) ~[spring-boot-2.5.2.jar:2.5.2]
	at com.pluralsight.michaelhoffman.camel.travel.itinerary.integration.ItineraryIntegrationServiceApplication.main(ItineraryIntegrationServiceApplication.java:10) ~[classes/:na]
	at org.codehaus.mojo.exec.ExecJavaMojo$1.run(ExecJavaMojo.java:254) ~[na:na]
	at java.base/java.lang.Thread.run(Thread.java:834) ~[na:na]
Caused by: org.apache.camel.ResolveEndpointFailedException: Failed to resolve endpoint: rabbitmq://customer?autoDelete=false&bridgeErrorHandler=true&connectionFactory=%23rabbitConnectionFactory&declare=false&exchangeType=topic&passive=true&queue=itinerary_customer due to: No bean could be found in the registry for: rabbitConnectionFactory of type: com.rabbitmq.client.ConnectionFactory
	at org.apache.camel.impl.engine.AbstractCamelContext.doGetEndpoint(AbstractCamelContext.java:962) ~[camel-base-engine-3.11.0.jar:3.11.0]
	at org.apache.camel.impl.engine.AbstractCamelContext.getEndpoint(AbstractCamelContext.java:844) ~[camel-base-engine-3.11.0.jar:3.11.0]
	at org.apache.camel.support.CamelContextHelper.getMandatoryEndpoint(CamelContextHelper.java:58) ~[camel-support-3.11.0.jar:3.11.0]
	at org.apache.camel.reifier.AbstractReifier.resolveEndpoint(AbstractReifier.java:177) ~[camel-core-reifier-3.11.0.jar:3.11.0]
	at org.apache.camel.reifier.RouteReifier.doCreateRoute(RouteReifier.java:94) ~[camel-core-reifier-3.11.0.jar:3.11.0]
	at org.apache.camel.reifier.RouteReifier.createRoute(RouteReifier.java:74) ~[camel-core-reifier-3.11.0.jar:3.11.0]
	... 27 common frames omitted
Caused by: org.apache.camel.NoSuchBeanException: No bean could be found in the registry for: rabbitConnectionFactory of type: com.rabbitmq.client.ConnectionFactory
	at org.apache.camel.support.CamelContextHelper.mandatoryLookupAndConvert(CamelContextHelper.java:253) ~[camel-support-3.11.0.jar:3.11.0]
	at org.apache.camel.support.EndpointHelper.resolveReferenceParameter(EndpointHelper.java:376) ~[camel-support-3.11.0.jar:3.11.0]
	at org.apache.camel.support.EndpointHelper.resolveReferenceParameter(EndpointHelper.java:336) ~[camel-support-3.11.0.jar:3.11.0]
	at org.apache.camel.support.DefaultComponent.resolveAndRemoveReferenceParameter(DefaultComponent.java:609) ~[camel-support-3.11.0.jar:3.11.0]
	at org.apache.camel.component.rabbitmq.RabbitMQComponent.createEndpoint(RabbitMQComponent.java:186) ~[camel-rabbitmq-3.11.0.jar:3.11.0]
	at org.apache.camel.component.rabbitmq.RabbitMQComponent.createEndpoint(RabbitMQComponent.java:35) ~[camel-rabbitmq-3.11.0.jar:3.11.0]
	at org.apache.camel.support.DefaultComponent.createEndpoint(DefaultComponent.java:171) ~[camel-support-3.11.0.jar:3.11.0]
	at org.apache.camel.impl.engine.AbstractCamelContext.doGetEndpoint(AbstractCamelContext.java:928) ~[camel-base-engine-3.11.0.jar:3.11.0]
	... 32 common frames omitted

2021-12-13 17:51:03.138  INFO 20928 --- [com.pluralsight.michaelhoffman.camel.travel.itinerary.integration.ItineraryIntegrationServiceApplication.main()] i.ItineraryIntegrationServiceApplication : Starting ItineraryIntegrationServiceApplication using Java 11 on nv-hoffman-dell with PID 20928 (C:\dev\pluralsight\fundamentals-of-integration-with-apache-camel\project\fundamentals-of-integration-with-apache-camel\demos\module-5\itinerary-integration-service\target\classes started by mhoffman in C:\dev\pluralsight\fundamentals-of-integration-with-apache-camel\project\fundamentals-of-integration-with-apache-camel\demos\module-5\itinerary-integration-service)
2021-12-13 17:51:03.143 DEBUG 20928 --- [com.pluralsight.michaelhoffman.camel.travel.itinerary.integration.ItineraryIntegrationServiceApplication.main()] i.ItineraryIntegrationServiceApplication : Running with Spring Boot v2.5.2, Spring v5.3.8
2021-12-13 17:51:03.144  INFO 20928 --- [com.pluralsight.michaelhoffman.camel.travel.itinerary.integration.ItineraryIntegrationServiceApplication.main()] i.ItineraryIntegrationServiceApplication : No active profile set, falling back to default profiles: default
2021-12-13 17:51:03.191  INFO 20928 --- [com.pluralsight.michaelhoffman.camel.travel.itinerary.integration.ItineraryIntegrationServiceApplication.main()] .e.DevToolsPropertyDefaultsPostProcessor : For additional web related logging consider setting the 'logging.level.web' property to 'DEBUG'
2021-12-13 17:51:04.681  INFO 20928 --- [com.pluralsight.michaelhoffman.camel.travel.itinerary.integration.ItineraryIntegrationServiceApplication.main()] o.s.b.w.embedded.tomcat.TomcatWebServer  : Tomcat initialized with port(s): 8080 (http)
2021-12-13 17:51:04.694  INFO 20928 --- [com.pluralsight.michaelhoffman.camel.travel.itinerary.integration.ItineraryIntegrationServiceApplication.main()] o.apache.catalina.core.StandardService   : Starting service [Tomcat]
2021-12-13 17:51:04.694  INFO 20928 --- [com.pluralsight.michaelhoffman.camel.travel.itinerary.integration.ItineraryIntegrationServiceApplication.main()] org.apache.catalina.core.StandardEngine  : Starting Servlet engine: [Apache Tomcat/9.0.48]
2021-12-13 17:51:04.768  INFO 20928 --- [com.pluralsight.michaelhoffman.camel.travel.itinerary.integration.ItineraryIntegrationServiceApplication.main()] o.a.c.c.C.[Tomcat].[localhost].[/]       : Initializing Spring embedded WebApplicationContext
2021-12-13 17:51:04.769  INFO 20928 --- [com.pluralsight.michaelhoffman.camel.travel.itinerary.integration.ItineraryIntegrationServiceApplication.main()] w.s.c.ServletWebServerApplicationContext : Root WebApplicationContext: initialization completed in 1577 ms
2021-12-13 17:51:04.972  INFO 20928 --- [com.pluralsight.michaelhoffman.camel.travel.itinerary.integration.ItineraryIntegrationServiceApplication.main()] o.s.b.a.e.web.ServletEndpointRegistrar   : Registered '/actuator/jolokia' to jolokia-actuator-endpoint
2021-12-13 17:51:05.894  INFO 20928 --- [com.pluralsight.michaelhoffman.camel.travel.itinerary.integration.ItineraryIntegrationServiceApplication.main()] o.s.b.a.e.web.EndpointLinksResolver      : Exposing 15 endpoint(s) beneath base path '/actuator'
2021-12-13 17:51:05.977  INFO 20928 --- [com.pluralsight.michaelhoffman.camel.travel.itinerary.integration.ItineraryIntegrationServiceApplication.main()] o.a.c.c.s.CamelHttpTransportServlet      : Initialized CamelHttpTransportServlet[name=CamelServlet, contextPath=]
2021-12-13 17:51:05.980  INFO 20928 --- [com.pluralsight.michaelhoffman.camel.travel.itinerary.integration.ItineraryIntegrationServiceApplication.main()] o.s.b.w.embedded.tomcat.TomcatWebServer  : Tomcat started on port(s): 8080 (http) with context path ''
2021-12-13 17:51:06.144  INFO 20928 --- [com.pluralsight.michaelhoffman.camel.travel.itinerary.integration.ItineraryIntegrationServiceApplication.main()] o.a.c.management.JmxManagementStrategy   : JMX is enabled
2021-12-13 17:51:06.364  INFO 20928 --- [com.pluralsight.michaelhoffman.camel.travel.itinerary.integration.ItineraryIntegrationServiceApplication.main()] o.a.c.impl.engine.AbstractCamelContext   : Tracing is enabled on CamelContext: camel-1
2021-12-13 17:51:07.025  INFO 20928 --- [com.pluralsight.michaelhoffman.camel.travel.itinerary.integration.ItineraryIntegrationServiceApplication.main()] o.a.c.impl.engine.AbstractCamelContext   : Routes startup summary (total:2 started:2)
2021-12-13 17:51:07.026  INFO 20928 --- [com.pluralsight.michaelhoffman.camel.travel.itinerary.integration.ItineraryIntegrationServiceApplication.main()] o.a.c.impl.engine.AbstractCamelContext   :     Started route1 (rabbitmq://customer)
2021-12-13 17:51:07.026  INFO 20928 --- [com.pluralsight.michaelhoffman.camel.travel.itinerary.integration.ItineraryIntegrationServiceApplication.main()] o.a.c.impl.engine.AbstractCamelContext   :     Started route2 (direct://postToItineraryEndpoint)
2021-12-13 17:51:07.027  INFO 20928 --- [com.pluralsight.michaelhoffman.camel.travel.itinerary.integration.ItineraryIntegrationServiceApplication.main()] o.a.c.impl.engine.AbstractCamelContext   : Apache Camel 3.11.0 (camel-1) started in 973ms (build:62ms init:248ms start:663ms)
2021-12-13 17:51:07.034  INFO 20928 --- [com.pluralsight.michaelhoffman.camel.travel.itinerary.integration.ItineraryIntegrationServiceApplication.main()] i.ItineraryIntegrationServiceApplication : Started ItineraryIntegrationServiceApplication in 4.402 seconds (JVM running for 9.72)
2021-12-13 17:51:18.764  INFO 20928 --- [SpringApplicationShutdownHook] o.a.c.impl.engine.AbstractCamelContext   : Apache Camel 3.11.0 (camel-1) shutting down (timeout:45s)
2021-12-13 17:51:18.784  INFO 20928 --- [SpringApplicationShutdownHook] o.a.c.impl.engine.AbstractCamelContext   : Routes shutdown summary (total:2 stopped:2)
2021-12-13 17:51:18.784  INFO 20928 --- [SpringApplicationShutdownHook] o.a.c.impl.engine.AbstractCamelContext   :     Stopped route2 (direct://postToItineraryEndpoint)
2021-12-13 17:51:18.785  INFO 20928 --- [SpringApplicationShutdownHook] o.a.c.impl.engine.AbstractCamelContext   :     Stopped route1 (rabbitmq://customer)
2021-12-13 17:51:18.790  INFO 20928 --- [SpringApplicationShutdownHook] o.a.c.impl.engine.AbstractCamelContext   : Apache Camel 3.11.0 (camel-1) shutdown in 26ms (uptime:12s426ms)
2021-12-13 17:51:19.087  INFO 20928 --- [SpringApplicationShutdownHook] o.a.c.c.s.CamelHttpTransportServlet      : Destroyed CamelHttpTransportServlet[CamelServlet]
2021-12-13 17:52:00.516  INFO 26004 --- [com.pluralsight.michaelhoffman.camel.travel.itinerary.integration.ItineraryIntegrationServiceApplication.main()] i.ItineraryIntegrationServiceApplication : Starting ItineraryIntegrationServiceApplication using Java 11 on nv-hoffman-dell with PID 26004 (C:\dev\pluralsight\fundamentals-of-integration-with-apache-camel\project\fundamentals-of-integration-with-apache-camel\demos\module-5\itinerary-integration-service\target\classes started by mhoffman in C:\dev\pluralsight\fundamentals-of-integration-with-apache-camel\project\fundamentals-of-integration-with-apache-camel\demos\module-5\itinerary-integration-service)
2021-12-13 17:52:00.520 DEBUG 26004 --- [com.pluralsight.michaelhoffman.camel.travel.itinerary.integration.ItineraryIntegrationServiceApplication.main()] i.ItineraryIntegrationServiceApplication : Running with Spring Boot v2.5.2, Spring v5.3.8
2021-12-13 17:52:00.520  INFO 26004 --- [com.pluralsight.michaelhoffman.camel.travel.itinerary.integration.ItineraryIntegrationServiceApplication.main()] i.ItineraryIntegrationServiceApplication : No active profile set, falling back to default profiles: default
2021-12-13 17:52:00.567  INFO 26004 --- [com.pluralsight.michaelhoffman.camel.travel.itinerary.integration.ItineraryIntegrationServiceApplication.main()] .e.DevToolsPropertyDefaultsPostProcessor : For additional web related logging consider setting the 'logging.level.web' property to 'DEBUG'
2021-12-13 17:52:02.060  INFO 26004 --- [com.pluralsight.michaelhoffman.camel.travel.itinerary.integration.ItineraryIntegrationServiceApplication.main()] o.s.b.w.embedded.tomcat.TomcatWebServer  : Tomcat initialized with port(s): 8080 (http)
2021-12-13 17:52:02.072  INFO 26004 --- [com.pluralsight.michaelhoffman.camel.travel.itinerary.integration.ItineraryIntegrationServiceApplication.main()] o.apache.catalina.core.StandardService   : Starting service [Tomcat]
2021-12-13 17:52:02.073  INFO 26004 --- [com.pluralsight.michaelhoffman.camel.travel.itinerary.integration.ItineraryIntegrationServiceApplication.main()] org.apache.catalina.core.StandardEngine  : Starting Servlet engine: [Apache Tomcat/9.0.48]
2021-12-13 17:52:02.145  INFO 26004 --- [com.pluralsight.michaelhoffman.camel.travel.itinerary.integration.ItineraryIntegrationServiceApplication.main()] o.a.c.c.C.[Tomcat].[localhost].[/]       : Initializing Spring embedded WebApplicationContext
2021-12-13 17:52:02.146  INFO 26004 --- [com.pluralsight.michaelhoffman.camel.travel.itinerary.integration.ItineraryIntegrationServiceApplication.main()] w.s.c.ServletWebServerApplicationContext : Root WebApplicationContext: initialization completed in 1578 ms
2021-12-13 17:52:02.331  INFO 26004 --- [com.pluralsight.michaelhoffman.camel.travel.itinerary.integration.ItineraryIntegrationServiceApplication.main()] o.s.b.a.e.web.ServletEndpointRegistrar   : Registered '/actuator/jolokia' to jolokia-actuator-endpoint
2021-12-13 17:52:03.277  INFO 26004 --- [com.pluralsight.michaelhoffman.camel.travel.itinerary.integration.ItineraryIntegrationServiceApplication.main()] o.s.b.a.e.web.EndpointLinksResolver      : Exposing 15 endpoint(s) beneath base path '/actuator'
2021-12-13 17:52:03.359  INFO 26004 --- [com.pluralsight.michaelhoffman.camel.travel.itinerary.integration.ItineraryIntegrationServiceApplication.main()] o.a.c.c.s.CamelHttpTransportServlet      : Initialized CamelHttpTransportServlet[name=CamelServlet, contextPath=]
2021-12-13 17:52:03.362  INFO 26004 --- [com.pluralsight.michaelhoffman.camel.travel.itinerary.integration.ItineraryIntegrationServiceApplication.main()] o.s.b.w.embedded.tomcat.TomcatWebServer  : Tomcat started on port(s): 8080 (http) with context path ''
2021-12-13 17:52:03.533  INFO 26004 --- [com.pluralsight.michaelhoffman.camel.travel.itinerary.integration.ItineraryIntegrationServiceApplication.main()] o.a.c.management.JmxManagementStrategy   : JMX is enabled
2021-12-13 17:52:03.727  INFO 26004 --- [com.pluralsight.michaelhoffman.camel.travel.itinerary.integration.ItineraryIntegrationServiceApplication.main()] o.a.c.impl.engine.AbstractCamelContext   : Tracing is enabled on CamelContext: camel-1
2021-12-13 17:52:04.292  INFO 26004 --- [com.pluralsight.michaelhoffman.camel.travel.itinerary.integration.ItineraryIntegrationServiceApplication.main()] o.a.c.impl.engine.AbstractCamelContext   : Routes startup summary (total:2 started:2)
2021-12-13 17:52:04.293  INFO 26004 --- [com.pluralsight.michaelhoffman.camel.travel.itinerary.integration.ItineraryIntegrationServiceApplication.main()] o.a.c.impl.engine.AbstractCamelContext   :     Started route1 (rabbitmq://customer)
2021-12-13 17:52:04.293  INFO 26004 --- [com.pluralsight.michaelhoffman.camel.travel.itinerary.integration.ItineraryIntegrationServiceApplication.main()] o.a.c.impl.engine.AbstractCamelContext   :     Started route2 (direct://postToItineraryEndpoint)
2021-12-13 17:52:04.294  INFO 26004 --- [com.pluralsight.michaelhoffman.camel.travel.itinerary.integration.ItineraryIntegrationServiceApplication.main()] o.a.c.impl.engine.AbstractCamelContext   : Apache Camel 3.11.0 (camel-1) started in 858ms (build:68ms init:223ms start:567ms)
2021-12-13 17:52:04.302  INFO 26004 --- [com.pluralsight.michaelhoffman.camel.travel.itinerary.integration.ItineraryIntegrationServiceApplication.main()] i.ItineraryIntegrationServiceApplication : Started ItineraryIntegrationServiceApplication in 4.28 seconds (JVM running for 9.797)
2021-12-13 17:52:19.235  INFO 26004 --- [SpringApplicationShutdownHook] o.a.c.impl.engine.AbstractCamelContext   : Apache Camel 3.11.0 (camel-1) shutting down (timeout:45s)
2021-12-13 17:52:19.259  INFO 26004 --- [SpringApplicationShutdownHook] o.a.c.impl.engine.AbstractCamelContext   : Routes shutdown summary (total:2 stopped:2)
2021-12-13 17:52:19.259  INFO 26004 --- [SpringApplicationShutdownHook] o.a.c.impl.engine.AbstractCamelContext   :     Stopped route2 (direct://postToItineraryEndpoint)
2021-12-13 17:52:19.260  INFO 26004 --- [SpringApplicationShutdownHook] o.a.c.impl.engine.AbstractCamelContext   :     Stopped route1 (rabbitmq://customer)
2021-12-13 17:52:19.265  INFO 26004 --- [SpringApplicationShutdownHook] o.a.c.impl.engine.AbstractCamelContext   : Apache Camel 3.11.0 (camel-1) shutdown in 30ms (uptime:15s538ms)
2021-12-13 17:52:19.567  INFO 26004 --- [SpringApplicationShutdownHook] o.a.c.c.s.CamelHttpTransportServlet      : Destroyed CamelHttpTransportServlet[CamelServlet]
2021-12-13 17:52:38.372  INFO 12724 --- [com.pluralsight.michaelhoffman.camel.travel.itinerary.integration.ItineraryIntegrationServiceApplication.main()] i.ItineraryIntegrationServiceApplication : Starting ItineraryIntegrationServiceApplication using Java 11 on nv-hoffman-dell with PID 12724 (C:\dev\pluralsight\fundamentals-of-integration-with-apache-camel\project\fundamentals-of-integration-with-apache-camel\demos\module-5\itinerary-integration-service\target\classes started by mhoffman in C:\dev\pluralsight\fundamentals-of-integration-with-apache-camel\project\fundamentals-of-integration-with-apache-camel\demos\module-5\itinerary-integration-service)
2021-12-13 17:52:38.376 DEBUG 12724 --- [com.pluralsight.michaelhoffman.camel.travel.itinerary.integration.ItineraryIntegrationServiceApplication.main()] i.ItineraryIntegrationServiceApplication : Running with Spring Boot v2.5.2, Spring v5.3.8
2021-12-13 17:52:38.377  INFO 12724 --- [com.pluralsight.michaelhoffman.camel.travel.itinerary.integration.ItineraryIntegrationServiceApplication.main()] i.ItineraryIntegrationServiceApplication : No active profile set, falling back to default profiles: default
2021-12-13 17:52:38.427  INFO 12724 --- [com.pluralsight.michaelhoffman.camel.travel.itinerary.integration.ItineraryIntegrationServiceApplication.main()] .e.DevToolsPropertyDefaultsPostProcessor : For additional web related logging consider setting the 'logging.level.web' property to 'DEBUG'
2021-12-13 17:52:39.886  INFO 12724 --- [com.pluralsight.michaelhoffman.camel.travel.itinerary.integration.ItineraryIntegrationServiceApplication.main()] o.s.b.w.embedded.tomcat.TomcatWebServer  : Tomcat initialized with port(s): 8084 (http)
2021-12-13 17:52:39.921  INFO 12724 --- [com.pluralsight.michaelhoffman.camel.travel.itinerary.integration.ItineraryIntegrationServiceApplication.main()] o.apache.catalina.core.StandardService   : Starting service [Tomcat]
2021-12-13 17:52:39.922  INFO 12724 --- [com.pluralsight.michaelhoffman.camel.travel.itinerary.integration.ItineraryIntegrationServiceApplication.main()] org.apache.catalina.core.StandardEngine  : Starting Servlet engine: [Apache Tomcat/9.0.48]
2021-12-13 17:52:40.011  INFO 12724 --- [com.pluralsight.michaelhoffman.camel.travel.itinerary.integration.ItineraryIntegrationServiceApplication.main()] o.a.c.c.C.[Tomcat].[localhost].[/]       : Initializing Spring embedded WebApplicationContext
2021-12-13 17:52:40.012  INFO 12724 --- [com.pluralsight.michaelhoffman.camel.travel.itinerary.integration.ItineraryIntegrationServiceApplication.main()] w.s.c.ServletWebServerApplicationContext : Root WebApplicationContext: initialization completed in 1584 ms
2021-12-13 17:52:40.205  INFO 12724 --- [com.pluralsight.michaelhoffman.camel.travel.itinerary.integration.ItineraryIntegrationServiceApplication.main()] o.s.b.a.e.web.ServletEndpointRegistrar   : Registered '/actuator/jolokia' to jolokia-actuator-endpoint
2021-12-13 17:52:41.078  INFO 12724 --- [com.pluralsight.michaelhoffman.camel.travel.itinerary.integration.ItineraryIntegrationServiceApplication.main()] o.s.b.a.e.web.EndpointLinksResolver      : Exposing 15 endpoint(s) beneath base path '/actuator'
2021-12-13 17:52:41.158  INFO 12724 --- [com.pluralsight.michaelhoffman.camel.travel.itinerary.integration.ItineraryIntegrationServiceApplication.main()] o.a.c.c.s.CamelHttpTransportServlet      : Initialized CamelHttpTransportServlet[name=CamelServlet, contextPath=]
2021-12-13 17:52:41.160  INFO 12724 --- [com.pluralsight.michaelhoffman.camel.travel.itinerary.integration.ItineraryIntegrationServiceApplication.main()] o.s.b.w.embedded.tomcat.TomcatWebServer  : Tomcat started on port(s): 8084 (http) with context path ''
2021-12-13 17:52:41.315  INFO 12724 --- [com.pluralsight.michaelhoffman.camel.travel.itinerary.integration.ItineraryIntegrationServiceApplication.main()] o.a.c.management.JmxManagementStrategy   : JMX is enabled
2021-12-13 17:52:41.497  INFO 12724 --- [com.pluralsight.michaelhoffman.camel.travel.itinerary.integration.ItineraryIntegrationServiceApplication.main()] o.a.c.impl.engine.AbstractCamelContext   : Tracing is enabled on CamelContext: camel-1
2021-12-13 17:52:41.992  INFO 12724 --- [com.pluralsight.michaelhoffman.camel.travel.itinerary.integration.ItineraryIntegrationServiceApplication.main()] o.a.c.impl.engine.AbstractCamelContext   : Routes startup summary (total:2 started:2)
2021-12-13 17:52:41.993  INFO 12724 --- [com.pluralsight.michaelhoffman.camel.travel.itinerary.integration.ItineraryIntegrationServiceApplication.main()] o.a.c.impl.engine.AbstractCamelContext   :     Started route1 (rabbitmq://customer)
2021-12-13 17:52:41.993  INFO 12724 --- [com.pluralsight.michaelhoffman.camel.travel.itinerary.integration.ItineraryIntegrationServiceApplication.main()] o.a.c.impl.engine.AbstractCamelContext   :     Started route2 (direct://postToItineraryEndpoint)
2021-12-13 17:52:41.994  INFO 12724 --- [com.pluralsight.michaelhoffman.camel.travel.itinerary.integration.ItineraryIntegrationServiceApplication.main()] o.a.c.impl.engine.AbstractCamelContext   : Apache Camel 3.11.0 (camel-1) started in 769ms (build:63ms init:209ms start:497ms)
2021-12-13 17:52:42.001  INFO 12724 --- [com.pluralsight.michaelhoffman.camel.travel.itinerary.integration.ItineraryIntegrationServiceApplication.main()] i.ItineraryIntegrationServiceApplication : Started ItineraryIntegrationServiceApplication in 4.103 seconds (JVM running for 9.858)
2021-12-13 18:16:12.732  INFO 12724 --- [SpringApplicationShutdownHook] o.a.c.impl.engine.AbstractCamelContext   : Apache Camel 3.11.0 (camel-1) shutting down (timeout:45s)
2021-12-13 18:16:12.751  INFO 12724 --- [SpringApplicationShutdownHook] o.a.c.impl.engine.AbstractCamelContext   : Routes shutdown summary (total:2 stopped:2)
2021-12-13 18:16:12.752  INFO 12724 --- [SpringApplicationShutdownHook] o.a.c.impl.engine.AbstractCamelContext   :     Stopped route2 (direct://postToItineraryEndpoint)
2021-12-13 18:16:12.752  INFO 12724 --- [SpringApplicationShutdownHook] o.a.c.impl.engine.AbstractCamelContext   :     Stopped route1 (rabbitmq://customer)
2021-12-13 18:16:12.757  INFO 12724 --- [SpringApplicationShutdownHook] o.a.c.impl.engine.AbstractCamelContext   : Apache Camel 3.11.0 (camel-1) shutdown in 25ms (uptime:23m31s)
2021-12-13 18:16:13.050  INFO 12724 --- [SpringApplicationShutdownHook] o.a.c.c.s.CamelHttpTransportServlet      : Destroyed CamelHttpTransportServlet[CamelServlet]
2021-12-13 18:36:31.331  INFO 13248 --- [com.pluralsight.michaelhoffman.camel.travel.itinerary.integration.ItineraryIntegrationServiceApplication.main()] i.ItineraryIntegrationServiceApplication : Starting ItineraryIntegrationServiceApplication using Java 11 on nv-hoffman-dell with PID 13248 (C:\dev\pluralsight\fundamentals-of-integration-with-apache-camel\project\fundamentals-of-integration-with-apache-camel\demos\module-5\itinerary-integration-service\target\classes started by mhoffman in C:\dev\pluralsight\fundamentals-of-integration-with-apache-camel\project\fundamentals-of-integration-with-apache-camel\demos\module-5\itinerary-integration-service)
2021-12-13 18:36:31.335 DEBUG 13248 --- [com.pluralsight.michaelhoffman.camel.travel.itinerary.integration.ItineraryIntegrationServiceApplication.main()] i.ItineraryIntegrationServiceApplication : Running with Spring Boot v2.5.2, Spring v5.3.8
2021-12-13 18:36:31.336  INFO 13248 --- [com.pluralsight.michaelhoffman.camel.travel.itinerary.integration.ItineraryIntegrationServiceApplication.main()] i.ItineraryIntegrationServiceApplication : No active profile set, falling back to default profiles: default
2021-12-13 18:36:31.386  INFO 13248 --- [com.pluralsight.michaelhoffman.camel.travel.itinerary.integration.ItineraryIntegrationServiceApplication.main()] .e.DevToolsPropertyDefaultsPostProcessor : For additional web related logging consider setting the 'logging.level.web' property to 'DEBUG'
2021-12-13 18:36:33.414  INFO 13248 --- [com.pluralsight.michaelhoffman.camel.travel.itinerary.integration.ItineraryIntegrationServiceApplication.main()] o.s.b.w.embedded.tomcat.TomcatWebServer  : Tomcat initialized with port(s): 8084 (http)
2021-12-13 18:36:33.456  INFO 13248 --- [com.pluralsight.michaelhoffman.camel.travel.itinerary.integration.ItineraryIntegrationServiceApplication.main()] o.apache.catalina.core.StandardService   : Starting service [Tomcat]
2021-12-13 18:36:33.457  INFO 13248 --- [com.pluralsight.michaelhoffman.camel.travel.itinerary.integration.ItineraryIntegrationServiceApplication.main()] org.apache.catalina.core.StandardEngine  : Starting Servlet engine: [Apache Tomcat/9.0.48]
2021-12-13 18:36:33.563  INFO 13248 --- [com.pluralsight.michaelhoffman.camel.travel.itinerary.integration.ItineraryIntegrationServiceApplication.main()] o.a.c.c.C.[Tomcat].[localhost].[/]       : Initializing Spring embedded WebApplicationContext
2021-12-13 18:36:33.564  INFO 13248 --- [com.pluralsight.michaelhoffman.camel.travel.itinerary.integration.ItineraryIntegrationServiceApplication.main()] w.s.c.ServletWebServerApplicationContext : Root WebApplicationContext: initialization completed in 2176 ms
2021-12-13 18:36:33.858  INFO 13248 --- [com.pluralsight.michaelhoffman.camel.travel.itinerary.integration.ItineraryIntegrationServiceApplication.main()] o.s.b.a.e.web.ServletEndpointRegistrar   : Registered '/actuator/jolokia' to jolokia-actuator-endpoint
2021-12-13 18:36:35.344  INFO 13248 --- [com.pluralsight.michaelhoffman.camel.travel.itinerary.integration.ItineraryIntegrationServiceApplication.main()] o.s.b.a.e.web.EndpointLinksResolver      : Exposing 15 endpoint(s) beneath base path '/actuator'
2021-12-13 18:36:35.435  INFO 13248 --- [com.pluralsight.michaelhoffman.camel.travel.itinerary.integration.ItineraryIntegrationServiceApplication.main()] o.a.c.c.s.CamelHttpTransportServlet      : Initialized CamelHttpTransportServlet[name=CamelServlet, contextPath=]
2021-12-13 18:36:35.438  INFO 13248 --- [com.pluralsight.michaelhoffman.camel.travel.itinerary.integration.ItineraryIntegrationServiceApplication.main()] o.s.b.w.embedded.tomcat.TomcatWebServer  : Tomcat started on port(s): 8084 (http) with context path ''
2021-12-13 18:36:35.669  INFO 13248 --- [com.pluralsight.michaelhoffman.camel.travel.itinerary.integration.ItineraryIntegrationServiceApplication.main()] o.a.c.management.JmxManagementStrategy   : JMX is enabled
2021-12-13 18:36:35.942  INFO 13248 --- [com.pluralsight.michaelhoffman.camel.travel.itinerary.integration.ItineraryIntegrationServiceApplication.main()] o.a.c.impl.engine.AbstractCamelContext   : Tracing is enabled on CamelContext: camel-1
2021-12-13 18:36:36.609  INFO 13248 --- [com.pluralsight.michaelhoffman.camel.travel.itinerary.integration.ItineraryIntegrationServiceApplication.main()] o.a.c.impl.engine.AbstractCamelContext   : Routes startup summary (total:2 started:2)
2021-12-13 18:36:36.610  INFO 13248 --- [com.pluralsight.michaelhoffman.camel.travel.itinerary.integration.ItineraryIntegrationServiceApplication.main()] o.a.c.impl.engine.AbstractCamelContext   :     Started route1 (rabbitmq://customer)
2021-12-13 18:36:36.610  INFO 13248 --- [com.pluralsight.michaelhoffman.camel.travel.itinerary.integration.ItineraryIntegrationServiceApplication.main()] o.a.c.impl.engine.AbstractCamelContext   :     Started route2 (direct://postToItineraryEndpoint)
2021-12-13 18:36:36.611  INFO 13248 --- [com.pluralsight.michaelhoffman.camel.travel.itinerary.integration.ItineraryIntegrationServiceApplication.main()] o.a.c.impl.engine.AbstractCamelContext   : Apache Camel 3.11.0 (camel-1) started in 1s106ms (build:106ms init:331ms start:669ms)
2021-12-13 18:36:36.621  INFO 13248 --- [com.pluralsight.michaelhoffman.camel.travel.itinerary.integration.ItineraryIntegrationServiceApplication.main()] i.ItineraryIntegrationServiceApplication : Started ItineraryIntegrationServiceApplication in 5.954 seconds (JVM running for 12.044)
