2021-12-13 18:24:58.974  INFO 28656 --- [com.pluralsight.michaelhoffman.camel.travel.customer.CustomerDomainServiceApplication.main()] m.c.t.c.CustomerDomainServiceApplication : Starting CustomerDomainServiceApplication using Java 11 on nv-hoffman-dell with PID 28656 (C:\dev\pluralsight\fundamentals-of-integration-with-apache-camel\project\fundamentals-of-integration-with-apache-camel\demos\module-5\customer-domain-service\target\classes started by mhoffman in C:\dev\pluralsight\fundamentals-of-integration-with-apache-camel\project\fundamentals-of-integration-with-apache-camel\demos\module-5\customer-domain-service)
2021-12-13 18:24:58.978 DEBUG 28656 --- [com.pluralsight.michaelhoffman.camel.travel.customer.CustomerDomainServiceApplication.main()] m.c.t.c.CustomerDomainServiceApplication : Running with Spring Boot v2.5.2, Spring v5.3.8
2021-12-13 18:24:58.978  INFO 28656 --- [com.pluralsight.michaelhoffman.camel.travel.customer.CustomerDomainServiceApplication.main()] m.c.t.c.CustomerDomainServiceApplication : No active profile set, falling back to default profiles: default
2021-12-13 18:24:59.028  INFO 28656 --- [com.pluralsight.michaelhoffman.camel.travel.customer.CustomerDomainServiceApplication.main()] .e.DevToolsPropertyDefaultsPostProcessor : For additional web related logging consider setting the 'logging.level.web' property to 'DEBUG'
2021-12-13 18:25:00.459  INFO 28656 --- [com.pluralsight.michaelhoffman.camel.travel.customer.CustomerDomainServiceApplication.main()] o.s.b.w.embedded.tomcat.TomcatWebServer  : Tomcat initialized with port(s): 8081 (http)
2021-12-13 18:25:00.470  INFO 28656 --- [com.pluralsight.michaelhoffman.camel.travel.customer.CustomerDomainServiceApplication.main()] o.apache.catalina.core.StandardService   : Starting service [Tomcat]
2021-12-13 18:25:00.470  INFO 28656 --- [com.pluralsight.michaelhoffman.camel.travel.customer.CustomerDomainServiceApplication.main()] org.apache.catalina.core.StandardEngine  : Starting Servlet engine: [Apache Tomcat/9.0.48]
2021-12-13 18:25:00.531  INFO 28656 --- [com.pluralsight.michaelhoffman.camel.travel.customer.CustomerDomainServiceApplication.main()] o.a.c.c.C.[Tomcat].[localhost].[/]       : Initializing Spring embedded WebApplicationContext
2021-12-13 18:25:00.531  INFO 28656 --- [com.pluralsight.michaelhoffman.camel.travel.customer.CustomerDomainServiceApplication.main()] w.s.c.ServletWebServerApplicationContext : Root WebApplicationContext: initialization completed in 1502 ms
2021-12-13 18:25:01.062  INFO 28656 --- [com.pluralsight.michaelhoffman.camel.travel.customer.CustomerDomainServiceApplication.main()] o.s.b.a.e.web.EndpointLinksResolver      : Exposing 1 endpoint(s) beneath base path '/actuator'
2021-12-13 18:25:01.107  INFO 28656 --- [com.pluralsight.michaelhoffman.camel.travel.customer.CustomerDomainServiceApplication.main()] o.s.b.w.embedded.tomcat.TomcatWebServer  : Tomcat started on port(s): 8081 (http) with context path ''
2021-12-13 18:25:01.122  INFO 28656 --- [com.pluralsight.michaelhoffman.camel.travel.customer.CustomerDomainServiceApplication.main()] m.c.t.c.CustomerDomainServiceApplication : Started CustomerDomainServiceApplication in 2.633 seconds (JVM running for 6.503)
2021-12-13 18:38:30.052  INFO 28656 --- [http-nio-8081-exec-1] o.a.c.c.C.[Tomcat].[localhost].[/]       : Initializing Spring DispatcherServlet 'dispatcherServlet'
2021-12-13 18:38:30.054  INFO 28656 --- [http-nio-8081-exec-1] o.s.web.servlet.DispatcherServlet        : Initializing Servlet 'dispatcherServlet'
2021-12-13 18:38:30.056  INFO 28656 --- [http-nio-8081-exec-1] o.s.web.servlet.DispatcherServlet        : Completed initialization in 1 ms
2021-12-13 18:38:30.083 DEBUG 28656 --- [http-nio-8081-exec-1] c.p.m.c.t.customer.CustomerController    : Request to create customer
2021-12-13 18:38:30.084 DEBUG 28656 --- [http-nio-8081-exec-1] c.p.m.c.t.customer.CustomerController    : Sending event with type: create
2021-12-13 18:38:30.891 DEBUG 28656 --- [http-nio-8081-exec-1] c.p.m.c.t.customer.CustomerController    : Event sent successfully
2021-12-13 18:47:35.469 DEBUG 28656 --- [http-nio-8081-exec-2] c.p.m.c.t.customer.CustomerController    : Request to update customer
2021-12-13 18:47:35.470 DEBUG 28656 --- [http-nio-8081-exec-2] c.p.m.c.t.customer.CustomerController    : Sending event with type: update
2021-12-13 18:47:56.317 ERROR 28656 --- [http-nio-8081-exec-2] o.a.c.c.C.[.[.[/].[dispatcherServlet]    : Servlet.service() for servlet [dispatcherServlet] in context with path [] threw exception [Request processing failed; nested exception is org.springframework.web.client.HttpServerErrorException$InternalServerError: 500 : [org.apache.camel.ExchangeTimedOutException: The OUT message was not received within: 20000 millis due reply message with correlationID: Camel-3F29990901D6789-0000000000000003 not received on destinati... (1409 bytes)]] with root cause

org.springframework.web.client.HttpServerErrorException$InternalServerError: 500 : [org.apache.camel.ExchangeTimedOutException: The OUT message was not received within: 20000 millis due reply message with correlationID: Camel-3F29990901D6789-0000000000000003 not received on destinati... (1409 bytes)]
	at org.springframework.web.client.HttpServerErrorException.create(HttpServerErrorException.java:100) ~[spring-web-5.3.8.jar:5.3.8]
	at org.springframework.web.client.DefaultResponseErrorHandler.handleError(DefaultResponseErrorHandler.java:188) ~[spring-web-5.3.8.jar:5.3.8]
	at org.springframework.web.client.DefaultResponseErrorHandler.handleError(DefaultResponseErrorHandler.java:125) ~[spring-web-5.3.8.jar:5.3.8]
	at org.springframework.web.client.ResponseErrorHandler.handleError(ResponseErrorHandler.java:63) ~[spring-web-5.3.8.jar:5.3.8]
	at org.springframework.web.client.RestTemplate.handleResponse(RestTemplate.java:819) ~[spring-web-5.3.8.jar:5.3.8]
	at org.springframework.web.client.RestTemplate.doExecute(RestTemplate.java:777) ~[spring-web-5.3.8.jar:5.3.8]
	at org.springframework.web.client.RestTemplate.execute(RestTemplate.java:711) ~[spring-web-5.3.8.jar:5.3.8]
	at org.springframework.web.client.RestTemplate.postForEntity(RestTemplate.java:468) ~[spring-web-5.3.8.jar:5.3.8]
	at com.pluralsight.michaelhoffman.camel.travel.customer.CustomerController.sendEvent(CustomerController.java:66) ~[classes/:na]
	at com.pluralsight.michaelhoffman.camel.travel.customer.CustomerController.updateCustomer(CustomerController.java:43) ~[classes/:na]
	at java.base/jdk.internal.reflect.NativeMethodAccessorImpl.invoke0(Native Method) ~[na:na]
	at java.base/jdk.internal.reflect.NativeMethodAccessorImpl.invoke(NativeMethodAccessorImpl.java:62) ~[na:na]
	at java.base/jdk.internal.reflect.DelegatingMethodAccessorImpl.invoke(DelegatingMethodAccessorImpl.java:43) ~[na:na]
	at java.base/java.lang.reflect.Method.invoke(Method.java:566) ~[na:na]
	at org.springframework.web.method.support.InvocableHandlerMethod.doInvoke(InvocableHandlerMethod.java:197) ~[spring-web-5.3.8.jar:5.3.8]
	at org.springframework.web.method.support.InvocableHandlerMethod.invokeForRequest(InvocableHandlerMethod.java:141) ~[spring-web-5.3.8.jar:5.3.8]
	at org.springframework.web.servlet.mvc.method.annotation.ServletInvocableHandlerMethod.invokeAndHandle(ServletInvocableHandlerMethod.java:106) ~[spring-webmvc-5.3.8.jar:5.3.8]
	at org.springframework.web.servlet.mvc.method.annotation.RequestMappingHandlerAdapter.invokeHandlerMethod(RequestMappingHandlerAdapter.java:894) ~[spring-webmvc-5.3.8.jar:5.3.8]
	at org.springframework.web.servlet.mvc.method.annotation.RequestMappingHandlerAdapter.handleInternal(RequestMappingHandlerAdapter.java:808) ~[spring-webmvc-5.3.8.jar:5.3.8]
	at org.springframework.web.servlet.mvc.method.AbstractHandlerMethodAdapter.handle(AbstractHandlerMethodAdapter.java:87) ~[spring-webmvc-5.3.8.jar:5.3.8]
	at org.springframework.web.servlet.DispatcherServlet.doDispatch(DispatcherServlet.java:1063) ~[spring-webmvc-5.3.8.jar:5.3.8]
	at org.springframework.web.servlet.DispatcherServlet.doService(DispatcherServlet.java:963) ~[spring-webmvc-5.3.8.jar:5.3.8]
	at org.springframework.web.servlet.FrameworkServlet.processRequest(FrameworkServlet.java:1006) ~[spring-webmvc-5.3.8.jar:5.3.8]
	at org.springframework.web.servlet.FrameworkServlet.doPut(FrameworkServlet.java:920) ~[spring-webmvc-5.3.8.jar:5.3.8]
	at javax.servlet.http.HttpServlet.service(HttpServlet.java:684) ~[tomcat-embed-core-9.0.48.jar:4.0.FR]
	at org.springframework.web.servlet.FrameworkServlet.service(FrameworkServlet.java:883) ~[spring-webmvc-5.3.8.jar:5.3.8]
	at javax.servlet.http.HttpServlet.service(HttpServlet.java:764) ~[tomcat-embed-core-9.0.48.jar:4.0.FR]
	at org.apache.catalina.core.ApplicationFilterChain.internalDoFilter(ApplicationFilterChain.java:228) ~[tomcat-embed-core-9.0.48.jar:9.0.48]
	at org.apache.catalina.core.ApplicationFilterChain.doFilter(ApplicationFilterChain.java:163) ~[tomcat-embed-core-9.0.48.jar:9.0.48]
	at org.apache.tomcat.websocket.server.WsFilter.doFilter(WsFilter.java:53) ~[tomcat-embed-websocket-9.0.48.jar:9.0.48]
	at org.apache.catalina.core.ApplicationFilterChain.internalDoFilter(ApplicationFilterChain.java:190) ~[tomcat-embed-core-9.0.48.jar:9.0.48]
	at org.apache.catalina.core.ApplicationFilterChain.doFilter(ApplicationFilterChain.java:163) ~[tomcat-embed-core-9.0.48.jar:9.0.48]
	at org.springframework.web.filter.RequestContextFilter.doFilterInternal(RequestContextFilter.java:100) ~[spring-web-5.3.8.jar:5.3.8]
	at org.springframework.web.filter.OncePerRequestFilter.doFilter(OncePerRequestFilter.java:119) ~[spring-web-5.3.8.jar:5.3.8]
	at org.apache.catalina.core.ApplicationFilterChain.internalDoFilter(ApplicationFilterChain.java:190) ~[tomcat-embed-core-9.0.48.jar:9.0.48]
	at org.apache.catalina.core.ApplicationFilterChain.doFilter(ApplicationFilterChain.java:163) ~[tomcat-embed-core-9.0.48.jar:9.0.48]
	at org.springframework.web.filter.FormContentFilter.doFilterInternal(FormContentFilter.java:93) ~[spring-web-5.3.8.jar:5.3.8]
	at org.springframework.web.filter.OncePerRequestFilter.doFilter(OncePerRequestFilter.java:119) ~[spring-web-5.3.8.jar:5.3.8]
	at org.apache.catalina.core.ApplicationFilterChain.internalDoFilter(ApplicationFilterChain.java:190) ~[tomcat-embed-core-9.0.48.jar:9.0.48]
	at org.apache.catalina.core.ApplicationFilterChain.doFilter(ApplicationFilterChain.java:163) ~[tomcat-embed-core-9.0.48.jar:9.0.48]
	at org.springframework.boot.actuate.metrics.web.servlet.WebMvcMetricsFilter.doFilterInternal(WebMvcMetricsFilter.java:96) ~[spring-boot-actuator-2.5.2.jar:2.5.2]
	at org.springframework.web.filter.OncePerRequestFilter.doFilter(OncePerRequestFilter.java:119) ~[spring-web-5.3.8.jar:5.3.8]
	at org.apache.catalina.core.ApplicationFilterChain.internalDoFilter(ApplicationFilterChain.java:190) ~[tomcat-embed-core-9.0.48.jar:9.0.48]
	at org.apache.catalina.core.ApplicationFilterChain.doFilter(ApplicationFilterChain.java:163) ~[tomcat-embed-core-9.0.48.jar:9.0.48]
	at org.springframework.web.filter.CharacterEncodingFilter.doFilterInternal(CharacterEncodingFilter.java:201) ~[spring-web-5.3.8.jar:5.3.8]
	at org.springframework.web.filter.OncePerRequestFilter.doFilter(OncePerRequestFilter.java:119) ~[spring-web-5.3.8.jar:5.3.8]
	at org.apache.catalina.core.ApplicationFilterChain.internalDoFilter(ApplicationFilterChain.java:190) ~[tomcat-embed-core-9.0.48.jar:9.0.48]
	at org.apache.catalina.core.ApplicationFilterChain.doFilter(ApplicationFilterChain.java:163) ~[tomcat-embed-core-9.0.48.jar:9.0.48]
	at org.apache.catalina.core.StandardWrapperValve.invoke(StandardWrapperValve.java:202) ~[tomcat-embed-core-9.0.48.jar:9.0.48]
	at org.apache.catalina.core.StandardContextValve.invoke(StandardContextValve.java:97) ~[tomcat-embed-core-9.0.48.jar:9.0.48]
	at org.apache.catalina.authenticator.AuthenticatorBase.invoke(AuthenticatorBase.java:542) ~[tomcat-embed-core-9.0.48.jar:9.0.48]
	at org.apache.catalina.core.StandardHostValve.invoke(StandardHostValve.java:143) ~[tomcat-embed-core-9.0.48.jar:9.0.48]
	at org.apache.catalina.valves.ErrorReportValve.invoke(ErrorReportValve.java:92) ~[tomcat-embed-core-9.0.48.jar:9.0.48]
	at org.apache.catalina.core.StandardEngineValve.invoke(StandardEngineValve.java:78) ~[tomcat-embed-core-9.0.48.jar:9.0.48]
	at org.apache.catalina.connector.CoyoteAdapter.service(CoyoteAdapter.java:357) ~[tomcat-embed-core-9.0.48.jar:9.0.48]
	at org.apache.coyote.http11.Http11Processor.service(Http11Processor.java:382) ~[tomcat-embed-core-9.0.48.jar:9.0.48]
	at org.apache.coyote.AbstractProcessorLight.process(AbstractProcessorLight.java:65) ~[tomcat-embed-core-9.0.48.jar:9.0.48]
	at org.apache.coyote.AbstractProtocol$ConnectionHandler.process(AbstractProtocol.java:893) ~[tomcat-embed-core-9.0.48.jar:9.0.48]
	at org.apache.tomcat.util.net.NioEndpoint$SocketProcessor.doRun(NioEndpoint.java:1723) ~[tomcat-embed-core-9.0.48.jar:9.0.48]
	at org.apache.tomcat.util.net.SocketProcessorBase.run(SocketProcessorBase.java:49) ~[tomcat-embed-core-9.0.48.jar:9.0.48]
	at java.base/java.util.concurrent.ThreadPoolExecutor.runWorker(ThreadPoolExecutor.java:1128) ~[na:na]
	at java.base/java.util.concurrent.ThreadPoolExecutor$Worker.run(ThreadPoolExecutor.java:628) ~[na:na]
	at org.apache.tomcat.util.threads.TaskThread$WrappingRunnable.run(TaskThread.java:61) ~[tomcat-embed-core-9.0.48.jar:9.0.48]
	at java.base/java.lang.Thread.run(Thread.java:834) ~[na:na]

