2021-08-22 11:01:59.609  INFO 17612 --- [com.pluralsight.michaelhoffman.camel.customer.integration.CustomerIntegrationApplication.main()] p.m.c.c.i.CustomerIntegrationApplication : Starting CustomerIntegrationApplication using Java 11 on nv-hoffman-dell with PID 17612 (C:\dev\pluralsight\fundamentals-of-integration-with-apache-camel\project\fundamentals-of-integration-with-apache-camel\demos\module-3\customer-integration-before\target\classes started by mhoffman in C:\dev\pluralsight\fundamentals-of-integration-with-apache-camel\project\fundamentals-of-integration-with-apache-camel\demos\module-3\customer-integration-before)
2021-08-22 11:01:59.612 DEBUG 17612 --- [com.pluralsight.michaelhoffman.camel.customer.integration.CustomerIntegrationApplication.main()] p.m.c.c.i.CustomerIntegrationApplication : Running with Spring Boot v2.5.2, Spring v5.3.8
2021-08-22 11:01:59.613  INFO 17612 --- [com.pluralsight.michaelhoffman.camel.customer.integration.CustomerIntegrationApplication.main()] p.m.c.c.i.CustomerIntegrationApplication : No active profile set, falling back to default profiles: default
2021-08-22 11:01:59.665  INFO 17612 --- [com.pluralsight.michaelhoffman.camel.customer.integration.CustomerIntegrationApplication.main()] .e.DevToolsPropertyDefaultsPostProcessor : For additional web related logging consider setting the 'logging.level.web' property to 'DEBUG'
2021-08-22 11:02:01.065  INFO 17612 --- [com.pluralsight.michaelhoffman.camel.customer.integration.CustomerIntegrationApplication.main()] o.s.b.w.embedded.tomcat.TomcatWebServer  : Tomcat initialized with port(s): 8080 (http)
2021-08-22 11:02:01.080  INFO 17612 --- [com.pluralsight.michaelhoffman.camel.customer.integration.CustomerIntegrationApplication.main()] o.apache.catalina.core.StandardService   : Starting service [Tomcat]
2021-08-22 11:02:01.081  INFO 17612 --- [com.pluralsight.michaelhoffman.camel.customer.integration.CustomerIntegrationApplication.main()] org.apache.catalina.core.StandardEngine  : Starting Servlet engine: [Apache Tomcat/9.0.48]
2021-08-22 11:02:01.157  INFO 17612 --- [com.pluralsight.michaelhoffman.camel.customer.integration.CustomerIntegrationApplication.main()] o.a.c.c.C.[Tomcat].[localhost].[/]       : Initializing Spring embedded WebApplicationContext
2021-08-22 11:02:01.158  INFO 17612 --- [com.pluralsight.michaelhoffman.camel.customer.integration.CustomerIntegrationApplication.main()] w.s.c.ServletWebServerApplicationContext : Root WebApplicationContext: initialization completed in 1492 ms
2021-08-22 11:02:02.074  INFO 17612 --- [com.pluralsight.michaelhoffman.camel.customer.integration.CustomerIntegrationApplication.main()] o.s.b.a.e.web.EndpointLinksResolver      : Exposing 1 endpoint(s) beneath base path '/actuator'
2021-08-22 11:02:02.159  INFO 17612 --- [com.pluralsight.michaelhoffman.camel.customer.integration.CustomerIntegrationApplication.main()] o.s.b.w.embedded.tomcat.TomcatWebServer  : Tomcat started on port(s): 8080 (http) with context path ''
2021-08-22 11:02:02.514  INFO 17612 --- [com.pluralsight.michaelhoffman.camel.customer.integration.CustomerIntegrationApplication.main()] o.a.c.impl.engine.AbstractCamelContext   : Routes startup summary (total:1 started:1)
2021-08-22 11:02:02.516  INFO 17612 --- [com.pluralsight.michaelhoffman.camel.customer.integration.CustomerIntegrationApplication.main()] o.a.c.impl.engine.AbstractCamelContext   :     Started address-updates-to-customer-service-route (file://c:/integration-file/in)
2021-08-22 11:02:02.516  INFO 17612 --- [com.pluralsight.michaelhoffman.camel.customer.integration.CustomerIntegrationApplication.main()] o.a.c.impl.engine.AbstractCamelContext   : Apache Camel 3.11.0 (camel-1) started in 337ms (build:51ms init:270ms start:16ms)
2021-08-22 11:02:02.522  INFO 17612 --- [com.pluralsight.michaelhoffman.camel.customer.integration.CustomerIntegrationApplication.main()] p.m.c.c.i.CustomerIntegrationApplication : Started CustomerIntegrationApplication in 3.411 seconds (JVM running for 6.244)
2021-08-22 11:06:13.168  INFO 17612 --- [http-nio-8080-exec-1] o.a.c.c.C.[Tomcat].[localhost].[/]       : Initializing Spring DispatcherServlet 'dispatcherServlet'
2021-08-22 11:06:13.170  INFO 17612 --- [http-nio-8080-exec-1] o.s.web.servlet.DispatcherServlet        : Initializing Servlet 'dispatcherServlet'
2021-08-22 11:06:13.171  INFO 17612 --- [http-nio-8080-exec-1] o.s.web.servlet.DispatcherServlet        : Completed initialization in 1 ms
2021-08-22 11:06:13.253 DEBUG 17612 --- [http-nio-8080-exec-1] c.p.m.c.c.i.c.c.CustomerController       : Received customer request patch: Customer{id=1, addressLine1='1060 W. Addison St.', addressLine2='', city='Chicago', state='IL', postalCode='60613'}
2021-08-22 11:06:13.288 DEBUG 17612 --- [http-nio-8080-exec-2] c.p.m.c.c.i.c.c.CustomerController       : Received customer request patch: Customer{id=2, addressLine1='120 E. 76th St.', addressLine2='Suite 200', city='Chicago', state='IL', postalCode='60613'}
2021-08-22 11:06:13.296 DEBUG 17612 --- [http-nio-8080-exec-4] c.p.m.c.c.i.c.c.CustomerController       : Received customer request patch: Customer{id=3, addressLine1='220 E. 77th St.', addressLine2='Apt 402', city='Chicago', state='IL', postalCode='60614'}
2021-08-22 11:07:12.706  INFO 17612 --- [SpringApplicationShutdownHook] o.a.c.impl.engine.AbstractCamelContext   : Apache Camel 3.11.0 (camel-1) shutting down (timeout:45s)
2021-08-22 11:07:12.722  INFO 17612 --- [SpringApplicationShutdownHook] o.a.c.impl.engine.AbstractCamelContext   : Routes shutdown summary (total:1 stopped:1)
2021-08-22 11:07:12.723  INFO 17612 --- [SpringApplicationShutdownHook] o.a.c.impl.engine.AbstractCamelContext   :     Stopped address-updates-to-customer-service-route (file://c:/integration-file/in)
2021-08-22 11:07:12.731  INFO 17612 --- [SpringApplicationShutdownHook] o.a.c.impl.engine.AbstractCamelContext   : Apache Camel 3.11.0 (camel-1) shutdown in 25ms (uptime:5m10s)
