2021-12-13 18:09:26.828  INFO 28108 --- [com.pluralsight.michaelhoffman.camel.simple.integration.SimpleIntegrationServiceApplication.main()] .s.i.SimpleIntegrationServiceApplication : Starting SimpleIntegrationServiceApplication using Java 11 on nv-hoffman-dell with PID 28108 (C:\dev\pluralsight\fundamentals-of-integration-with-apache-camel\project\fundamentals-of-integration-with-apache-camel\demos\module-5\simple-integration-service\target\classes started by mhoffman in C:\dev\pluralsight\fundamentals-of-integration-with-apache-camel\project\fundamentals-of-integration-with-apache-camel\demos\module-5\simple-integration-service)
2021-12-13 18:09:26.832 DEBUG 28108 --- [com.pluralsight.michaelhoffman.camel.simple.integration.SimpleIntegrationServiceApplication.main()] .s.i.SimpleIntegrationServiceApplication : Running with Spring Boot v2.5.2, Spring v5.3.8
2021-12-13 18:09:26.832  INFO 28108 --- [com.pluralsight.michaelhoffman.camel.simple.integration.SimpleIntegrationServiceApplication.main()] .s.i.SimpleIntegrationServiceApplication : No active profile set, falling back to default profiles: default
2021-12-13 18:09:26.874  INFO 28108 --- [com.pluralsight.michaelhoffman.camel.simple.integration.SimpleIntegrationServiceApplication.main()] .e.DevToolsPropertyDefaultsPostProcessor : For additional web related logging consider setting the 'logging.level.web' property to 'DEBUG'
2021-12-13 18:09:28.369  INFO 28108 --- [com.pluralsight.michaelhoffman.camel.simple.integration.SimpleIntegrationServiceApplication.main()] o.s.b.w.embedded.tomcat.TomcatWebServer  : Tomcat initialized with port(s): 8080 (http)
2021-12-13 18:09:28.383  INFO 28108 --- [com.pluralsight.michaelhoffman.camel.simple.integration.SimpleIntegrationServiceApplication.main()] o.apache.catalina.core.StandardService   : Starting service [Tomcat]
2021-12-13 18:09:28.383  INFO 28108 --- [com.pluralsight.michaelhoffman.camel.simple.integration.SimpleIntegrationServiceApplication.main()] org.apache.catalina.core.StandardEngine  : Starting Servlet engine: [Apache Tomcat/9.0.48]
2021-12-13 18:09:28.464  INFO 28108 --- [com.pluralsight.michaelhoffman.camel.simple.integration.SimpleIntegrationServiceApplication.main()] o.a.c.c.C.[Tomcat].[localhost].[/]       : Initializing Spring embedded WebApplicationContext
2021-12-13 18:09:28.465  INFO 28108 --- [com.pluralsight.michaelhoffman.camel.simple.integration.SimpleIntegrationServiceApplication.main()] w.s.c.ServletWebServerApplicationContext : Root WebApplicationContext: initialization completed in 1589 ms
2021-12-13 18:09:28.655  INFO 28108 --- [com.pluralsight.michaelhoffman.camel.simple.integration.SimpleIntegrationServiceApplication.main()] o.s.b.a.e.web.ServletEndpointRegistrar   : Registered '/actuator/jolokia' to jolokia-actuator-endpoint
2021-12-13 18:09:29.597  INFO 28108 --- [com.pluralsight.michaelhoffman.camel.simple.integration.SimpleIntegrationServiceApplication.main()] o.s.b.a.e.web.EndpointLinksResolver      : Exposing 15 endpoint(s) beneath base path '/actuator'
2021-12-13 18:09:29.673  INFO 28108 --- [com.pluralsight.michaelhoffman.camel.simple.integration.SimpleIntegrationServiceApplication.main()] o.a.c.c.s.CamelHttpTransportServlet      : Initialized CamelHttpTransportServlet[name=CamelServlet, contextPath=]
2021-12-13 18:09:29.676  INFO 28108 --- [com.pluralsight.michaelhoffman.camel.simple.integration.SimpleIntegrationServiceApplication.main()] o.s.b.w.embedded.tomcat.TomcatWebServer  : Tomcat started on port(s): 8080 (http) with context path ''
2021-12-13 18:09:29.764  INFO 28108 --- [com.pluralsight.michaelhoffman.camel.simple.integration.SimpleIntegrationServiceApplication.main()] o.a.c.management.JmxManagementStrategy   : JMX is enabled
2021-12-13 18:09:29.975  INFO 28108 --- [com.pluralsight.michaelhoffman.camel.simple.integration.SimpleIntegrationServiceApplication.main()] o.a.c.impl.engine.AbstractCamelContext   : Tracing is enabled on CamelContext: camel-1
2021-12-13 18:09:30.534  INFO 28108 --- [com.pluralsight.michaelhoffman.camel.simple.integration.SimpleIntegrationServiceApplication.main()] o.a.c.impl.engine.AbstractCamelContext   : Routes startup summary (total:4 started:4)
2021-12-13 18:09:30.535  INFO 28108 --- [com.pluralsight.michaelhoffman.camel.simple.integration.SimpleIntegrationServiceApplication.main()] o.a.c.impl.engine.AbstractCamelContext   :     Started route1 (direct://simpleStart)
2021-12-13 18:09:30.535  INFO 28108 --- [com.pluralsight.michaelhoffman.camel.simple.integration.SimpleIntegrationServiceApplication.main()] o.a.c.impl.engine.AbstractCamelContext   :     Started route2 (rabbitmq://simple)
2021-12-13 18:09:30.536  INFO 28108 --- [com.pluralsight.michaelhoffman.camel.simple.integration.SimpleIntegrationServiceApplication.main()] o.a.c.impl.engine.AbstractCamelContext   :     Started route3 (rabbitmq://simple)
2021-12-13 18:09:30.536  INFO 28108 --- [com.pluralsight.michaelhoffman.camel.simple.integration.SimpleIntegrationServiceApplication.main()] o.a.c.impl.engine.AbstractCamelContext   :     Started route4 (rabbitmq://simple_nomatch)
2021-12-13 18:09:30.537  INFO 28108 --- [com.pluralsight.michaelhoffman.camel.simple.integration.SimpleIntegrationServiceApplication.main()] o.a.c.impl.engine.AbstractCamelContext   : Apache Camel 3.11.0 (camel-1) started in 866ms (build:63ms init:241ms start:562ms)
2021-12-13 18:09:30.544  INFO 28108 --- [com.pluralsight.michaelhoffman.camel.simple.integration.SimpleIntegrationServiceApplication.main()] .s.i.SimpleIntegrationServiceApplication : Started SimpleIntegrationServiceApplication in 4.196 seconds (JVM running for 9.54)
2021-12-13 18:10:49.245  INFO 28108 --- [SpringApplicationShutdownHook] o.a.c.impl.engine.AbstractCamelContext   : Apache Camel 3.11.0 (camel-1) shutting down (timeout:45s)
2021-12-13 18:10:49.285  INFO 28108 --- [SpringApplicationShutdownHook] o.a.c.impl.engine.AbstractCamelContext   : Routes shutdown summary (total:4 stopped:4)
2021-12-13 18:10:49.285  INFO 28108 --- [SpringApplicationShutdownHook] o.a.c.impl.engine.AbstractCamelContext   :     Stopped route4 (rabbitmq://simple_nomatch)
2021-12-13 18:10:49.285  INFO 28108 --- [SpringApplicationShutdownHook] o.a.c.impl.engine.AbstractCamelContext   :     Stopped route3 (rabbitmq://simple)
2021-12-13 18:10:49.286  INFO 28108 --- [SpringApplicationShutdownHook] o.a.c.impl.engine.AbstractCamelContext   :     Stopped route2 (rabbitmq://simple)
2021-12-13 18:10:49.286  INFO 28108 --- [SpringApplicationShutdownHook] o.a.c.impl.engine.AbstractCamelContext   :     Stopped route1 (direct://simpleStart)
2021-12-13 18:10:49.291  INFO 28108 --- [SpringApplicationShutdownHook] o.a.c.impl.engine.AbstractCamelContext   : Apache Camel 3.11.0 (camel-1) shutdown in 46ms (uptime:1m19s)
2021-12-13 18:10:49.586  INFO 28108 --- [SpringApplicationShutdownHook] o.a.c.c.s.CamelHttpTransportServlet      : Destroyed CamelHttpTransportServlet[CamelServlet]
