2021-12-13 18:10:31.417  INFO 15068 --- [com.pluralsight.michaelhoffman.camel.travel.sales.integration.SalesIntegrationServiceApplication.main()] t.s.i.SalesIntegrationServiceApplication : Starting SalesIntegrationServiceApplication using Java 11 on nv-hoffman-dell with PID 15068 (C:\dev\pluralsight\fundamentals-of-integration-with-apache-camel\project\fundamentals-of-integration-with-apache-camel\demos\module-5\sales-integration-service\target\classes started by mhoffman in C:\dev\pluralsight\fundamentals-of-integration-with-apache-camel\project\fundamentals-of-integration-with-apache-camel\demos\module-5\sales-integration-service)
2021-12-13 18:10:31.421 DEBUG 15068 --- [com.pluralsight.michaelhoffman.camel.travel.sales.integration.SalesIntegrationServiceApplication.main()] t.s.i.SalesIntegrationServiceApplication : Running with Spring Boot v2.5.2, Spring v5.3.8
2021-12-13 18:10:31.422  INFO 15068 --- [com.pluralsight.michaelhoffman.camel.travel.sales.integration.SalesIntegrationServiceApplication.main()] t.s.i.SalesIntegrationServiceApplication : No active profile set, falling back to default profiles: default
2021-12-13 18:10:31.470  INFO 15068 --- [com.pluralsight.michaelhoffman.camel.travel.sales.integration.SalesIntegrationServiceApplication.main()] .e.DevToolsPropertyDefaultsPostProcessor : For additional web related logging consider setting the 'logging.level.web' property to 'DEBUG'
2021-12-13 18:10:32.943  INFO 15068 --- [com.pluralsight.michaelhoffman.camel.travel.sales.integration.SalesIntegrationServiceApplication.main()] o.s.b.w.embedded.tomcat.TomcatWebServer  : Tomcat initialized with port(s): 8086 (http)
2021-12-13 18:10:32.955  INFO 15068 --- [com.pluralsight.michaelhoffman.camel.travel.sales.integration.SalesIntegrationServiceApplication.main()] o.apache.catalina.core.StandardService   : Starting service [Tomcat]
2021-12-13 18:10:32.956  INFO 15068 --- [com.pluralsight.michaelhoffman.camel.travel.sales.integration.SalesIntegrationServiceApplication.main()] org.apache.catalina.core.StandardEngine  : Starting Servlet engine: [Apache Tomcat/9.0.48]
2021-12-13 18:10:33.030  INFO 15068 --- [com.pluralsight.michaelhoffman.camel.travel.sales.integration.SalesIntegrationServiceApplication.main()] o.a.c.c.C.[Tomcat].[localhost].[/]       : Initializing Spring embedded WebApplicationContext
2021-12-13 18:10:33.031  INFO 15068 --- [com.pluralsight.michaelhoffman.camel.travel.sales.integration.SalesIntegrationServiceApplication.main()] w.s.c.ServletWebServerApplicationContext : Root WebApplicationContext: initialization completed in 1559 ms
2021-12-13 18:10:33.236  INFO 15068 --- [com.pluralsight.michaelhoffman.camel.travel.sales.integration.SalesIntegrationServiceApplication.main()] o.s.b.a.e.web.ServletEndpointRegistrar   : Registered '/actuator/jolokia' to jolokia-actuator-endpoint
2021-12-13 18:10:34.150  INFO 15068 --- [com.pluralsight.michaelhoffman.camel.travel.sales.integration.SalesIntegrationServiceApplication.main()] o.s.b.a.e.web.EndpointLinksResolver      : Exposing 15 endpoint(s) beneath base path '/actuator'
2021-12-13 18:10:34.233  INFO 15068 --- [com.pluralsight.michaelhoffman.camel.travel.sales.integration.SalesIntegrationServiceApplication.main()] o.a.c.c.s.CamelHttpTransportServlet      : Initialized CamelHttpTransportServlet[name=CamelServlet, contextPath=]
2021-12-13 18:10:34.236  INFO 15068 --- [com.pluralsight.michaelhoffman.camel.travel.sales.integration.SalesIntegrationServiceApplication.main()] o.s.b.w.embedded.tomcat.TomcatWebServer  : Tomcat started on port(s): 8086 (http) with context path ''
2021-12-13 18:10:34.411  INFO 15068 --- [com.pluralsight.michaelhoffman.camel.travel.sales.integration.SalesIntegrationServiceApplication.main()] o.a.c.management.JmxManagementStrategy   : JMX is enabled
2021-12-13 18:10:34.620  INFO 15068 --- [com.pluralsight.michaelhoffman.camel.travel.sales.integration.SalesIntegrationServiceApplication.main()] o.a.c.impl.engine.AbstractCamelContext   : Tracing is enabled on CamelContext: camel-1
2021-12-13 18:10:35.218  INFO 15068 --- [com.pluralsight.michaelhoffman.camel.travel.sales.integration.SalesIntegrationServiceApplication.main()] o.a.c.impl.engine.AbstractCamelContext   : Routes startup summary (total:2 started:2)
2021-12-13 18:10:35.218  INFO 15068 --- [com.pluralsight.michaelhoffman.camel.travel.sales.integration.SalesIntegrationServiceApplication.main()] o.a.c.impl.engine.AbstractCamelContext   :     Started route1 (rabbitmq://customer)
2021-12-13 18:10:35.219  INFO 15068 --- [com.pluralsight.michaelhoffman.camel.travel.sales.integration.SalesIntegrationServiceApplication.main()] o.a.c.impl.engine.AbstractCamelContext   :     Started route2 (direct://postToSalesEndpoint)
2021-12-13 18:10:35.219  INFO 15068 --- [com.pluralsight.michaelhoffman.camel.travel.sales.integration.SalesIntegrationServiceApplication.main()] o.a.c.impl.engine.AbstractCamelContext   : Apache Camel 3.11.0 (camel-1) started in 904ms (build:64ms init:241ms start:599ms)
2021-12-13 18:10:35.225  INFO 15068 --- [com.pluralsight.michaelhoffman.camel.travel.sales.integration.SalesIntegrationServiceApplication.main()] t.s.i.SalesIntegrationServiceApplication : Started SalesIntegrationServiceApplication in 4.297 seconds (JVM running for 9.767)
2021-12-13 18:15:09.156  INFO 15068 --- [Camel (camel-1) thread #1 - rabbitmq://customer] org.apache.camel.Tracing                 : *--> [route1      ] [from[rabbitmq:customer?connection] Exchange[Id: 9600EB8805CFED8-0000000000000000, BodyType: byte[], Body: {"customerId":1,"eventType":"create"}]
2021-12-13 18:15:09.158  INFO 15068 --- [Camel (camel-1) thread #1 - rabbitmq://customer] org.apache.camel.Tracing                 :      [route1      ] [unmarshal[org.apache.camel.model.] Exchange[Id: 9600EB8805CFED8-0000000000000000, BodyType: byte[], Body: {"customerId":1,"eventType":"create"}]
2021-12-13 18:15:09.225  INFO 15068 --- [Camel (camel-1) thread #1 - rabbitmq://customer] org.apache.camel.Tracing                 :      [route1      ] [choice[when[{header(CamelRabbitmq] Exchange[Id: 9600EB8805CFED8-0000000000000000, BodyType: com.pluralsight.michaelhoffman.camel.travel.sales.integration.CustomerEvent, Body: CustomerEvent(customerId=1, eventType=create)]
2021-12-13 18:15:09.226  INFO 15068 --- [Camel (camel-1) thread #1 - rabbitmq://customer] org.apache.camel.Tracing                 :      [route1      ] [direct:postToSalesEndpoint       ] Exchange[Id: 9600EB8805CFED8-0000000000000000, BodyType: com.pluralsight.michaelhoffman.camel.travel.sales.integration.CustomerEvent, Body: CustomerEvent(customerId=1, eventType=create)]
2021-12-13 18:15:09.228  INFO 15068 --- [Camel (camel-1) thread #1 - rabbitmq://customer] org.apache.camel.Tracing                 : ---> [route2      ] [from[direct:postToSalesEndpoint] ] Exchange[Id: 9600EB8805CFED8-0000000000000000, BodyType: com.pluralsight.michaelhoffman.camel.travel.sales.integration.CustomerEvent, Body: CustomerEvent(customerId=1, eventType=create)]
2021-12-13 18:15:09.229  INFO 15068 --- [Camel (camel-1) thread #1 - rabbitmq://customer] org.apache.camel.Tracing                 :      [route2      ] [marshal[org.apache.camel.model.da] Exchange[Id: 9600EB8805CFED8-0000000000000000, BodyType: com.pluralsight.michaelhoffman.camel.travel.sales.integration.CustomerEvent, Body: CustomerEvent(customerId=1, eventType=create)]
2021-12-13 18:15:09.244  INFO 15068 --- [Camel (camel-1) thread #1 - rabbitmq://customer] org.apache.camel.Tracing                 :      [route2      ] [doTry                            ] Exchange[Id: 9600EB8805CFED8-0000000000000000, BodyType: byte[], Body: {"customerId":1,"eventType":"create"}]
2021-12-13 18:15:09.246  INFO 15068 --- [Camel (camel-1) thread #1 - rabbitmq://customer] org.apache.camel.Tracing                 :      [route2      ] [rest:post:sales/customer?host={{a] Exchange[Id: 9600EB8805CFED8-0000000000000000, BodyType: byte[], Body: {"customerId":1,"eventType":"create"}]
2021-12-13 18:15:09.479  INFO 15068 --- [Camel (camel-1) thread #1 - rabbitmq://customer] org.apache.camel.Tracing                 : <--- [route2      ] [from[direct://postToSalesEndpoint] Exchange[Id: 9600EB8805CFED8-0000000000000000, BodyType: org.apache.camel.converter.stream.CachedOutputStream.WrappedInputStream, Body: [Body is instance of java.io.InputStream]]
2021-12-13 18:15:09.480  INFO 15068 --- [Camel (camel-1) thread #1 - rabbitmq://customer] org.apache.camel.Tracing                 : *<-- [route1      ] [from[rabbitmq://customer?autoDele] Exchange[Id: 9600EB8805CFED8-0000000000000000, BodyType: org.apache.camel.converter.stream.CachedOutputStream.WrappedInputStream, Body: [Body is instance of java.io.InputStream]]
2021-12-13 18:16:19.510  INFO 15068 --- [SpringApplicationShutdownHook] o.a.c.impl.engine.AbstractCamelContext   : Apache Camel 3.11.0 (camel-1) shutting down (timeout:45s)
2021-12-13 18:16:19.531  INFO 15068 --- [SpringApplicationShutdownHook] o.a.c.impl.engine.AbstractCamelContext   : Routes shutdown summary (total:2 stopped:2)
2021-12-13 18:16:19.531  INFO 15068 --- [SpringApplicationShutdownHook] o.a.c.impl.engine.AbstractCamelContext   :     Stopped route2 (direct://postToSalesEndpoint)
2021-12-13 18:16:19.531  INFO 15068 --- [SpringApplicationShutdownHook] o.a.c.impl.engine.AbstractCamelContext   :     Stopped route1 (rabbitmq://customer)
2021-12-13 18:16:19.536  INFO 15068 --- [SpringApplicationShutdownHook] o.a.c.impl.engine.AbstractCamelContext   : Apache Camel 3.11.0 (camel-1) shutdown in 27ms (uptime:5m44s)
2021-12-13 18:16:19.837  INFO 15068 --- [SpringApplicationShutdownHook] o.a.c.c.s.CamelHttpTransportServlet      : Destroyed CamelHttpTransportServlet[CamelServlet]
