2021-12-13 18:37:28.346  INFO 21268 --- [com.pluralsight.michaelhoffman.camel.travel.sales.integration.SalesIntegrationServiceApplication.main()] t.s.i.SalesIntegrationServiceApplication : Starting SalesIntegrationServiceApplication using Java 11 on nv-hoffman-dell with PID 21268 (C:\dev\pluralsight\fundamentals-of-integration-with-apache-camel\project\fundamentals-of-integration-with-apache-camel\demos\module-5\sales-integration-service\target\classes started by mhoffman in C:\dev\pluralsight\fundamentals-of-integration-with-apache-camel\project\fundamentals-of-integration-with-apache-camel\demos\module-5\sales-integration-service)
2021-12-13 18:37:28.351 DEBUG 21268 --- [com.pluralsight.michaelhoffman.camel.travel.sales.integration.SalesIntegrationServiceApplication.main()] t.s.i.SalesIntegrationServiceApplication : Running with Spring Boot v2.5.2, Spring v5.3.8
2021-12-13 18:37:28.352  INFO 21268 --- [com.pluralsight.michaelhoffman.camel.travel.sales.integration.SalesIntegrationServiceApplication.main()] t.s.i.SalesIntegrationServiceApplication : No active profile set, falling back to default profiles: default
2021-12-13 18:37:28.402  INFO 21268 --- [com.pluralsight.michaelhoffman.camel.travel.sales.integration.SalesIntegrationServiceApplication.main()] .e.DevToolsPropertyDefaultsPostProcessor : For additional web related logging consider setting the 'logging.level.web' property to 'DEBUG'
2021-12-13 18:37:29.996  INFO 21268 --- [com.pluralsight.michaelhoffman.camel.travel.sales.integration.SalesIntegrationServiceApplication.main()] o.s.b.w.embedded.tomcat.TomcatWebServer  : Tomcat initialized with port(s): 8086 (http)
2021-12-13 18:37:30.010  INFO 21268 --- [com.pluralsight.michaelhoffman.camel.travel.sales.integration.SalesIntegrationServiceApplication.main()] o.apache.catalina.core.StandardService   : Starting service [Tomcat]
2021-12-13 18:37:30.010  INFO 21268 --- [com.pluralsight.michaelhoffman.camel.travel.sales.integration.SalesIntegrationServiceApplication.main()] org.apache.catalina.core.StandardEngine  : Starting Servlet engine: [Apache Tomcat/9.0.48]
2021-12-13 18:37:30.091  INFO 21268 --- [com.pluralsight.michaelhoffman.camel.travel.sales.integration.SalesIntegrationServiceApplication.main()] o.a.c.c.C.[Tomcat].[localhost].[/]       : Initializing Spring embedded WebApplicationContext
2021-12-13 18:37:30.092  INFO 21268 --- [com.pluralsight.michaelhoffman.camel.travel.sales.integration.SalesIntegrationServiceApplication.main()] w.s.c.ServletWebServerApplicationContext : Root WebApplicationContext: initialization completed in 1689 ms
2021-12-13 18:37:30.302  INFO 21268 --- [com.pluralsight.michaelhoffman.camel.travel.sales.integration.SalesIntegrationServiceApplication.main()] o.s.b.a.e.web.ServletEndpointRegistrar   : Registered '/actuator/jolokia' to jolokia-actuator-endpoint
2021-12-13 18:37:31.271  INFO 21268 --- [com.pluralsight.michaelhoffman.camel.travel.sales.integration.SalesIntegrationServiceApplication.main()] o.s.b.a.e.web.EndpointLinksResolver      : Exposing 15 endpoint(s) beneath base path '/actuator'
2021-12-13 18:37:31.358  INFO 21268 --- [com.pluralsight.michaelhoffman.camel.travel.sales.integration.SalesIntegrationServiceApplication.main()] o.a.c.c.s.CamelHttpTransportServlet      : Initialized CamelHttpTransportServlet[name=CamelServlet, contextPath=]
2021-12-13 18:37:31.373  INFO 21268 --- [com.pluralsight.michaelhoffman.camel.travel.sales.integration.SalesIntegrationServiceApplication.main()] o.s.b.w.embedded.tomcat.TomcatWebServer  : Tomcat started on port(s): 8086 (http) with context path ''
2021-12-13 18:37:31.557  INFO 21268 --- [com.pluralsight.michaelhoffman.camel.travel.sales.integration.SalesIntegrationServiceApplication.main()] o.a.c.management.JmxManagementStrategy   : JMX is enabled
2021-12-13 18:37:31.794  INFO 21268 --- [com.pluralsight.michaelhoffman.camel.travel.sales.integration.SalesIntegrationServiceApplication.main()] o.a.c.impl.engine.AbstractCamelContext   : Tracing is enabled on CamelContext: camel-1
2021-12-13 18:37:32.475  INFO 21268 --- [com.pluralsight.michaelhoffman.camel.travel.sales.integration.SalesIntegrationServiceApplication.main()] o.a.c.impl.engine.AbstractCamelContext   : Routes startup summary (total:2 started:2)
2021-12-13 18:37:32.476  INFO 21268 --- [com.pluralsight.michaelhoffman.camel.travel.sales.integration.SalesIntegrationServiceApplication.main()] o.a.c.impl.engine.AbstractCamelContext   :     Started route1 (rabbitmq://customer)
2021-12-13 18:37:32.477  INFO 21268 --- [com.pluralsight.michaelhoffman.camel.travel.sales.integration.SalesIntegrationServiceApplication.main()] o.a.c.impl.engine.AbstractCamelContext   :     Started route2 (direct://postToSalesEndpoint)
2021-12-13 18:37:32.478  INFO 21268 --- [com.pluralsight.michaelhoffman.camel.travel.sales.integration.SalesIntegrationServiceApplication.main()] o.a.c.impl.engine.AbstractCamelContext   : Apache Camel 3.11.0 (camel-1) started in 1s21ms (build:69ms init:268ms start:684ms)
2021-12-13 18:37:32.507  INFO 21268 --- [com.pluralsight.michaelhoffman.camel.travel.sales.integration.SalesIntegrationServiceApplication.main()] t.s.i.SalesIntegrationServiceApplication : Started SalesIntegrationServiceApplication in 4.66 seconds (JVM running for 10.197)
2021-12-13 18:38:30.495  INFO 21268 --- [Camel (camel-1) thread #1 - rabbitmq://customer] org.apache.camel.Tracing                 : *--> [route1      ] [from[rabbitmq:customer?connection] Exchange[Id: 757B556EC1434ED-0000000000000000, BodyType: byte[], Body: {"customerId":1,"eventType":"create"}]
2021-12-13 18:38:30.498  INFO 21268 --- [Camel (camel-1) thread #1 - rabbitmq://customer] org.apache.camel.Tracing                 :      [route1      ] [unmarshal[org.apache.camel.model.] Exchange[Id: 757B556EC1434ED-0000000000000000, BodyType: byte[], Body: {"customerId":1,"eventType":"create"}]
2021-12-13 18:38:30.574  INFO 21268 --- [Camel (camel-1) thread #1 - rabbitmq://customer] org.apache.camel.Tracing                 :      [route1      ] [choice[when[{header(CamelRabbitmq] Exchange[Id: 757B556EC1434ED-0000000000000000, BodyType: com.pluralsight.michaelhoffman.camel.travel.sales.integration.CustomerEvent, Body: CustomerEvent(customerId=1, eventType=create)]
2021-12-13 18:38:30.575  INFO 21268 --- [Camel (camel-1) thread #1 - rabbitmq://customer] org.apache.camel.Tracing                 :      [route1      ] [direct:postToSalesEndpoint       ] Exchange[Id: 757B556EC1434ED-0000000000000000, BodyType: com.pluralsight.michaelhoffman.camel.travel.sales.integration.CustomerEvent, Body: CustomerEvent(customerId=1, eventType=create)]
2021-12-13 18:38:30.579  INFO 21268 --- [Camel (camel-1) thread #1 - rabbitmq://customer] org.apache.camel.Tracing                 : ---> [route2      ] [from[direct:postToSalesEndpoint] ] Exchange[Id: 757B556EC1434ED-0000000000000000, BodyType: com.pluralsight.michaelhoffman.camel.travel.sales.integration.CustomerEvent, Body: CustomerEvent(customerId=1, eventType=create)]
2021-12-13 18:38:30.579  INFO 21268 --- [Camel (camel-1) thread #1 - rabbitmq://customer] org.apache.camel.Tracing                 :      [route2      ] [marshal[org.apache.camel.model.da] Exchange[Id: 757B556EC1434ED-0000000000000000, BodyType: com.pluralsight.michaelhoffman.camel.travel.sales.integration.CustomerEvent, Body: CustomerEvent(customerId=1, eventType=create)]
2021-12-13 18:38:30.597  INFO 21268 --- [Camel (camel-1) thread #1 - rabbitmq://customer] org.apache.camel.Tracing                 :      [route2      ] [doTry                            ] Exchange[Id: 757B556EC1434ED-0000000000000000, BodyType: byte[], Body: {"customerId":1,"eventType":"create"}]
2021-12-13 18:38:30.599  INFO 21268 --- [Camel (camel-1) thread #1 - rabbitmq://customer] org.apache.camel.Tracing                 :      [route2      ] [rest:post:sales/customer?host={{a] Exchange[Id: 757B556EC1434ED-0000000000000000, BodyType: byte[], Body: {"customerId":1,"eventType":"create"}]
2021-12-13 18:38:30.855  INFO 21268 --- [Camel (camel-1) thread #1 - rabbitmq://customer] org.apache.camel.Tracing                 : <--- [route2      ] [from[direct://postToSalesEndpoint] Exchange[Id: 757B556EC1434ED-0000000000000000, BodyType: org.apache.camel.converter.stream.CachedOutputStream.WrappedInputStream, Body: [Body is instance of java.io.InputStream]]
2021-12-13 18:38:30.856  INFO 21268 --- [Camel (camel-1) thread #1 - rabbitmq://customer] org.apache.camel.Tracing                 : *<-- [route1      ] [from[rabbitmq://customer?autoDele] Exchange[Id: 757B556EC1434ED-0000000000000000, BodyType: org.apache.camel.converter.stream.CachedOutputStream.WrappedInputStream, Body: [Body is instance of java.io.InputStream]]
2021-12-13 18:47:35.494  INFO 21268 --- [Camel (camel-1) thread #2 - rabbitmq://customer] org.apache.camel.Tracing                 :      [route1      ] [unmarshal[org.apache.camel.model.] Exchange[Id: 757B556EC1434ED-0000000000000001, BodyType: byte[], Body: {"customerId":1,"eventType":"update"}]
2021-12-13 18:47:35.495  INFO 21268 --- [Camel (camel-1) thread #2 - rabbitmq://customer] org.apache.camel.Tracing                 : *--> [route1      ] [from[rabbitmq:customer?connection] Exchange[Id: 757B556EC1434ED-0000000000000001, BodyType: com.pluralsight.michaelhoffman.camel.travel.sales.integration.CustomerEvent, Body: CustomerEvent(customerId=1, eventType=update)]
2021-12-13 18:47:35.496  INFO 21268 --- [Camel (camel-1) thread #2 - rabbitmq://customer] org.apache.camel.Tracing                 :      [route1      ] [choice[when[{header(CamelRabbitmq] Exchange[Id: 757B556EC1434ED-0000000000000001, BodyType: com.pluralsight.michaelhoffman.camel.travel.sales.integration.CustomerEvent, Body: CustomerEvent(customerId=1, eventType=update)]
2021-12-13 18:47:35.496  INFO 21268 --- [Camel (camel-1) thread #2 - rabbitmq://customer] org.apache.camel.Tracing                 :      [route1      ] [stop                             ] Exchange[Id: 757B556EC1434ED-0000000000000001, BodyType: com.pluralsight.michaelhoffman.camel.travel.sales.integration.CustomerEvent, Body: CustomerEvent(customerId=1, eventType=update)]
2021-12-13 18:47:35.497  INFO 21268 --- [Camel (camel-1) thread #2 - rabbitmq://customer] org.apache.camel.Tracing                 : *<-- [route1      ] [from[rabbitmq://customer?autoDele] Exchange[Id: 757B556EC1434ED-0000000000000001, BodyType: com.pluralsight.michaelhoffman.camel.travel.sales.integration.CustomerEvent, Body: CustomerEvent(customerId=1, eventType=update)]
2021-12-13 18:47:35.499  WARN 21268 --- [Camel (camel-1) thread #2 - rabbitmq://customer] o.a.c.c.r.RabbitMQMessagePublisher       : Cannot convert CustomerEvent(customerId=1, eventType=update) to byte[]
