2021-12-13 14:43:29.157  INFO 3328 --- [com.pluralsight.michaelhoffman.camel.travel.customer.integration.CustomerIntegrationServiceApplication.main()] .i.CustomerIntegrationServiceApplication : Starting CustomerIntegrationServiceApplication using Java 11 on nv-hoffman-dell with PID 3328 (C:\dev\pluralsight\fundamentals-of-integration-with-apache-camel\project\fundamentals-of-integration-with-apache-camel\demos\module-5\customer-integration-service\target\classes started by mhoffman in C:\dev\pluralsight\fundamentals-of-integration-with-apache-camel\project\fundamentals-of-integration-with-apache-camel\demos\module-5\customer-integration-service)
2021-12-13 14:43:29.160 DEBUG 3328 --- [com.pluralsight.michaelhoffman.camel.travel.customer.integration.CustomerIntegrationServiceApplication.main()] .i.CustomerIntegrationServiceApplication : Running with Spring Boot v2.5.2, Spring v5.3.8
2021-12-13 14:43:29.161  INFO 3328 --- [com.pluralsight.michaelhoffman.camel.travel.customer.integration.CustomerIntegrationServiceApplication.main()] .i.CustomerIntegrationServiceApplication : No active profile set, falling back to default profiles: default
2021-12-13 14:43:29.202  INFO 3328 --- [com.pluralsight.michaelhoffman.camel.travel.customer.integration.CustomerIntegrationServiceApplication.main()] .e.DevToolsPropertyDefaultsPostProcessor : For additional web related logging consider setting the 'logging.level.web' property to 'DEBUG'
2021-12-13 14:43:30.572  INFO 3328 --- [com.pluralsight.michaelhoffman.camel.travel.customer.integration.CustomerIntegrationServiceApplication.main()] o.s.b.w.embedded.tomcat.TomcatWebServer  : Tomcat initialized with port(s): 8080 (http)
2021-12-13 14:43:30.583  INFO 3328 --- [com.pluralsight.michaelhoffman.camel.travel.customer.integration.CustomerIntegrationServiceApplication.main()] o.apache.catalina.core.StandardService   : Starting service [Tomcat]
2021-12-13 14:43:30.583  INFO 3328 --- [com.pluralsight.michaelhoffman.camel.travel.customer.integration.CustomerIntegrationServiceApplication.main()] org.apache.catalina.core.StandardEngine  : Starting Servlet engine: [Apache Tomcat/9.0.48]
2021-12-13 14:43:30.652  INFO 3328 --- [com.pluralsight.michaelhoffman.camel.travel.customer.integration.CustomerIntegrationServiceApplication.main()] o.a.c.c.C.[Tomcat].[localhost].[/]       : Initializing Spring embedded WebApplicationContext
2021-12-13 14:43:30.653  INFO 3328 --- [com.pluralsight.michaelhoffman.camel.travel.customer.integration.CustomerIntegrationServiceApplication.main()] w.s.c.ServletWebServerApplicationContext : Root WebApplicationContext: initialization completed in 1450 ms
2021-12-13 14:43:30.841  INFO 3328 --- [com.pluralsight.michaelhoffman.camel.travel.customer.integration.CustomerIntegrationServiceApplication.main()] o.s.b.a.e.web.ServletEndpointRegistrar   : Registered '/actuator/jolokia' to jolokia-actuator-endpoint
2021-12-13 14:43:30.894  WARN 3328 --- [com.pluralsight.michaelhoffman.camel.travel.customer.integration.CustomerIntegrationServiceApplication.main()] ConfigServletWebServerApplicationContext : Exception encountered during context initialization - cancelling refresh attempt: org.springframework.beans.factory.BeanCreationException: Error creating bean with name 'customerEventPublisherRoute': Injection of autowired dependencies failed; nested exception is java.lang.IllegalArgumentException: Could not resolve placeholder 'server.port' in value "${server.port}"
2021-12-13 14:43:30.898  INFO 3328 --- [com.pluralsight.michaelhoffman.camel.travel.customer.integration.CustomerIntegrationServiceApplication.main()] o.apache.catalina.core.StandardService   : Stopping service [Tomcat]
2021-12-13 14:43:30.920  INFO 3328 --- [com.pluralsight.michaelhoffman.camel.travel.customer.integration.CustomerIntegrationServiceApplication.main()] ConditionEvaluationReportLoggingListener : 

Error starting ApplicationContext. To display the conditions report re-run your application with 'debug' enabled.
2021-12-13 14:43:30.953 ERROR 3328 --- [com.pluralsight.michaelhoffman.camel.travel.customer.integration.CustomerIntegrationServiceApplication.main()] o.s.boot.SpringApplication               : Application run failed

org.springframework.beans.factory.BeanCreationException: Error creating bean with name 'customerEventPublisherRoute': Injection of autowired dependencies failed; nested exception is java.lang.IllegalArgumentException: Could not resolve placeholder 'server.port' in value "${server.port}"
	at org.springframework.beans.factory.annotation.AutowiredAnnotationBeanPostProcessor.postProcessProperties(AutowiredAnnotationBeanPostProcessor.java:405) ~[spring-beans-5.3.8.jar:5.3.8]
	at org.springframework.beans.factory.support.AbstractAutowireCapableBeanFactory.populateBean(AbstractAutowireCapableBeanFactory.java:1413) ~[spring-beans-5.3.8.jar:5.3.8]
	at org.springframework.beans.factory.support.AbstractAutowireCapableBeanFactory.doCreateBean(AbstractAutowireCapableBeanFactory.java:601) ~[spring-beans-5.3.8.jar:5.3.8]
	at org.springframework.beans.factory.support.AbstractAutowireCapableBeanFactory.createBean(AbstractAutowireCapableBeanFactory.java:524) ~[spring-beans-5.3.8.jar:5.3.8]
	at org.springframework.beans.factory.support.AbstractBeanFactory.lambda$doGetBean$0(AbstractBeanFactory.java:335) ~[spring-beans-5.3.8.jar:5.3.8]
	at org.springframework.beans.factory.support.DefaultSingletonBeanRegistry.getSingleton(DefaultSingletonBeanRegistry.java:234) ~[spring-beans-5.3.8.jar:5.3.8]
	at org.springframework.beans.factory.support.AbstractBeanFactory.doGetBean(AbstractBeanFactory.java:333) ~[spring-beans-5.3.8.jar:5.3.8]
	at org.springframework.beans.factory.support.AbstractBeanFactory.getBean(AbstractBeanFactory.java:208) ~[spring-beans-5.3.8.jar:5.3.8]
	at org.springframework.beans.factory.support.DefaultListableBeanFactory.preInstantiateSingletons(DefaultListableBeanFactory.java:944) ~[spring-beans-5.3.8.jar:5.3.8]
	at org.springframework.context.support.AbstractApplicationContext.finishBeanFactoryInitialization(AbstractApplicationContext.java:918) ~[spring-context-5.3.8.jar:5.3.8]
	at org.springframework.context.support.AbstractApplicationContext.refresh(AbstractApplicationContext.java:583) ~[spring-context-5.3.8.jar:5.3.8]
	at org.springframework.boot.web.servlet.context.ServletWebServerApplicationContext.refresh(ServletWebServerApplicationContext.java:145) ~[spring-boot-2.5.2.jar:2.5.2]
	at org.springframework.boot.SpringApplication.refresh(SpringApplication.java:754) ~[spring-boot-2.5.2.jar:2.5.2]
	at org.springframework.boot.SpringApplication.refreshContext(SpringApplication.java:434) ~[spring-boot-2.5.2.jar:2.5.2]
	at org.springframework.boot.SpringApplication.run(SpringApplication.java:338) ~[spring-boot-2.5.2.jar:2.5.2]
	at org.springframework.boot.SpringApplication.run(SpringApplication.java:1343) ~[spring-boot-2.5.2.jar:2.5.2]
	at org.springframework.boot.SpringApplication.run(SpringApplication.java:1332) ~[spring-boot-2.5.2.jar:2.5.2]
	at com.pluralsight.michaelhoffman.camel.travel.customer.integration.CustomerIntegrationServiceApplication.main(CustomerIntegrationServiceApplication.java:10) ~[classes/:na]
	at org.codehaus.mojo.exec.ExecJavaMojo$1.run(ExecJavaMojo.java:254) ~[na:na]
	at java.base/java.lang.Thread.run(Thread.java:834) ~[na:na]
Caused by: java.lang.IllegalArgumentException: Could not resolve placeholder 'server.port' in value "${server.port}"
	at org.springframework.util.PropertyPlaceholderHelper.parseStringValue(PropertyPlaceholderHelper.java:180) ~[spring-core-5.3.8.jar:5.3.8]
	at org.springframework.util.PropertyPlaceholderHelper.replacePlaceholders(PropertyPlaceholderHelper.java:126) ~[spring-core-5.3.8.jar:5.3.8]
	at org.springframework.core.env.AbstractPropertyResolver.doResolvePlaceholders(AbstractPropertyResolver.java:239) ~[spring-core-5.3.8.jar:5.3.8]
	at org.springframework.core.env.AbstractPropertyResolver.resolveRequiredPlaceholders(AbstractPropertyResolver.java:210) ~[spring-core-5.3.8.jar:5.3.8]
	at org.springframework.context.support.PropertySourcesPlaceholderConfigurer.lambda$processProperties$0(PropertySourcesPlaceholderConfigurer.java:175) ~[spring-context-5.3.8.jar:5.3.8]
	at org.springframework.beans.factory.support.AbstractBeanFactory.resolveEmbeddedValue(AbstractBeanFactory.java:936) ~[spring-beans-5.3.8.jar:5.3.8]
	at org.springframework.beans.factory.support.DefaultListableBeanFactory.doResolveDependency(DefaultListableBeanFactory.java:1321) ~[spring-beans-5.3.8.jar:5.3.8]
	at org.springframework.beans.factory.support.DefaultListableBeanFactory.resolveDependency(DefaultListableBeanFactory.java:1300) ~[spring-beans-5.3.8.jar:5.3.8]
	at org.springframework.beans.factory.annotation.AutowiredAnnotationBeanPostProcessor$AutowiredFieldElement.resolveFieldValue(AutowiredAnnotationBeanPostProcessor.java:657) ~[spring-beans-5.3.8.jar:5.3.8]
	at org.springframework.beans.factory.annotation.AutowiredAnnotationBeanPostProcessor$AutowiredFieldElement.inject(AutowiredAnnotationBeanPostProcessor.java:640) ~[spring-beans-5.3.8.jar:5.3.8]
	at org.springframework.beans.factory.annotation.InjectionMetadata.inject(InjectionMetadata.java:119) ~[spring-beans-5.3.8.jar:5.3.8]
	at org.springframework.beans.factory.annotation.AutowiredAnnotationBeanPostProcessor.postProcessProperties(AutowiredAnnotationBeanPostProcessor.java:399) ~[spring-beans-5.3.8.jar:5.3.8]
	... 19 common frames omitted

2021-12-13 14:44:36.773  INFO 12380 --- [com.pluralsight.michaelhoffman.camel.travel.customer.integration.CustomerIntegrationServiceApplication.main()] .i.CustomerIntegrationServiceApplication : Starting CustomerIntegrationServiceApplication using Java 11 on nv-hoffman-dell with PID 12380 (C:\dev\pluralsight\fundamentals-of-integration-with-apache-camel\project\fundamentals-of-integration-with-apache-camel\demos\module-5\customer-integration-service\target\classes started by mhoffman in C:\dev\pluralsight\fundamentals-of-integration-with-apache-camel\project\fundamentals-of-integration-with-apache-camel\demos\module-5\customer-integration-service)
2021-12-13 14:44:36.777 DEBUG 12380 --- [com.pluralsight.michaelhoffman.camel.travel.customer.integration.CustomerIntegrationServiceApplication.main()] .i.CustomerIntegrationServiceApplication : Running with Spring Boot v2.5.2, Spring v5.3.8
2021-12-13 14:44:36.777  INFO 12380 --- [com.pluralsight.michaelhoffman.camel.travel.customer.integration.CustomerIntegrationServiceApplication.main()] .i.CustomerIntegrationServiceApplication : No active profile set, falling back to default profiles: default
2021-12-13 14:44:36.820  INFO 12380 --- [com.pluralsight.michaelhoffman.camel.travel.customer.integration.CustomerIntegrationServiceApplication.main()] .e.DevToolsPropertyDefaultsPostProcessor : For additional web related logging consider setting the 'logging.level.web' property to 'DEBUG'
2021-12-13 14:44:38.170  INFO 12380 --- [com.pluralsight.michaelhoffman.camel.travel.customer.integration.CustomerIntegrationServiceApplication.main()] o.s.b.w.embedded.tomcat.TomcatWebServer  : Tomcat initialized with port(s): 8082 (http)
2021-12-13 14:44:38.182  INFO 12380 --- [com.pluralsight.michaelhoffman.camel.travel.customer.integration.CustomerIntegrationServiceApplication.main()] o.apache.catalina.core.StandardService   : Starting service [Tomcat]
2021-12-13 14:44:38.183  INFO 12380 --- [com.pluralsight.michaelhoffman.camel.travel.customer.integration.CustomerIntegrationServiceApplication.main()] org.apache.catalina.core.StandardEngine  : Starting Servlet engine: [Apache Tomcat/9.0.48]
2021-12-13 14:44:38.256  INFO 12380 --- [com.pluralsight.michaelhoffman.camel.travel.customer.integration.CustomerIntegrationServiceApplication.main()] o.a.c.c.C.[Tomcat].[localhost].[/]       : Initializing Spring embedded WebApplicationContext
2021-12-13 14:44:38.257  INFO 12380 --- [com.pluralsight.michaelhoffman.camel.travel.customer.integration.CustomerIntegrationServiceApplication.main()] w.s.c.ServletWebServerApplicationContext : Root WebApplicationContext: initialization completed in 1435 ms
2021-12-13 14:44:38.438  INFO 12380 --- [com.pluralsight.michaelhoffman.camel.travel.customer.integration.CustomerIntegrationServiceApplication.main()] o.s.b.a.e.web.ServletEndpointRegistrar   : Registered '/actuator/jolokia' to jolokia-actuator-endpoint
2021-12-13 14:44:39.374  INFO 12380 --- [com.pluralsight.michaelhoffman.camel.travel.customer.integration.CustomerIntegrationServiceApplication.main()] o.s.b.a.e.web.EndpointLinksResolver      : Exposing 15 endpoint(s) beneath base path '/actuator'
2021-12-13 14:44:39.452  INFO 12380 --- [com.pluralsight.michaelhoffman.camel.travel.customer.integration.CustomerIntegrationServiceApplication.main()] o.a.c.c.s.CamelHttpTransportServlet      : Initialized CamelHttpTransportServlet[name=CamelServlet, contextPath=]
2021-12-13 14:44:39.455  INFO 12380 --- [com.pluralsight.michaelhoffman.camel.travel.customer.integration.CustomerIntegrationServiceApplication.main()] o.s.b.w.embedded.tomcat.TomcatWebServer  : Tomcat started on port(s): 8082 (http) with context path ''
2021-12-13 14:44:39.583  INFO 12380 --- [com.pluralsight.michaelhoffman.camel.travel.customer.integration.CustomerIntegrationServiceApplication.main()] o.a.c.management.JmxManagementStrategy   : JMX is enabled
2021-12-13 14:44:39.889  INFO 12380 --- [com.pluralsight.michaelhoffman.camel.travel.customer.integration.CustomerIntegrationServiceApplication.main()] o.a.c.impl.engine.AbstractCamelContext   : Tracing is enabled on CamelContext: camel-1
2021-12-13 14:44:44.126  WARN 12380 --- [com.pluralsight.michaelhoffman.camel.travel.customer.integration.CustomerIntegrationServiceApplication.main()] o.a.c.c.rabbitmq.RabbitMQProducer        : Failed to create connection. It will attempt to connect again when publishing a message.

java.net.ConnectException: Connection refused: connect
	at java.base/java.net.PlainSocketImpl.waitForConnect(Native Method) ~[na:na]
	at java.base/java.net.PlainSocketImpl.socketConnect(PlainSocketImpl.java:107) ~[na:na]
	at java.base/java.net.AbstractPlainSocketImpl.doConnect(AbstractPlainSocketImpl.java:399) ~[na:na]
	at java.base/java.net.AbstractPlainSocketImpl.connectToAddress(AbstractPlainSocketImpl.java:242) ~[na:na]
	at java.base/java.net.AbstractPlainSocketImpl.connect(AbstractPlainSocketImpl.java:224) ~[na:na]
	at java.base/java.net.SocksSocketImpl.connect(SocksSocketImpl.java:403) ~[na:na]
	at java.base/java.net.Socket.connect(Socket.java:591) ~[na:na]
	at com.rabbitmq.client.impl.SocketFrameHandlerFactory.create(SocketFrameHandlerFactory.java:60) ~[amqp-client-5.12.0.jar:5.12.0]
	at com.rabbitmq.client.impl.recovery.RecoveryAwareAMQConnectionFactory.newConnection(RecoveryAwareAMQConnectionFactory.java:62) ~[amqp-client-5.12.0.jar:5.12.0]
	at com.rabbitmq.client.impl.recovery.AutorecoveringConnection.init(AutorecoveringConnection.java:156) ~[amqp-client-5.12.0.jar:5.12.0]
	at com.rabbitmq.client.ConnectionFactory.newConnection(ConnectionFactory.java:1213) ~[amqp-client-5.12.0.jar:5.12.0]
	at com.rabbitmq.client.ConnectionFactory.newConnection(ConnectionFactory.java:1170) ~[amqp-client-5.12.0.jar:5.12.0]
	at com.rabbitmq.client.ConnectionFactory.newConnection(ConnectionFactory.java:1128) ~[amqp-client-5.12.0.jar:5.12.0]
	at com.rabbitmq.client.ConnectionFactory.newConnection(ConnectionFactory.java:1321) ~[amqp-client-5.12.0.jar:5.12.0]
	at org.apache.camel.component.rabbitmq.RabbitMQEndpoint.connect(RabbitMQEndpoint.java:246) ~[camel-rabbitmq-3.11.0.jar:3.11.0]
	at org.apache.camel.component.rabbitmq.RabbitMQProducer.openConnectionAndChannelPool(RabbitMQProducer.java:108) ~[camel-rabbitmq-3.11.0.jar:3.11.0]
	at org.apache.camel.component.rabbitmq.RabbitMQProducer.doStart(RabbitMQProducer.java:163) ~[camel-rabbitmq-3.11.0.jar:3.11.0]
	at org.apache.camel.support.service.BaseService.start(BaseService.java:119) ~[camel-api-3.11.0.jar:3.11.0]
	at org.apache.camel.support.service.ServiceHelper.startService(ServiceHelper.java:113) ~[camel-api-3.11.0.jar:3.11.0]
	at org.apache.camel.impl.engine.AbstractCamelContext.internalAddService(AbstractCamelContext.java:1462) ~[camel-base-engine-3.11.0.jar:3.11.0]
	at org.apache.camel.impl.engine.AbstractCamelContext.addService(AbstractCamelContext.java:1383) ~[camel-base-engine-3.11.0.jar:3.11.0]
	at org.apache.camel.processor.SendProcessor.doStart(SendProcessor.java:247) ~[camel-core-processor-3.11.0.jar:3.11.0]
	at org.apache.camel.support.service.BaseService.start(BaseService.java:119) ~[camel-api-3.11.0.jar:3.11.0]
	at org.apache.camel.support.service.ServiceHelper.startService(ServiceHelper.java:113) ~[camel-api-3.11.0.jar:3.11.0]
	at org.apache.camel.support.service.ServiceHelper.startService(ServiceHelper.java:130) ~[camel-api-3.11.0.jar:3.11.0]
	at org.apache.camel.processor.errorhandler.RedeliveryErrorHandler.doStart(RedeliveryErrorHandler.java:1638) ~[camel-core-processor-3.11.0.jar:3.11.0]
	at org.apache.camel.support.ChildServiceSupport.start(ChildServiceSupport.java:60) ~[camel-support-3.11.0.jar:3.11.0]
	at org.apache.camel.support.service.ServiceHelper.startService(ServiceHelper.java:113) ~[camel-api-3.11.0.jar:3.11.0]
	at org.apache.camel.support.service.ServiceHelper.startService(ServiceHelper.java:130) ~[camel-api-3.11.0.jar:3.11.0]
	at org.apache.camel.impl.engine.DefaultChannel.doStart(DefaultChannel.java:126) ~[camel-base-engine-3.11.0.jar:3.11.0]
	at org.apache.camel.support.service.BaseService.start(BaseService.java:119) ~[camel-api-3.11.0.jar:3.11.0]
	at org.apache.camel.support.service.ServiceHelper.startService(ServiceHelper.java:113) ~[camel-api-3.11.0.jar:3.11.0]
	at org.apache.camel.support.service.ServiceHelper.startService(ServiceHelper.java:116) ~[camel-api-3.11.0.jar:3.11.0]
	at org.apache.camel.support.service.ServiceHelper.startService(ServiceHelper.java:130) ~[camel-api-3.11.0.jar:3.11.0]
	at org.apache.camel.processor.Pipeline.doStart(Pipeline.java:221) ~[camel-core-processor-3.11.0.jar:3.11.0]
	at org.apache.camel.support.service.BaseService.start(BaseService.java:119) ~[camel-api-3.11.0.jar:3.11.0]
	at org.apache.camel.support.service.ServiceHelper.startService(ServiceHelper.java:113) ~[camel-api-3.11.0.jar:3.11.0]
	at org.apache.camel.support.processor.DelegateAsyncProcessor.doStart(DelegateAsyncProcessor.java:89) ~[camel-support-3.11.0.jar:3.11.0]
	at org.apache.camel.support.service.BaseService.start(BaseService.java:119) ~[camel-api-3.11.0.jar:3.11.0]
	at org.apache.camel.support.service.ServiceHelper.startService(ServiceHelper.java:113) ~[camel-api-3.11.0.jar:3.11.0]
	at org.apache.camel.impl.engine.RouteService.startChildServices(RouteService.java:396) ~[camel-base-engine-3.11.0.jar:3.11.0]
	at org.apache.camel.impl.engine.RouteService.doWarmUp(RouteService.java:193) ~[camel-base-engine-3.11.0.jar:3.11.0]
	at org.apache.camel.impl.engine.RouteService.warmUp(RouteService.java:121) ~[camel-base-engine-3.11.0.jar:3.11.0]
	at org.apache.camel.impl.engine.InternalRouteStartupManager.doWarmUpRoutes(InternalRouteStartupManager.java:306) ~[camel-base-engine-3.11.0.jar:3.11.0]
	at org.apache.camel.impl.engine.InternalRouteStartupManager.safelyStartRouteServices(InternalRouteStartupManager.java:189) ~[camel-base-engine-3.11.0.jar:3.11.0]
	at org.apache.camel.impl.engine.InternalRouteStartupManager.doStartOrResumeRoutes(InternalRouteStartupManager.java:147) ~[camel-base-engine-3.11.0.jar:3.11.0]
	at org.apache.camel.impl.engine.AbstractCamelContext.doStartCamel(AbstractCamelContext.java:3166) ~[camel-base-engine-3.11.0.jar:3.11.0]
	at org.apache.camel.impl.engine.AbstractCamelContext.doStartContext(AbstractCamelContext.java:2846) ~[camel-base-engine-3.11.0.jar:3.11.0]
	at org.apache.camel.impl.engine.AbstractCamelContext.doStart(AbstractCamelContext.java:2797) ~[camel-base-engine-3.11.0.jar:3.11.0]
	at org.apache.camel.spring.boot.SpringBootCamelContext.doStart(SpringBootCamelContext.java:43) ~[camel-spring-boot-3.11.0.jar:3.11.0]
	at org.apache.camel.support.service.BaseService.start(BaseService.java:119) ~[camel-api-3.11.0.jar:3.11.0]
	at org.apache.camel.impl.engine.AbstractCamelContext.start(AbstractCamelContext.java:2494) ~[camel-base-engine-3.11.0.jar:3.11.0]
	at org.apache.camel.impl.DefaultCamelContext.start(DefaultCamelContext.java:245) ~[camel-core-engine-3.11.0.jar:3.11.0]
	at org.apache.camel.spring.SpringCamelContext.start(SpringCamelContext.java:119) ~[camel-spring-3.11.0.jar:3.11.0]
	at org.apache.camel.spring.SpringCamelContext.onApplicationEvent(SpringCamelContext.java:151) ~[camel-spring-3.11.0.jar:3.11.0]
	at org.springframework.context.event.SimpleApplicationEventMulticaster.doInvokeListener(SimpleApplicationEventMulticaster.java:176) ~[spring-context-5.3.8.jar:5.3.8]
	at org.springframework.context.event.SimpleApplicationEventMulticaster.invokeListener(SimpleApplicationEventMulticaster.java:169) ~[spring-context-5.3.8.jar:5.3.8]
	at org.springframework.context.event.SimpleApplicationEventMulticaster.multicastEvent(SimpleApplicationEventMulticaster.java:143) ~[spring-context-5.3.8.jar:5.3.8]
	at org.springframework.context.support.AbstractApplicationContext.publishEvent(AbstractApplicationContext.java:421) ~[spring-context-5.3.8.jar:5.3.8]
	at org.springframework.context.support.AbstractApplicationContext.publishEvent(AbstractApplicationContext.java:378) ~[spring-context-5.3.8.jar:5.3.8]
	at org.springframework.context.support.AbstractApplicationContext.finishRefresh(AbstractApplicationContext.java:938) ~[spring-context-5.3.8.jar:5.3.8]
	at org.springframework.context.support.AbstractApplicationContext.refresh(AbstractApplicationContext.java:586) ~[spring-context-5.3.8.jar:5.3.8]
	at org.springframework.boot.web.servlet.context.ServletWebServerApplicationContext.refresh(ServletWebServerApplicationContext.java:145) ~[spring-boot-2.5.2.jar:2.5.2]
	at org.springframework.boot.SpringApplication.refresh(SpringApplication.java:754) ~[spring-boot-2.5.2.jar:2.5.2]
	at org.springframework.boot.SpringApplication.refreshContext(SpringApplication.java:434) ~[spring-boot-2.5.2.jar:2.5.2]
	at org.springframework.boot.SpringApplication.run(SpringApplication.java:338) ~[spring-boot-2.5.2.jar:2.5.2]
	at org.springframework.boot.SpringApplication.run(SpringApplication.java:1343) ~[spring-boot-2.5.2.jar:2.5.2]
	at org.springframework.boot.SpringApplication.run(SpringApplication.java:1332) ~[spring-boot-2.5.2.jar:2.5.2]
	at com.pluralsight.michaelhoffman.camel.travel.customer.integration.CustomerIntegrationServiceApplication.main(CustomerIntegrationServiceApplication.java:10) ~[classes/:na]
	at org.codehaus.mojo.exec.ExecJavaMojo$1.run(ExecJavaMojo.java:254) ~[na:na]
	at java.base/java.lang.Thread.run(Thread.java:834) ~[na:na]

2021-12-13 14:44:44.247  INFO 12380 --- [com.pluralsight.michaelhoffman.camel.travel.customer.integration.CustomerIntegrationServiceApplication.main()] o.a.c.impl.engine.AbstractCamelContext   : Routes startup summary (total:2 started:2)
2021-12-13 14:44:44.247  INFO 12380 --- [com.pluralsight.michaelhoffman.camel.travel.customer.integration.CustomerIntegrationServiceApplication.main()] o.a.c.impl.engine.AbstractCamelContext   :     Started route1 (direct://sendEventToRabbitMQ)
2021-12-13 14:44:44.248  INFO 12380 --- [com.pluralsight.michaelhoffman.camel.travel.customer.integration.CustomerIntegrationServiceApplication.main()] o.a.c.impl.engine.AbstractCamelContext   :     Started route2 (rest://post:/customer-integration:/event)
2021-12-13 14:44:44.248  INFO 12380 --- [com.pluralsight.michaelhoffman.camel.travel.customer.integration.CustomerIntegrationServiceApplication.main()] o.a.c.impl.engine.AbstractCamelContext   : Apache Camel 3.11.0 (camel-1) started in 4s761ms (build:63ms init:339ms start:4s359ms)
2021-12-13 14:44:44.257  INFO 12380 --- [com.pluralsight.michaelhoffman.camel.travel.customer.integration.CustomerIntegrationServiceApplication.main()] .i.CustomerIntegrationServiceApplication : Started CustomerIntegrationServiceApplication in 7.943 seconds (JVM running for 12.97)
2021-12-13 17:44:53.992  INFO 12380 --- [SpringApplicationShutdownHook] o.a.c.impl.engine.AbstractCamelContext   : Apache Camel 3.11.0 (camel-1) shutting down (timeout:45s)
2021-12-13 17:44:54.010  INFO 12380 --- [SpringApplicationShutdownHook] o.a.c.impl.engine.AbstractCamelContext   : Routes shutdown summary (total:2 stopped:2)
2021-12-13 17:44:54.011  INFO 12380 --- [SpringApplicationShutdownHook] o.a.c.impl.engine.AbstractCamelContext   :     Stopped route2 (rest://post:/customer-integration:/event)
2021-12-13 17:44:54.011  INFO 12380 --- [SpringApplicationShutdownHook] o.a.c.impl.engine.AbstractCamelContext   :     Stopped route1 (direct://sendEventToRabbitMQ)
2021-12-13 17:44:54.018  INFO 12380 --- [SpringApplicationShutdownHook] o.a.c.impl.engine.AbstractCamelContext   : Apache Camel 3.11.0 (camel-1) shutdown in 25ms (uptime:3h0m14s)
2021-12-13 17:44:54.326  INFO 12380 --- [SpringApplicationShutdownHook] o.a.c.c.s.CamelHttpTransportServlet      : Destroyed CamelHttpTransportServlet[CamelServlet]
2021-12-13 17:45:02.612  INFO 25872 --- [com.pluralsight.michaelhoffman.camel.travel.customer.integration.CustomerIntegrationServiceApplication.main()] .i.CustomerIntegrationServiceApplication : Starting CustomerIntegrationServiceApplication using Java 11 on nv-hoffman-dell with PID 25872 (C:\dev\pluralsight\fundamentals-of-integration-with-apache-camel\project\fundamentals-of-integration-with-apache-camel\demos\module-5\customer-integration-service\target\classes started by mhoffman in C:\dev\pluralsight\fundamentals-of-integration-with-apache-camel\project\fundamentals-of-integration-with-apache-camel\demos\module-5\customer-integration-service)
2021-12-13 17:45:02.616 DEBUG 25872 --- [com.pluralsight.michaelhoffman.camel.travel.customer.integration.CustomerIntegrationServiceApplication.main()] .i.CustomerIntegrationServiceApplication : Running with Spring Boot v2.5.2, Spring v5.3.8
2021-12-13 17:45:02.616  INFO 25872 --- [com.pluralsight.michaelhoffman.camel.travel.customer.integration.CustomerIntegrationServiceApplication.main()] .i.CustomerIntegrationServiceApplication : No active profile set, falling back to default profiles: default
2021-12-13 17:45:02.662  INFO 25872 --- [com.pluralsight.michaelhoffman.camel.travel.customer.integration.CustomerIntegrationServiceApplication.main()] .e.DevToolsPropertyDefaultsPostProcessor : For additional web related logging consider setting the 'logging.level.web' property to 'DEBUG'
2021-12-13 17:45:04.116  INFO 25872 --- [com.pluralsight.michaelhoffman.camel.travel.customer.integration.CustomerIntegrationServiceApplication.main()] o.s.b.w.embedded.tomcat.TomcatWebServer  : Tomcat initialized with port(s): 8082 (http)
2021-12-13 17:45:04.127  INFO 25872 --- [com.pluralsight.michaelhoffman.camel.travel.customer.integration.CustomerIntegrationServiceApplication.main()] o.apache.catalina.core.StandardService   : Starting service [Tomcat]
2021-12-13 17:45:04.128  INFO 25872 --- [com.pluralsight.michaelhoffman.camel.travel.customer.integration.CustomerIntegrationServiceApplication.main()] org.apache.catalina.core.StandardEngine  : Starting Servlet engine: [Apache Tomcat/9.0.48]
2021-12-13 17:45:04.206  INFO 25872 --- [com.pluralsight.michaelhoffman.camel.travel.customer.integration.CustomerIntegrationServiceApplication.main()] o.a.c.c.C.[Tomcat].[localhost].[/]       : Initializing Spring embedded WebApplicationContext
2021-12-13 17:45:04.207  INFO 25872 --- [com.pluralsight.michaelhoffman.camel.travel.customer.integration.CustomerIntegrationServiceApplication.main()] w.s.c.ServletWebServerApplicationContext : Root WebApplicationContext: initialization completed in 1544 ms
2021-12-13 17:45:04.404  INFO 25872 --- [com.pluralsight.michaelhoffman.camel.travel.customer.integration.CustomerIntegrationServiceApplication.main()] o.s.b.a.e.web.ServletEndpointRegistrar   : Registered '/actuator/jolokia' to jolokia-actuator-endpoint
2021-12-13 17:45:05.343  INFO 25872 --- [com.pluralsight.michaelhoffman.camel.travel.customer.integration.CustomerIntegrationServiceApplication.main()] o.s.b.a.e.web.EndpointLinksResolver      : Exposing 15 endpoint(s) beneath base path '/actuator'
2021-12-13 17:45:05.427  INFO 25872 --- [com.pluralsight.michaelhoffman.camel.travel.customer.integration.CustomerIntegrationServiceApplication.main()] o.a.c.c.s.CamelHttpTransportServlet      : Initialized CamelHttpTransportServlet[name=CamelServlet, contextPath=]
2021-12-13 17:45:05.430  INFO 25872 --- [com.pluralsight.michaelhoffman.camel.travel.customer.integration.CustomerIntegrationServiceApplication.main()] o.s.b.w.embedded.tomcat.TomcatWebServer  : Tomcat started on port(s): 8082 (http) with context path ''
2021-12-13 17:45:05.551  INFO 25872 --- [com.pluralsight.michaelhoffman.camel.travel.customer.integration.CustomerIntegrationServiceApplication.main()] o.a.c.management.JmxManagementStrategy   : JMX is enabled
2021-12-13 17:45:05.844  INFO 25872 --- [com.pluralsight.michaelhoffman.camel.travel.customer.integration.CustomerIntegrationServiceApplication.main()] o.a.c.impl.engine.AbstractCamelContext   : Tracing is enabled on CamelContext: camel-1
2021-12-13 17:45:06.159  INFO 25872 --- [com.pluralsight.michaelhoffman.camel.travel.customer.integration.CustomerIntegrationServiceApplication.main()] o.a.c.impl.engine.AbstractCamelContext   : Routes startup summary (total:2 started:2)
2021-12-13 17:45:06.160  INFO 25872 --- [com.pluralsight.michaelhoffman.camel.travel.customer.integration.CustomerIntegrationServiceApplication.main()] o.a.c.impl.engine.AbstractCamelContext   :     Started route1 (direct://sendEventToRabbitMQ)
2021-12-13 17:45:06.161  INFO 25872 --- [com.pluralsight.michaelhoffman.camel.travel.customer.integration.CustomerIntegrationServiceApplication.main()] o.a.c.impl.engine.AbstractCamelContext   :     Started route2 (rest://post:/customer-integration:/event)
2021-12-13 17:45:06.161  INFO 25872 --- [com.pluralsight.michaelhoffman.camel.travel.customer.integration.CustomerIntegrationServiceApplication.main()] o.a.c.impl.engine.AbstractCamelContext   : Apache Camel 3.11.0 (camel-1) started in 703ms (build:64ms init:321ms start:318ms)
2021-12-13 17:45:06.168  INFO 25872 --- [com.pluralsight.michaelhoffman.camel.travel.customer.integration.CustomerIntegrationServiceApplication.main()] .i.CustomerIntegrationServiceApplication : Started CustomerIntegrationServiceApplication in 4.041 seconds (JVM running for 9.426)
2021-12-13 18:13:22.072  INFO 25872 --- [http-nio-8082-exec-1] o.a.c.c.C.[Tomcat].[localhost].[/]       : Initializing Spring DispatcherServlet 'dispatcherServlet'
2021-12-13 18:13:22.074  INFO 25872 --- [http-nio-8082-exec-1] o.s.web.servlet.DispatcherServlet        : Initializing Servlet 'dispatcherServlet'
2021-12-13 18:13:22.076  INFO 25872 --- [http-nio-8082-exec-1] o.s.web.servlet.DispatcherServlet        : Completed initialization in 2 ms
2021-12-13 18:13:59.422  INFO 25872 --- [SpringApplicationShutdownHook] o.a.c.impl.engine.AbstractCamelContext   : Apache Camel 3.11.0 (camel-1) shutting down (timeout:45s)
2021-12-13 18:13:59.441  INFO 25872 --- [SpringApplicationShutdownHook] o.a.c.impl.engine.AbstractCamelContext   : Routes shutdown summary (total:2 stopped:2)
2021-12-13 18:13:59.441  INFO 25872 --- [SpringApplicationShutdownHook] o.a.c.impl.engine.AbstractCamelContext   :     Stopped route2 (rest://post:/customer-integration:/event)
2021-12-13 18:13:59.441  INFO 25872 --- [SpringApplicationShutdownHook] o.a.c.impl.engine.AbstractCamelContext   :     Stopped route1 (direct://sendEventToRabbitMQ)
2021-12-13 18:13:59.446  INFO 25872 --- [SpringApplicationShutdownHook] o.a.c.impl.engine.AbstractCamelContext   : Apache Camel 3.11.0 (camel-1) shutdown in 23ms (uptime:28m53s)
2021-12-13 18:13:59.747  INFO 25872 --- [SpringApplicationShutdownHook] o.a.c.c.s.CamelHttpTransportServlet      : Destroyed CamelHttpTransportServlet[CamelServlet]
2021-12-13 18:14:58.887  INFO 25824 --- [com.pluralsight.michaelhoffman.camel.travel.customer.integration.CustomerIntegrationServiceApplication.main()] .i.CustomerIntegrationServiceApplication : Starting CustomerIntegrationServiceApplication using Java 11 on nv-hoffman-dell with PID 25824 (C:\dev\pluralsight\fundamentals-of-integration-with-apache-camel\project\fundamentals-of-integration-with-apache-camel\demos\module-5\customer-integration-service\target\classes started by mhoffman in C:\dev\pluralsight\fundamentals-of-integration-with-apache-camel\project\fundamentals-of-integration-with-apache-camel\demos\module-5\customer-integration-service)
2021-12-13 18:14:58.891 DEBUG 25824 --- [com.pluralsight.michaelhoffman.camel.travel.customer.integration.CustomerIntegrationServiceApplication.main()] .i.CustomerIntegrationServiceApplication : Running with Spring Boot v2.5.2, Spring v5.3.8
2021-12-13 18:14:58.892  INFO 25824 --- [com.pluralsight.michaelhoffman.camel.travel.customer.integration.CustomerIntegrationServiceApplication.main()] .i.CustomerIntegrationServiceApplication : No active profile set, falling back to default profiles: default
2021-12-13 18:14:58.938  INFO 25824 --- [com.pluralsight.michaelhoffman.camel.travel.customer.integration.CustomerIntegrationServiceApplication.main()] .e.DevToolsPropertyDefaultsPostProcessor : For additional web related logging consider setting the 'logging.level.web' property to 'DEBUG'
2021-12-13 18:15:00.406  INFO 25824 --- [com.pluralsight.michaelhoffman.camel.travel.customer.integration.CustomerIntegrationServiceApplication.main()] o.s.b.w.embedded.tomcat.TomcatWebServer  : Tomcat initialized with port(s): 8082 (http)
2021-12-13 18:15:00.418  INFO 25824 --- [com.pluralsight.michaelhoffman.camel.travel.customer.integration.CustomerIntegrationServiceApplication.main()] o.apache.catalina.core.StandardService   : Starting service [Tomcat]
2021-12-13 18:15:00.419  INFO 25824 --- [com.pluralsight.michaelhoffman.camel.travel.customer.integration.CustomerIntegrationServiceApplication.main()] org.apache.catalina.core.StandardEngine  : Starting Servlet engine: [Apache Tomcat/9.0.48]
2021-12-13 18:15:00.495  INFO 25824 --- [com.pluralsight.michaelhoffman.camel.travel.customer.integration.CustomerIntegrationServiceApplication.main()] o.a.c.c.C.[Tomcat].[localhost].[/]       : Initializing Spring embedded WebApplicationContext
2021-12-13 18:15:00.496  INFO 25824 --- [com.pluralsight.michaelhoffman.camel.travel.customer.integration.CustomerIntegrationServiceApplication.main()] w.s.c.ServletWebServerApplicationContext : Root WebApplicationContext: initialization completed in 1556 ms
2021-12-13 18:15:00.688  INFO 25824 --- [com.pluralsight.michaelhoffman.camel.travel.customer.integration.CustomerIntegrationServiceApplication.main()] o.s.b.a.e.web.ServletEndpointRegistrar   : Registered '/actuator/jolokia' to jolokia-actuator-endpoint
2021-12-13 18:15:01.609  INFO 25824 --- [com.pluralsight.michaelhoffman.camel.travel.customer.integration.CustomerIntegrationServiceApplication.main()] o.s.b.a.e.web.EndpointLinksResolver      : Exposing 15 endpoint(s) beneath base path '/actuator'
2021-12-13 18:15:01.688  INFO 25824 --- [com.pluralsight.michaelhoffman.camel.travel.customer.integration.CustomerIntegrationServiceApplication.main()] o.a.c.c.s.CamelHttpTransportServlet      : Initialized CamelHttpTransportServlet[name=CamelServlet, contextPath=]
2021-12-13 18:15:01.691  INFO 25824 --- [com.pluralsight.michaelhoffman.camel.travel.customer.integration.CustomerIntegrationServiceApplication.main()] o.s.b.w.embedded.tomcat.TomcatWebServer  : Tomcat started on port(s): 8082 (http) with context path ''
2021-12-13 18:15:01.808  INFO 25824 --- [com.pluralsight.michaelhoffman.camel.travel.customer.integration.CustomerIntegrationServiceApplication.main()] o.a.c.management.JmxManagementStrategy   : JMX is enabled
2021-12-13 18:15:02.096  INFO 25824 --- [com.pluralsight.michaelhoffman.camel.travel.customer.integration.CustomerIntegrationServiceApplication.main()] o.a.c.impl.engine.AbstractCamelContext   : Tracing is enabled on CamelContext: camel-1
2021-12-13 18:15:02.439  INFO 25824 --- [com.pluralsight.michaelhoffman.camel.travel.customer.integration.CustomerIntegrationServiceApplication.main()] o.a.c.impl.engine.AbstractCamelContext   : Routes startup summary (total:2 started:2)
2021-12-13 18:15:02.440  INFO 25824 --- [com.pluralsight.michaelhoffman.camel.travel.customer.integration.CustomerIntegrationServiceApplication.main()] o.a.c.impl.engine.AbstractCamelContext   :     Started route1 (direct://sendEventToRabbitMQ)
2021-12-13 18:15:02.440  INFO 25824 --- [com.pluralsight.michaelhoffman.camel.travel.customer.integration.CustomerIntegrationServiceApplication.main()] o.a.c.impl.engine.AbstractCamelContext   :     Started route2 (rest://post:/customer-integration:/event)
2021-12-13 18:15:02.440  INFO 25824 --- [com.pluralsight.michaelhoffman.camel.travel.customer.integration.CustomerIntegrationServiceApplication.main()] o.a.c.impl.engine.AbstractCamelContext   : Apache Camel 3.11.0 (camel-1) started in 723ms (build:61ms init:318ms start:344ms)
2021-12-13 18:15:02.449  INFO 25824 --- [com.pluralsight.michaelhoffman.camel.travel.customer.integration.CustomerIntegrationServiceApplication.main()] .i.CustomerIntegrationServiceApplication : Started CustomerIntegrationServiceApplication in 4.027 seconds (JVM running for 9.582)
2021-12-13 18:15:08.986  INFO 25824 --- [http-nio-8082-exec-1] org.apache.camel.Tracing                 : *--> [route2      ] [from[rest://post:/customer-integr] Exchange[Id: DA36373DAB2685D-0000000000000000, BodyType: com.pluralsight.michaelhoffman.camel.travel.customer.integration.CustomerEvent, Body: CustomerEvent(customerId=1, eventType=create)]
2021-12-13 18:15:08.988  INFO 25824 --- [http-nio-8082-exec-1] org.apache.camel.Tracing                 :      [route2      ] [removeHeader[CamelHttpMethod]    ] Exchange[Id: DA36373DAB2685D-0000000000000000, BodyType: com.pluralsight.michaelhoffman.camel.travel.customer.integration.CustomerEvent, Body: CustomerEvent(customerId=1, eventType=create)]
2021-12-13 18:15:08.993  INFO 25824 --- [http-nio-8082-exec-1] org.apache.camel.Tracing                 :      [route2      ] [removeHeader[CamelHttpPath]      ] Exchange[Id: DA36373DAB2685D-0000000000000000, BodyType: com.pluralsight.michaelhoffman.camel.travel.customer.integration.CustomerEvent, Body: CustomerEvent(customerId=1, eventType=create)]
2021-12-13 18:15:08.994  INFO 25824 --- [http-nio-8082-exec-1] org.apache.camel.Tracing                 :      [route2      ] [removeHeader[CamelHttpUri]       ] Exchange[Id: DA36373DAB2685D-0000000000000000, BodyType: com.pluralsight.michaelhoffman.camel.travel.customer.integration.CustomerEvent, Body: CustomerEvent(customerId=1, eventType=create)]
2021-12-13 18:15:08.995  INFO 25824 --- [http-nio-8082-exec-1] org.apache.camel.Tracing                 :      [route2      ] [removeHeader[CamelHttpUrl]       ] Exchange[Id: DA36373DAB2685D-0000000000000000, BodyType: com.pluralsight.michaelhoffman.camel.travel.customer.integration.CustomerEvent, Body: CustomerEvent(customerId=1, eventType=create)]
2021-12-13 18:15:08.996  INFO 25824 --- [http-nio-8082-exec-1] org.apache.camel.Tracing                 :      [route2      ] [removeHeader[CamelServletContextP] Exchange[Id: DA36373DAB2685D-0000000000000000, BodyType: com.pluralsight.michaelhoffman.camel.travel.customer.integration.CustomerEvent, Body: CustomerEvent(customerId=1, eventType=create)]
2021-12-13 18:15:08.997  INFO 25824 --- [http-nio-8082-exec-1] org.apache.camel.Tracing                 :      [route2      ] [choice[when[simple{${body.eventTy] Exchange[Id: DA36373DAB2685D-0000000000000000, BodyType: com.pluralsight.michaelhoffman.camel.travel.customer.integration.CustomerEvent, Body: CustomerEvent(customerId=1, eventType=create)]
2021-12-13 18:15:09.010  INFO 25824 --- [http-nio-8082-exec-1] org.apache.camel.Tracing                 :      [route2      ] [setProperty[routingKey]          ] Exchange[Id: DA36373DAB2685D-0000000000000000, BodyType: com.pluralsight.michaelhoffman.camel.travel.customer.integration.CustomerEvent, Body: CustomerEvent(customerId=1, eventType=create)]
2021-12-13 18:15:09.011  INFO 25824 --- [http-nio-8082-exec-1] org.apache.camel.Tracing                 :      [route2      ] [direct:sendEventToRabbitMQ       ] Exchange[Id: DA36373DAB2685D-0000000000000000, BodyType: com.pluralsight.michaelhoffman.camel.travel.customer.integration.CustomerEvent, Body: CustomerEvent(customerId=1, eventType=create)]
2021-12-13 18:15:09.012  INFO 25824 --- [http-nio-8082-exec-1] org.apache.camel.Tracing                 : ---> [route1      ] [from[direct:sendEventToRabbitMQ] ] Exchange[Id: DA36373DAB2685D-0000000000000000, BodyType: com.pluralsight.michaelhoffman.camel.travel.customer.integration.CustomerEvent, Body: CustomerEvent(customerId=1, eventType=create)]
2021-12-13 18:15:09.012  INFO 25824 --- [http-nio-8082-exec-1] org.apache.camel.Tracing                 :      [route1      ] [setHeader[CamelRabbitmqRoutingKey] Exchange[Id: DA36373DAB2685D-0000000000000000, BodyType: com.pluralsight.michaelhoffman.camel.travel.customer.integration.CustomerEvent, Body: CustomerEvent(customerId=1, eventType=create)]
2021-12-13 18:15:09.013  INFO 25824 --- [http-nio-8082-exec-1] org.apache.camel.Tracing                 :      [route1      ] [marshal[org.apache.camel.model.da] Exchange[Id: DA36373DAB2685D-0000000000000000, BodyType: com.pluralsight.michaelhoffman.camel.travel.customer.integration.CustomerEvent, Body: CustomerEvent(customerId=1, eventType=create)]
2021-12-13 18:15:09.032  INFO 25824 --- [http-nio-8082-exec-1] org.apache.camel.Tracing                 :      [route1      ] [rabbitmq:customer?connectionFacto] Exchange[Id: DA36373DAB2685D-0000000000000000, BodyType: byte[], Body: {"customerId":1,"eventType":"create"}]
2021-12-13 18:15:09.491  INFO 25824 --- [Camel (camel-1) thread #0 - RabbitMQReplyManagerTimeoutChecker[customer]] org.apache.camel.Tracing                 : <--- [route1      ] [from[direct://sendEventToRabbitMQ] Exchange[Id: DA36373DAB2685D-0000000000000000, BodyType: byte[], Body: {"customerId":1,"eventType":"create"}]
2021-12-13 18:15:09.497  INFO 25824 --- [Camel (camel-1) thread #0 - RabbitMQReplyManagerTimeoutChecker[customer]] org.apache.camel.Tracing                 : *<-- [route2      ] [from[servlet:/customer-integratio] Exchange[Id: DA36373DAB2685D-0000000000000000, BodyType: byte[], Body: ]
2021-12-13 18:16:06.810  INFO 25824 --- [SpringApplicationShutdownHook] o.a.c.impl.engine.AbstractCamelContext   : Apache Camel 3.11.0 (camel-1) shutting down (timeout:45s)
2021-12-13 18:16:06.836  INFO 25824 --- [SpringApplicationShutdownHook] o.a.c.impl.engine.AbstractCamelContext   : Routes shutdown summary (total:2 stopped:2)
2021-12-13 18:16:06.837  INFO 25824 --- [SpringApplicationShutdownHook] o.a.c.impl.engine.AbstractCamelContext   :     Stopped route2 (rest://post:/customer-integration:/event)
2021-12-13 18:16:06.837  INFO 25824 --- [SpringApplicationShutdownHook] o.a.c.impl.engine.AbstractCamelContext   :     Stopped route1 (direct://sendEventToRabbitMQ)
2021-12-13 18:16:06.842  INFO 25824 --- [SpringApplicationShutdownHook] o.a.c.impl.engine.AbstractCamelContext   : Apache Camel 3.11.0 (camel-1) shutdown in 32ms (uptime:1m4s)
2021-12-13 18:16:07.144  INFO 25824 --- [SpringApplicationShutdownHook] o.a.c.c.s.CamelHttpTransportServlet      : Destroyed CamelHttpTransportServlet[CamelServlet]
2021-12-13 18:34:02.350  INFO 22372 --- [com.pluralsight.michaelhoffman.camel.travel.customer.integration.CustomerIntegrationServiceApplication.main()] .i.CustomerIntegrationServiceApplication : Starting CustomerIntegrationServiceApplication using Java 11 on nv-hoffman-dell with PID 22372 (C:\dev\pluralsight\fundamentals-of-integration-with-apache-camel\project\fundamentals-of-integration-with-apache-camel\demos\module-5\customer-integration-service\target\classes started by mhoffman in C:\dev\pluralsight\fundamentals-of-integration-with-apache-camel\project\fundamentals-of-integration-with-apache-camel\demos\module-5\customer-integration-service)
2021-12-13 18:34:02.354 DEBUG 22372 --- [com.pluralsight.michaelhoffman.camel.travel.customer.integration.CustomerIntegrationServiceApplication.main()] .i.CustomerIntegrationServiceApplication : Running with Spring Boot v2.5.2, Spring v5.3.8
2021-12-13 18:34:02.354  INFO 22372 --- [com.pluralsight.michaelhoffman.camel.travel.customer.integration.CustomerIntegrationServiceApplication.main()] .i.CustomerIntegrationServiceApplication : No active profile set, falling back to default profiles: default
2021-12-13 18:34:02.405  INFO 22372 --- [com.pluralsight.michaelhoffman.camel.travel.customer.integration.CustomerIntegrationServiceApplication.main()] .e.DevToolsPropertyDefaultsPostProcessor : For additional web related logging consider setting the 'logging.level.web' property to 'DEBUG'
2021-12-13 18:34:03.968  INFO 22372 --- [com.pluralsight.michaelhoffman.camel.travel.customer.integration.CustomerIntegrationServiceApplication.main()] o.s.b.w.embedded.tomcat.TomcatWebServer  : Tomcat initialized with port(s): 8082 (http)
2021-12-13 18:34:03.981  INFO 22372 --- [com.pluralsight.michaelhoffman.camel.travel.customer.integration.CustomerIntegrationServiceApplication.main()] o.apache.catalina.core.StandardService   : Starting service [Tomcat]
2021-12-13 18:34:03.982  INFO 22372 --- [com.pluralsight.michaelhoffman.camel.travel.customer.integration.CustomerIntegrationServiceApplication.main()] org.apache.catalina.core.StandardEngine  : Starting Servlet engine: [Apache Tomcat/9.0.48]
2021-12-13 18:34:04.051  INFO 22372 --- [com.pluralsight.michaelhoffman.camel.travel.customer.integration.CustomerIntegrationServiceApplication.main()] o.a.c.c.C.[Tomcat].[localhost].[/]       : Initializing Spring embedded WebApplicationContext
2021-12-13 18:34:04.052  INFO 22372 --- [com.pluralsight.michaelhoffman.camel.travel.customer.integration.CustomerIntegrationServiceApplication.main()] w.s.c.ServletWebServerApplicationContext : Root WebApplicationContext: initialization completed in 1646 ms
2021-12-13 18:34:04.246  INFO 22372 --- [com.pluralsight.michaelhoffman.camel.travel.customer.integration.CustomerIntegrationServiceApplication.main()] o.s.b.a.e.web.ServletEndpointRegistrar   : Registered '/actuator/jolokia' to jolokia-actuator-endpoint
2021-12-13 18:34:05.255  INFO 22372 --- [com.pluralsight.michaelhoffman.camel.travel.customer.integration.CustomerIntegrationServiceApplication.main()] o.s.b.a.e.web.EndpointLinksResolver      : Exposing 15 endpoint(s) beneath base path '/actuator'
2021-12-13 18:34:05.343  INFO 22372 --- [com.pluralsight.michaelhoffman.camel.travel.customer.integration.CustomerIntegrationServiceApplication.main()] o.a.c.c.s.CamelHttpTransportServlet      : Initialized CamelHttpTransportServlet[name=CamelServlet, contextPath=]
2021-12-13 18:34:05.347  INFO 22372 --- [com.pluralsight.michaelhoffman.camel.travel.customer.integration.CustomerIntegrationServiceApplication.main()] o.s.b.w.embedded.tomcat.TomcatWebServer  : Tomcat started on port(s): 8082 (http) with context path ''
2021-12-13 18:34:05.473  INFO 22372 --- [com.pluralsight.michaelhoffman.camel.travel.customer.integration.CustomerIntegrationServiceApplication.main()] o.a.c.management.JmxManagementStrategy   : JMX is enabled
2021-12-13 18:34:05.840  INFO 22372 --- [com.pluralsight.michaelhoffman.camel.travel.customer.integration.CustomerIntegrationServiceApplication.main()] o.a.c.impl.engine.AbstractCamelContext   : Tracing is enabled on CamelContext: camel-1
2021-12-13 18:34:06.272  INFO 22372 --- [com.pluralsight.michaelhoffman.camel.travel.customer.integration.CustomerIntegrationServiceApplication.main()] o.a.c.impl.engine.AbstractCamelContext   : Routes startup summary (total:2 started:2)
2021-12-13 18:34:06.273  INFO 22372 --- [com.pluralsight.michaelhoffman.camel.travel.customer.integration.CustomerIntegrationServiceApplication.main()] o.a.c.impl.engine.AbstractCamelContext   :     Started route1 (direct://sendEventToRabbitMQ)
2021-12-13 18:34:06.273  INFO 22372 --- [com.pluralsight.michaelhoffman.camel.travel.customer.integration.CustomerIntegrationServiceApplication.main()] o.a.c.impl.engine.AbstractCamelContext   :     Started route2 (rest://post:/customer-integration:/event)
2021-12-13 18:34:06.274  INFO 22372 --- [com.pluralsight.michaelhoffman.camel.travel.customer.integration.CustomerIntegrationServiceApplication.main()] o.a.c.impl.engine.AbstractCamelContext   : Apache Camel 3.11.0 (camel-1) started in 907ms (build:73ms init:400ms start:434ms)
2021-12-13 18:34:06.281  INFO 22372 --- [com.pluralsight.michaelhoffman.camel.travel.customer.integration.CustomerIntegrationServiceApplication.main()] .i.CustomerIntegrationServiceApplication : Started CustomerIntegrationServiceApplication in 4.438 seconds (JVM running for 9.984)
2021-12-13 18:38:30.344  INFO 22372 --- [http-nio-8082-exec-2] org.apache.camel.Tracing                 : *--> [route2      ] [from[rest://post:/customer-integr] Exchange[Id: 3F29990901D6789-0000000000000000, BodyType: com.pluralsight.michaelhoffman.camel.travel.customer.integration.CustomerEvent, Body: CustomerEvent(customerId=1, eventType=create)]
2021-12-13 18:38:30.346  INFO 22372 --- [http-nio-8082-exec-2] org.apache.camel.Tracing                 :      [route2      ] [removeHeader[CamelHttpMethod]    ] Exchange[Id: 3F29990901D6789-0000000000000000, BodyType: com.pluralsight.michaelhoffman.camel.travel.customer.integration.CustomerEvent, Body: CustomerEvent(customerId=1, eventType=create)]
2021-12-13 18:38:30.350  INFO 22372 --- [http-nio-8082-exec-2] org.apache.camel.Tracing                 :      [route2      ] [removeHeader[CamelHttpPath]      ] Exchange[Id: 3F29990901D6789-0000000000000000, BodyType: com.pluralsight.michaelhoffman.camel.travel.customer.integration.CustomerEvent, Body: CustomerEvent(customerId=1, eventType=create)]
2021-12-13 18:38:30.351  INFO 22372 --- [http-nio-8082-exec-2] org.apache.camel.Tracing                 :      [route2      ] [removeHeader[CamelHttpUri]       ] Exchange[Id: 3F29990901D6789-0000000000000000, BodyType: com.pluralsight.michaelhoffman.camel.travel.customer.integration.CustomerEvent, Body: CustomerEvent(customerId=1, eventType=create)]
2021-12-13 18:38:30.352  INFO 22372 --- [http-nio-8082-exec-2] org.apache.camel.Tracing                 :      [route2      ] [removeHeader[CamelHttpUrl]       ] Exchange[Id: 3F29990901D6789-0000000000000000, BodyType: com.pluralsight.michaelhoffman.camel.travel.customer.integration.CustomerEvent, Body: CustomerEvent(customerId=1, eventType=create)]
2021-12-13 18:38:30.352  INFO 22372 --- [http-nio-8082-exec-2] org.apache.camel.Tracing                 :      [route2      ] [removeHeader[CamelServletContextP] Exchange[Id: 3F29990901D6789-0000000000000000, BodyType: com.pluralsight.michaelhoffman.camel.travel.customer.integration.CustomerEvent, Body: CustomerEvent(customerId=1, eventType=create)]
2021-12-13 18:38:30.353  INFO 22372 --- [http-nio-8082-exec-2] org.apache.camel.Tracing                 :      [route2      ] [choice[when[simple{${body.eventTy] Exchange[Id: 3F29990901D6789-0000000000000000, BodyType: com.pluralsight.michaelhoffman.camel.travel.customer.integration.CustomerEvent, Body: CustomerEvent(customerId=1, eventType=create)]
2021-12-13 18:38:30.367  INFO 22372 --- [http-nio-8082-exec-2] org.apache.camel.Tracing                 :      [route2      ] [setProperty[routingKey]          ] Exchange[Id: 3F29990901D6789-0000000000000000, BodyType: com.pluralsight.michaelhoffman.camel.travel.customer.integration.CustomerEvent, Body: CustomerEvent(customerId=1, eventType=create)]
2021-12-13 18:38:30.368  INFO 22372 --- [http-nio-8082-exec-2] org.apache.camel.Tracing                 :      [route2      ] [direct:sendEventToRabbitMQ       ] Exchange[Id: 3F29990901D6789-0000000000000000, BodyType: com.pluralsight.michaelhoffman.camel.travel.customer.integration.CustomerEvent, Body: CustomerEvent(customerId=1, eventType=create)]
2021-12-13 18:38:30.369  INFO 22372 --- [http-nio-8082-exec-2] org.apache.camel.Tracing                 : ---> [route1      ] [from[direct:sendEventToRabbitMQ] ] Exchange[Id: 3F29990901D6789-0000000000000000, BodyType: com.pluralsight.michaelhoffman.camel.travel.customer.integration.CustomerEvent, Body: CustomerEvent(customerId=1, eventType=create)]
2021-12-13 18:38:30.369  INFO 22372 --- [http-nio-8082-exec-2] org.apache.camel.Tracing                 :      [route1      ] [setHeader[CamelRabbitmqRoutingKey] Exchange[Id: 3F29990901D6789-0000000000000000, BodyType: com.pluralsight.michaelhoffman.camel.travel.customer.integration.CustomerEvent, Body: CustomerEvent(customerId=1, eventType=create)]
2021-12-13 18:38:30.370  INFO 22372 --- [http-nio-8082-exec-2] org.apache.camel.Tracing                 :      [route1      ] [marshal[org.apache.camel.model.da] Exchange[Id: 3F29990901D6789-0000000000000000, BodyType: com.pluralsight.michaelhoffman.camel.travel.customer.integration.CustomerEvent, Body: CustomerEvent(customerId=1, eventType=create)]
2021-12-13 18:38:30.385  INFO 22372 --- [http-nio-8082-exec-2] org.apache.camel.Tracing                 :      [route1      ] [rabbitmq:customer?connectionFacto] Exchange[Id: 3F29990901D6789-0000000000000000, BodyType: byte[], Body: {"customerId":1,"eventType":"create"}]
2021-12-13 18:38:30.868  INFO 22372 --- [Camel (camel-1) thread #0 - RabbitMQReplyManagerTimeoutChecker[customer]] org.apache.camel.Tracing                 : <--- [route1      ] [from[direct://sendEventToRabbitMQ] Exchange[Id: 3F29990901D6789-0000000000000000, BodyType: byte[], Body: {"customerId":1,"eventType":"create"}]
2021-12-13 18:38:30.877  INFO 22372 --- [Camel (camel-1) thread #0 - RabbitMQReplyManagerTimeoutChecker[customer]] org.apache.camel.Tracing                 : *<-- [route2      ] [from[servlet:/customer-integratio] Exchange[Id: 3F29990901D6789-0000000000000000, BodyType: byte[], Body: ]
2021-12-13 18:47:35.477  INFO 22372 --- [http-nio-8082-exec-3] org.apache.camel.Tracing                 :      [route2      ] [removeHeader[CamelHttpMethod]    ] Exchange[Id: 3F29990901D6789-0000000000000002, BodyType: com.pluralsight.michaelhoffman.camel.travel.customer.integration.CustomerEvent, Body: CustomerEvent(customerId=1, eventType=update)]
2021-12-13 18:47:35.479  INFO 22372 --- [http-nio-8082-exec-3] org.apache.camel.Tracing                 : *--> [route2      ] [from[rest://post:/customer-integr] Exchange[Id: 3F29990901D6789-0000000000000002, BodyType: com.pluralsight.michaelhoffman.camel.travel.customer.integration.CustomerEvent, Body: CustomerEvent(customerId=1, eventType=update)]
2021-12-13 18:47:35.480  INFO 22372 --- [http-nio-8082-exec-3] org.apache.camel.Tracing                 :      [route2      ] [removeHeader[CamelHttpPath]      ] Exchange[Id: 3F29990901D6789-0000000000000002, BodyType: com.pluralsight.michaelhoffman.camel.travel.customer.integration.CustomerEvent, Body: CustomerEvent(customerId=1, eventType=update)]
2021-12-13 18:47:35.481  INFO 22372 --- [http-nio-8082-exec-3] org.apache.camel.Tracing                 :      [route2      ] [removeHeader[CamelHttpUri]       ] Exchange[Id: 3F29990901D6789-0000000000000002, BodyType: com.pluralsight.michaelhoffman.camel.travel.customer.integration.CustomerEvent, Body: CustomerEvent(customerId=1, eventType=update)]
2021-12-13 18:47:35.482  INFO 22372 --- [http-nio-8082-exec-3] org.apache.camel.Tracing                 :      [route2      ] [removeHeader[CamelHttpUrl]       ] Exchange[Id: 3F29990901D6789-0000000000000002, BodyType: com.pluralsight.michaelhoffman.camel.travel.customer.integration.CustomerEvent, Body: CustomerEvent(customerId=1, eventType=update)]
2021-12-13 18:47:35.483  INFO 22372 --- [http-nio-8082-exec-3] org.apache.camel.Tracing                 :      [route2      ] [removeHeader[CamelServletContextP] Exchange[Id: 3F29990901D6789-0000000000000002, BodyType: com.pluralsight.michaelhoffman.camel.travel.customer.integration.CustomerEvent, Body: CustomerEvent(customerId=1, eventType=update)]
2021-12-13 18:47:35.484  INFO 22372 --- [http-nio-8082-exec-3] org.apache.camel.Tracing                 :      [route2      ] [choice[when[simple{${body.eventTy] Exchange[Id: 3F29990901D6789-0000000000000002, BodyType: com.pluralsight.michaelhoffman.camel.travel.customer.integration.CustomerEvent, Body: CustomerEvent(customerId=1, eventType=update)]
2021-12-13 18:47:35.486  INFO 22372 --- [http-nio-8082-exec-3] org.apache.camel.Tracing                 :      [route2      ] [setProperty[routingKey]          ] Exchange[Id: 3F29990901D6789-0000000000000002, BodyType: com.pluralsight.michaelhoffman.camel.travel.customer.integration.CustomerEvent, Body: CustomerEvent(customerId=1, eventType=update)]
2021-12-13 18:47:35.488  INFO 22372 --- [http-nio-8082-exec-3] org.apache.camel.Tracing                 :      [route2      ] [direct:sendEventToRabbitMQ       ] Exchange[Id: 3F29990901D6789-0000000000000002, BodyType: com.pluralsight.michaelhoffman.camel.travel.customer.integration.CustomerEvent, Body: CustomerEvent(customerId=1, eventType=update)]
2021-12-13 18:47:35.488  INFO 22372 --- [http-nio-8082-exec-3] org.apache.camel.Tracing                 :      [route1      ] [setHeader[CamelRabbitmqRoutingKey] Exchange[Id: 3F29990901D6789-0000000000000002, BodyType: com.pluralsight.michaelhoffman.camel.travel.customer.integration.CustomerEvent, Body: CustomerEvent(customerId=1, eventType=update)]
2021-12-13 18:47:35.489  INFO 22372 --- [http-nio-8082-exec-3] org.apache.camel.Tracing                 : ---> [route1      ] [from[direct:sendEventToRabbitMQ] ] Exchange[Id: 3F29990901D6789-0000000000000002, BodyType: com.pluralsight.michaelhoffman.camel.travel.customer.integration.CustomerEvent, Body: CustomerEvent(customerId=1, eventType=update)]
2021-12-13 18:47:35.489  INFO 22372 --- [http-nio-8082-exec-3] org.apache.camel.Tracing                 :      [route1      ] [marshal[org.apache.camel.model.da] Exchange[Id: 3F29990901D6789-0000000000000002, BodyType: com.pluralsight.michaelhoffman.camel.travel.customer.integration.CustomerEvent, Body: CustomerEvent(customerId=1, eventType=update)]
2021-12-13 18:47:35.490  INFO 22372 --- [http-nio-8082-exec-3] org.apache.camel.Tracing                 :      [route1      ] [rabbitmq:customer?connectionFacto] Exchange[Id: 3F29990901D6789-0000000000000002, BodyType: byte[], Body: {"customerId":1,"eventType":"update"}]
2021-12-13 18:47:56.285  WARN 22372 --- [Camel (camel-1) thread #0 - RabbitMQReplyManagerTimeoutChecker[customer]] o.a.c.c.r.reply.ReplyManagerSupport      : Timeout occurred after 20000 millis waiting for reply message with correlationID [Camel-3F29990901D6789-0000000000000003] on destination amq.gen-06dwSgUHnuvdDqJMj4XLQA. Setting ExchangeTimedOutException on (MessageId: 3F29990901D6789-0000000000000002 on ExchangeId: 3F29990901D6789-0000000000000002) and continue routing.
2021-12-13 18:47:56.287 DEBUG 22372 --- [Camel (camel-1) thread #0 - RabbitMQReplyManagerTimeoutChecker[customer]] .p.m.c.t.c.i.CustomerEventPublisherRoute : Failed delivery for (MessageId: 3F29990901D6789-0000000000000002 on ExchangeId: 3F29990901D6789-0000000000000002). On delivery attempt: 0 caught: org.apache.camel.ExchangeTimedOutException: The OUT message was not received within: 20000 millis due reply message with correlationID: Camel-3F29990901D6789-0000000000000003 not received on destination: amq.gen-06dwSgUHnuvdDqJMj4XLQA. Exchange[3F29990901D6789-0000000000000002]
2021-12-13 18:47:56.292 ERROR 22372 --- [Camel (camel-1) thread #0 - RabbitMQReplyManagerTimeoutChecker[customer]] .p.m.c.t.c.i.CustomerEventPublisherRoute : Failed delivery for (MessageId: 3F29990901D6789-0000000000000002 on ExchangeId: 3F29990901D6789-0000000000000002). Exhausted after delivery attempt: 1 caught: org.apache.camel.ExchangeTimedOutException: The OUT message was not received within: 20000 millis due reply message with correlationID: Camel-3F29990901D6789-0000000000000003 not received on destination: amq.gen-06dwSgUHnuvdDqJMj4XLQA. Exchange[3F29990901D6789-0000000000000002]

Message History (complete message history is disabled)
---------------------------------------------------------------------------------------------------------------------------------------
RouteId              ProcessorId          Processor                                                                        Elapsed (ms)
[route2            ] [route2            ] [from[servlet:/customer-integration/event?httpMethodRestrict=POST]             ] [     20812]
	...
[route1            ] [to1               ] [rabbitmq:customer?connectionFactory=#rabbitConnectionFactory&autoDelete=false&] [         0]

Stacktrace
---------------------------------------------------------------------------------------------------------------------------------------


org.apache.camel.ExchangeTimedOutException: The OUT message was not received within: 20000 millis due reply message with correlationID: Camel-3F29990901D6789-0000000000000003 not received on destination: amq.gen-06dwSgUHnuvdDqJMj4XLQA. Exchange[3F29990901D6789-0000000000000002]
	at org.apache.camel.component.rabbitmq.reply.ReplyManagerSupport.processReply(ReplyManagerSupport.java:170) ~[camel-rabbitmq-3.11.0.jar:3.11.0]
	at org.apache.camel.component.rabbitmq.reply.TemporaryQueueReplyHandler.onTimeout(TemporaryQueueReplyHandler.java:67) ~[camel-rabbitmq-3.11.0.jar:3.11.0]
	at org.apache.camel.component.rabbitmq.reply.CorrelationTimeoutMap.listener(CorrelationTimeoutMap.java:49) ~[camel-rabbitmq-3.11.0.jar:3.11.0]
	at org.apache.camel.support.DefaultTimeoutMap.emitEvent(DefaultTimeoutMap.java:235) ~[camel-support-3.11.0.jar:3.11.0]
	at org.apache.camel.support.DefaultTimeoutMap.purge(DefaultTimeoutMap.java:204) ~[camel-support-3.11.0.jar:3.11.0]
	at org.apache.camel.support.DefaultTimeoutMap.purgeTask(DefaultTimeoutMap.java:163) ~[camel-support-3.11.0.jar:3.11.0]
	at java.base/java.util.concurrent.Executors$RunnableAdapter.call(Executors.java:515) ~[na:na]
	at java.base/java.util.concurrent.FutureTask.runAndReset(FutureTask.java:305) ~[na:na]
	at java.base/java.util.concurrent.ScheduledThreadPoolExecutor$ScheduledFutureTask.run(ScheduledThreadPoolExecutor.java:305) ~[na:na]
	at java.base/java.util.concurrent.ThreadPoolExecutor.runWorker(ThreadPoolExecutor.java:1128) ~[na:na]
	at java.base/java.util.concurrent.ThreadPoolExecutor$Worker.run(ThreadPoolExecutor.java:628) ~[na:na]
	at java.base/java.lang.Thread.run(Thread.java:834) ~[na:na]

2021-12-13 18:47:56.303  INFO 22372 --- [Camel (camel-1) thread #0 - RabbitMQReplyManagerTimeoutChecker[customer]] org.apache.camel.Tracing                 : <--- [route1      ] [from[direct://sendEventToRabbitMQ] Exchange[Id: 3F29990901D6789-0000000000000002, BodyType: byte[], Body: {"customerId":1,"eventType":"update"}]
2021-12-13 18:47:56.303  INFO 22372 --- [Camel (camel-1) thread #0 - RabbitMQReplyManagerTimeoutChecker[customer]] org.apache.camel.Tracing                 : *<-- [route2      ] [from[servlet:/customer-integratio] Exchange[Id: 3F29990901D6789-0000000000000002, BodyType: byte[], Body: {"customerId":1,"eventType":"update"}]
